[0.101s] DEBUG:colcon:Command line arguments: ['/usr/bin/colcon', 'build']
[0.101s] DEBUG:colcon:Parsed command line arguments: Namespace(log_base=None, log_level=None, verb_name='build', build_base='build', install_base='install', merge_install=False, symlink_install=False, test_result_base=None, continue_on_error=False, executor='parallel', parallel_workers=16, event_handlers=None, ignore_user_meta=False, metas=['./colcon.meta'], base_paths=['.'], packages_ignore=None, packages_ignore_regex=None, paths=None, packages_up_to=None, packages_up_to_regex=None, packages_above=None, packages_above_and_dependencies=None, packages_above_depth=None, packages_select_by_dep=None, packages_skip_by_dep=None, packages_skip_up_to=None, packages_select_build_failed=False, packages_skip_build_finished=False, packages_select_test_failures=False, packages_skip_test_passed=False, packages_select=None, packages_skip=None, packages_select_regex=None, packages_skip_regex=None, packages_start=None, packages_end=None, allow_overriding=[], cmake_args=None, cmake_target=None, cmake_target_skip_unavailable=False, cmake_clean_cache=False, cmake_clean_first=False, cmake_force_configure=False, ament_cmake_args=None, catkin_cmake_args=None, catkin_skip_building_tests=False, mixin_files=None, mixin=None, verb_parser=<colcon_mixin.mixin.mixin_argument.MixinArgumentDecorator object at 0x7f7d12133670>, verb_extension=<colcon_core.verb.build.BuildVerb object at 0x7f7d122e0700>, main=<bound method BuildVerb.main of <colcon_core.verb.build.BuildVerb object at 0x7f7d122e0700>>, mixin_verb=('build',))
[0.252s] Level 1:colcon.colcon_core.package_discovery:discover_packages(colcon_meta) check parameters
[0.252s] Level 1:colcon.colcon_core.package_discovery:discover_packages(recursive) check parameters
[0.252s] Level 1:colcon.colcon_core.package_discovery:discover_packages(ignore) check parameters
[0.252s] Level 1:colcon.colcon_core.package_discovery:discover_packages(path) check parameters
[0.252s] Level 1:colcon.colcon_core.package_discovery:discover_packages(colcon_meta) discover
[0.252s] Level 1:colcon.colcon_core.package_discovery:discover_packages(recursive) discover
[0.252s] INFO:colcon.colcon_core.package_discovery:Crawling recursively for packages in '/home/janperenic/moveit2'
[0.252s] Level 1:colcon.colcon_core.package_identification:_identify(.) by extensions ['ignore', 'ignore_ament_install']
[0.252s] Level 1:colcon.colcon_core.package_identification:_identify(.) by extension 'ignore'
[0.252s] Level 1:colcon.colcon_core.package_identification:_identify(.) by extension 'ignore_ament_install'
[0.252s] Level 1:colcon.colcon_core.package_identification:_identify(.) by extensions ['colcon_pkg']
[0.252s] Level 1:colcon.colcon_core.package_identification:_identify(.) by extension 'colcon_pkg'
[0.252s] Level 1:colcon.colcon_core.package_identification:_identify(.) by extensions ['colcon_meta']
[0.252s] Level 1:colcon.colcon_core.package_identification:_identify(.) by extension 'colcon_meta'
[0.252s] Level 1:colcon.colcon_core.package_identification:_identify(.) by extensions ['ros']
[0.253s] Level 1:colcon.colcon_core.package_identification:_identify(.) by extension 'ros'
[0.262s] Level 1:colcon.colcon_core.package_identification:_identify(.) by extensions ['cmake', 'python']
[0.262s] Level 1:colcon.colcon_core.package_identification:_identify(.) by extension 'cmake'
[0.262s] Level 1:colcon.colcon_core.package_identification:_identify(.) by extension 'python'
[0.262s] Level 1:colcon.colcon_core.package_identification:_identify(.) by extensions ['python_setup_py']
[0.262s] Level 1:colcon.colcon_core.package_identification:_identify(.) by extension 'python_setup_py'
[0.262s] Level 1:colcon.colcon_core.package_identification:_identify(build) by extensions ['ignore', 'ignore_ament_install']
[0.263s] Level 1:colcon.colcon_core.package_identification:_identify(build) by extension 'ignore'
[0.263s] Level 1:colcon.colcon_core.package_identification:_identify(build) ignored
[0.263s] Level 1:colcon.colcon_core.package_identification:_identify(install) by extensions ['ignore', 'ignore_ament_install']
[0.263s] Level 1:colcon.colcon_core.package_identification:_identify(install) by extension 'ignore'
[0.263s] Level 1:colcon.colcon_core.package_identification:_identify(install) ignored
[0.263s] Level 1:colcon.colcon_core.package_identification:_identify(log) by extensions ['ignore', 'ignore_ament_install']
[0.263s] Level 1:colcon.colcon_core.package_identification:_identify(log) by extension 'ignore'
[0.263s] Level 1:colcon.colcon_core.package_identification:_identify(log) ignored
[0.263s] Level 1:colcon.colcon_core.package_identification:_identify(src) by extensions ['ignore', 'ignore_ament_install']
[0.263s] Level 1:colcon.colcon_core.package_identification:_identify(src) by extension 'ignore'
[0.263s] Level 1:colcon.colcon_core.package_identification:_identify(src) by extension 'ignore_ament_install'
[0.263s] Level 1:colcon.colcon_core.package_identification:_identify(src) by extensions ['colcon_pkg']
[0.263s] Level 1:colcon.colcon_core.package_identification:_identify(src) by extension 'colcon_pkg'
[0.263s] Level 1:colcon.colcon_core.package_identification:_identify(src) by extensions ['colcon_meta']
[0.263s] Level 1:colcon.colcon_core.package_identification:_identify(src) by extension 'colcon_meta'
[0.263s] Level 1:colcon.colcon_core.package_identification:_identify(src) by extensions ['ros']
[0.263s] Level 1:colcon.colcon_core.package_identification:_identify(src) by extension 'ros'
[0.263s] Level 1:colcon.colcon_core.package_identification:_identify(src) by extensions ['cmake', 'python']
[0.263s] Level 1:colcon.colcon_core.package_identification:_identify(src) by extension 'cmake'
[0.263s] Level 1:colcon.colcon_core.package_identification:_identify(src) by extension 'python'
[0.263s] Level 1:colcon.colcon_core.package_identification:_identify(src) by extensions ['python_setup_py']
[0.263s] Level 1:colcon.colcon_core.package_identification:_identify(src) by extension 'python_setup_py'
[0.264s] Level 1:colcon.colcon_core.package_identification:_identify(src/hc10dt_moveit_config) by extensions ['ignore', 'ignore_ament_install']
[0.264s] Level 1:colcon.colcon_core.package_identification:_identify(src/hc10dt_moveit_config) by extension 'ignore'
[0.264s] Level 1:colcon.colcon_core.package_identification:_identify(src/hc10dt_moveit_config) by extension 'ignore_ament_install'
[0.264s] Level 1:colcon.colcon_core.package_identification:_identify(src/hc10dt_moveit_config) by extensions ['colcon_pkg']
[0.264s] Level 1:colcon.colcon_core.package_identification:_identify(src/hc10dt_moveit_config) by extension 'colcon_pkg'
[0.264s] Level 1:colcon.colcon_core.package_identification:_identify(src/hc10dt_moveit_config) by extensions ['colcon_meta']
[0.264s] Level 1:colcon.colcon_core.package_identification:_identify(src/hc10dt_moveit_config) by extension 'colcon_meta'
[0.264s] Level 1:colcon.colcon_core.package_identification:_identify(src/hc10dt_moveit_config) by extensions ['ros']
[0.264s] Level 1:colcon.colcon_core.package_identification:_identify(src/hc10dt_moveit_config) by extension 'ros'
[0.281s] DEBUG:colcon.colcon_core.package_identification:Package 'src/hc10dt_moveit_config' with type 'ros.ament_cmake' and name 'hc10dt_moveit_config'
[0.282s] Level 1:colcon.colcon_core.package_identification:_identify(src/hello_moveit) by extensions ['ignore', 'ignore_ament_install']
[0.282s] Level 1:colcon.colcon_core.package_identification:_identify(src/hello_moveit) by extension 'ignore'
[0.282s] Level 1:colcon.colcon_core.package_identification:_identify(src/hello_moveit) by extension 'ignore_ament_install'
[0.282s] Level 1:colcon.colcon_core.package_identification:_identify(src/hello_moveit) by extensions ['colcon_pkg']
[0.282s] Level 1:colcon.colcon_core.package_identification:_identify(src/hello_moveit) by extension 'colcon_pkg'
[0.282s] Level 1:colcon.colcon_core.package_identification:_identify(src/hello_moveit) by extensions ['colcon_meta']
[0.282s] Level 1:colcon.colcon_core.package_identification:_identify(src/hello_moveit) by extension 'colcon_meta'
[0.282s] Level 1:colcon.colcon_core.package_identification:_identify(src/hello_moveit) by extensions ['ros']
[0.282s] Level 1:colcon.colcon_core.package_identification:_identify(src/hello_moveit) by extension 'ros'
[0.283s] DEBUG:colcon.colcon_core.package_identification:Package 'src/hello_moveit' with type 'ros.ament_cmake' and name 'hello_moveit'
[0.283s] Level 1:colcon.colcon_core.package_identification:_identify(src/motion_planning_python_api) by extensions ['ignore', 'ignore_ament_install']
[0.283s] Level 1:colcon.colcon_core.package_identification:_identify(src/motion_planning_python_api) by extension 'ignore'
[0.283s] Level 1:colcon.colcon_core.package_identification:_identify(src/motion_planning_python_api) by extension 'ignore_ament_install'
[0.283s] Level 1:colcon.colcon_core.package_identification:_identify(src/motion_planning_python_api) by extensions ['colcon_pkg']
[0.283s] Level 1:colcon.colcon_core.package_identification:_identify(src/motion_planning_python_api) by extension 'colcon_pkg'
[0.283s] Level 1:colcon.colcon_core.package_identification:_identify(src/motion_planning_python_api) by extensions ['colcon_meta']
[0.283s] Level 1:colcon.colcon_core.package_identification:_identify(src/motion_planning_python_api) by extension 'colcon_meta'
[0.283s] Level 1:colcon.colcon_core.package_identification:_identify(src/motion_planning_python_api) by extensions ['ros']
[0.283s] Level 1:colcon.colcon_core.package_identification:_identify(src/motion_planning_python_api) by extension 'ros'
[0.283s] DEBUG:colcon.colcon_core.package_identification:Package 'src/motion_planning_python_api' with type 'ros.ament_cmake' and name 'motion_planning_python_api'
[0.284s] Level 1:colcon.colcon_core.package_discovery:discover_packages(recursive) using defaults
[0.284s] Level 1:colcon.colcon_core.package_discovery:discover_packages(ignore) discover
[0.284s] Level 1:colcon.colcon_core.package_discovery:discover_packages(ignore) using defaults
[0.284s] Level 1:colcon.colcon_core.package_discovery:discover_packages(path) discover
[0.284s] Level 1:colcon.colcon_core.package_discovery:discover_packages(path) using defaults
[0.301s] Level 1:colcon.colcon_core.package_discovery:discover_packages(prefix_path) check parameters
[0.301s] Level 1:colcon.colcon_core.package_discovery:discover_packages(prefix_path) discover
[0.302s] DEBUG:colcon.colcon_installed_package_information.package_discovery:Found 3 installed packages in /home/janperenic/moveit2/install
[0.304s] DEBUG:colcon.colcon_installed_package_information.package_discovery:Found 370 installed packages in /opt/ros/humble
[0.305s] Level 1:colcon.colcon_core.package_discovery:discover_packages(prefix_path) using defaults
[0.354s] Level 5:colcon.colcon_core.verb:set package 'hc10dt_moveit_config' build argument 'cmake_args' from command line to 'None'
[0.354s] Level 5:colcon.colcon_core.verb:set package 'hc10dt_moveit_config' build argument 'cmake_target' from command line to 'None'
[0.354s] Level 5:colcon.colcon_core.verb:set package 'hc10dt_moveit_config' build argument 'cmake_target_skip_unavailable' from command line to 'False'
[0.354s] Level 5:colcon.colcon_core.verb:set package 'hc10dt_moveit_config' build argument 'cmake_clean_cache' from command line to 'False'
[0.354s] Level 5:colcon.colcon_core.verb:set package 'hc10dt_moveit_config' build argument 'cmake_clean_first' from command line to 'False'
[0.354s] Level 5:colcon.colcon_core.verb:set package 'hc10dt_moveit_config' build argument 'cmake_force_configure' from command line to 'False'
[0.354s] Level 5:colcon.colcon_core.verb:set package 'hc10dt_moveit_config' build argument 'ament_cmake_args' from command line to 'None'
[0.354s] Level 5:colcon.colcon_core.verb:set package 'hc10dt_moveit_config' build argument 'catkin_cmake_args' from command line to 'None'
[0.354s] Level 5:colcon.colcon_core.verb:set package 'hc10dt_moveit_config' build argument 'catkin_skip_building_tests' from command line to 'False'
[0.354s] DEBUG:colcon.colcon_core.verb:Building package 'hc10dt_moveit_config' with the following arguments: {'ament_cmake_args': None, 'build_base': '/home/janperenic/moveit2/build/hc10dt_moveit_config', 'catkin_cmake_args': None, 'catkin_skip_building_tests': False, 'cmake_args': None, 'cmake_clean_cache': False, 'cmake_clean_first': False, 'cmake_force_configure': False, 'cmake_target': None, 'cmake_target_skip_unavailable': False, 'install_base': '/home/janperenic/moveit2/install/hc10dt_moveit_config', 'merge_install': False, 'path': '/home/janperenic/moveit2/src/hc10dt_moveit_config', 'symlink_install': False, 'test_result_base': None}
[0.354s] Level 5:colcon.colcon_core.verb:set package 'hello_moveit' build argument 'cmake_args' from command line to 'None'
[0.354s] Level 5:colcon.colcon_core.verb:set package 'hello_moveit' build argument 'cmake_target' from command line to 'None'
[0.354s] Level 5:colcon.colcon_core.verb:set package 'hello_moveit' build argument 'cmake_target_skip_unavailable' from command line to 'False'
[0.354s] Level 5:colcon.colcon_core.verb:set package 'hello_moveit' build argument 'cmake_clean_cache' from command line to 'False'
[0.354s] Level 5:colcon.colcon_core.verb:set package 'hello_moveit' build argument 'cmake_clean_first' from command line to 'False'
[0.354s] Level 5:colcon.colcon_core.verb:set package 'hello_moveit' build argument 'cmake_force_configure' from command line to 'False'
[0.354s] Level 5:colcon.colcon_core.verb:set package 'hello_moveit' build argument 'ament_cmake_args' from command line to 'None'
[0.354s] Level 5:colcon.colcon_core.verb:set package 'hello_moveit' build argument 'catkin_cmake_args' from command line to 'None'
[0.354s] Level 5:colcon.colcon_core.verb:set package 'hello_moveit' build argument 'catkin_skip_building_tests' from command line to 'False'
[0.354s] DEBUG:colcon.colcon_core.verb:Building package 'hello_moveit' with the following arguments: {'ament_cmake_args': None, 'build_base': '/home/janperenic/moveit2/build/hello_moveit', 'catkin_cmake_args': None, 'catkin_skip_building_tests': False, 'cmake_args': None, 'cmake_clean_cache': False, 'cmake_clean_first': False, 'cmake_force_configure': False, 'cmake_target': None, 'cmake_target_skip_unavailable': False, 'install_base': '/home/janperenic/moveit2/install/hello_moveit', 'merge_install': False, 'path': '/home/janperenic/moveit2/src/hello_moveit', 'symlink_install': False, 'test_result_base': None}
[0.355s] Level 5:colcon.colcon_core.verb:set package 'motion_planning_python_api' build argument 'cmake_args' from command line to 'None'
[0.355s] Level 5:colcon.colcon_core.verb:set package 'motion_planning_python_api' build argument 'cmake_target' from command line to 'None'
[0.355s] Level 5:colcon.colcon_core.verb:set package 'motion_planning_python_api' build argument 'cmake_target_skip_unavailable' from command line to 'False'
[0.355s] Level 5:colcon.colcon_core.verb:set package 'motion_planning_python_api' build argument 'cmake_clean_cache' from command line to 'False'
[0.355s] Level 5:colcon.colcon_core.verb:set package 'motion_planning_python_api' build argument 'cmake_clean_first' from command line to 'False'
[0.355s] Level 5:colcon.colcon_core.verb:set package 'motion_planning_python_api' build argument 'cmake_force_configure' from command line to 'False'
[0.355s] Level 5:colcon.colcon_core.verb:set package 'motion_planning_python_api' build argument 'ament_cmake_args' from command line to 'None'
[0.355s] Level 5:colcon.colcon_core.verb:set package 'motion_planning_python_api' build argument 'catkin_cmake_args' from command line to 'None'
[0.355s] Level 5:colcon.colcon_core.verb:set package 'motion_planning_python_api' build argument 'catkin_skip_building_tests' from command line to 'False'
[0.355s] DEBUG:colcon.colcon_core.verb:Building package 'motion_planning_python_api' with the following arguments: {'ament_cmake_args': None, 'build_base': '/home/janperenic/moveit2/build/motion_planning_python_api', 'catkin_cmake_args': None, 'catkin_skip_building_tests': False, 'cmake_args': None, 'cmake_clean_cache': False, 'cmake_clean_first': False, 'cmake_force_configure': False, 'cmake_target': None, 'cmake_target_skip_unavailable': False, 'install_base': '/home/janperenic/moveit2/install/motion_planning_python_api', 'merge_install': False, 'path': '/home/janperenic/moveit2/src/motion_planning_python_api', 'symlink_install': False, 'test_result_base': None}
[0.355s] INFO:colcon.colcon_core.executor:Executing jobs using 'parallel' executor
[0.356s] DEBUG:colcon.colcon_parallel_executor.executor.parallel:run_until_complete
[0.356s] INFO:colcon.colcon_ros.task.ament_cmake.build:Building ROS package in '/home/janperenic/moveit2/src/hc10dt_moveit_config' with build type 'ament_cmake'
[0.356s] INFO:colcon.colcon_cmake.task.cmake.build:Building CMake package in '/home/janperenic/moveit2/src/hc10dt_moveit_config'
[0.358s] INFO:colcon.colcon_core.plugin_system:Skipping extension 'colcon_core.shell.bat': Not used on non-Windows systems
[0.358s] INFO:colcon.colcon_core.shell:Skip shell extension 'powershell' for command environment: Not usable outside of PowerShell
[0.358s] DEBUG:colcon.colcon_core.shell:Skip shell extension 'dsv' for command environment
[0.362s] INFO:colcon.colcon_ros.task.ament_cmake.build:Building ROS package in '/home/janperenic/moveit2/src/hello_moveit' with build type 'ament_cmake'
[0.362s] INFO:colcon.colcon_cmake.task.cmake.build:Building CMake package in '/home/janperenic/moveit2/src/hello_moveit'
[0.362s] INFO:colcon.colcon_core.shell:Skip shell extension 'powershell' for command environment: Not usable outside of PowerShell
[0.362s] DEBUG:colcon.colcon_core.shell:Skip shell extension 'dsv' for command environment
[0.365s] INFO:colcon.colcon_ros.task.ament_cmake.build:Building ROS package in '/home/janperenic/moveit2/src/motion_planning_python_api' with build type 'ament_cmake'
[0.365s] INFO:colcon.colcon_cmake.task.cmake.build:Building CMake package in '/home/janperenic/moveit2/src/motion_planning_python_api'
[0.365s] INFO:colcon.colcon_core.shell:Skip shell extension 'powershell' for command environment: Not usable outside of PowerShell
[0.365s] DEBUG:colcon.colcon_core.shell:Skip shell extension 'dsv' for command environment
[0.373s] DEBUG:colcon.colcon_core.event_handler.log_command:Invoking command in '/home/janperenic/moveit2/build/hc10dt_moveit_config': CMAKE_PREFIX_PATH=${CMAKE_PREFIX_PATH}:/opt/ros/humble /usr/bin/cmake --build /home/janperenic/moveit2/build/hc10dt_moveit_config -- -j16 -l16
[0.376s] DEBUG:colcon.colcon_core.event_handler.log_command:Invoking command in '/home/janperenic/moveit2/build/hello_moveit': CMAKE_PREFIX_PATH=${CMAKE_PREFIX_PATH}:/opt/ros/humble /usr/bin/cmake /home/janperenic/moveit2/src/hello_moveit -DCMAKE_INSTALL_PREFIX=/home/janperenic/moveit2/install/hello_moveit
[0.379s] DEBUG:colcon.colcon_core.event_handler.log_command:Invoking command in '/home/janperenic/moveit2/build/motion_planning_python_api': CMAKE_PREFIX_PATH=${CMAKE_PREFIX_PATH}:/opt/ros/humble /usr/bin/cmake --build /home/janperenic/moveit2/build/motion_planning_python_api -- -j16 -l16
[0.416s] DEBUG:colcon.colcon_core.event_handler.log_command:Invoked command in '/home/janperenic/moveit2/build/hc10dt_moveit_config' returned '0': CMAKE_PREFIX_PATH=${CMAKE_PREFIX_PATH}:/opt/ros/humble /usr/bin/cmake --build /home/janperenic/moveit2/build/hc10dt_moveit_config -- -j16 -l16
[0.418s] DEBUG:colcon.colcon_core.event_handler.log_command:Invoked command in '/home/janperenic/moveit2/build/motion_planning_python_api' returned '0': CMAKE_PREFIX_PATH=${CMAKE_PREFIX_PATH}:/opt/ros/humble /usr/bin/cmake --build /home/janperenic/moveit2/build/motion_planning_python_api -- -j16 -l16
[0.451s] DEBUG:colcon.colcon_core.event_handler.log_command:Invoking command in '/home/janperenic/moveit2/build/hc10dt_moveit_config': CMAKE_PREFIX_PATH=${CMAKE_PREFIX_PATH}:/opt/ros/humble /usr/bin/cmake --install /home/janperenic/moveit2/build/hc10dt_moveit_config
[0.453s] DEBUG:colcon.colcon_core.event_handler.log_command:Invoking command in '/home/janperenic/moveit2/build/motion_planning_python_api': CMAKE_PREFIX_PATH=${CMAKE_PREFIX_PATH}:/opt/ros/humble /usr/bin/cmake --install /home/janperenic/moveit2/build/motion_planning_python_api
[0.481s] Level 1:colcon.colcon_core.environment:create_environment_scripts_only(hc10dt_moveit_config)
[0.482s] DEBUG:colcon.colcon_core.event_handler.log_command:Invoked command in '/home/janperenic/moveit2/build/hc10dt_moveit_config' returned '0': CMAKE_PREFIX_PATH=${CMAKE_PREFIX_PATH}:/opt/ros/humble /usr/bin/cmake --install /home/janperenic/moveit2/build/hc10dt_moveit_config
[0.485s] Level 1:colcon.colcon_core.environment:checking '/home/janperenic/moveit2/install/hc10dt_moveit_config' for CMake module files
[0.485s] Level 1:colcon.colcon_core.environment:checking '/home/janperenic/moveit2/install/hc10dt_moveit_config' for CMake config files
[0.486s] Level 1:colcon.colcon_core.shell:create_environment_hook('hc10dt_moveit_config', 'cmake_prefix_path')
[0.486s] INFO:colcon.colcon_core.shell:Creating environment hook '/home/janperenic/moveit2/install/hc10dt_moveit_config/share/hc10dt_moveit_config/hook/cmake_prefix_path.ps1'
[0.487s] INFO:colcon.colcon_core.shell:Creating environment descriptor '/home/janperenic/moveit2/install/hc10dt_moveit_config/share/hc10dt_moveit_config/hook/cmake_prefix_path.dsv'
[0.487s] INFO:colcon.colcon_core.shell:Creating environment hook '/home/janperenic/moveit2/install/hc10dt_moveit_config/share/hc10dt_moveit_config/hook/cmake_prefix_path.sh'
[0.488s] Level 1:colcon.colcon_core.environment:checking '/home/janperenic/moveit2/install/hc10dt_moveit_config/bin'
[0.488s] Level 1:colcon.colcon_core.environment:checking '/home/janperenic/moveit2/install/hc10dt_moveit_config/lib/pkgconfig/hc10dt_moveit_config.pc'
[0.488s] Level 1:colcon.colcon_core.environment:checking '/home/janperenic/moveit2/install/hc10dt_moveit_config/lib/python3.10/site-packages'
[0.489s] Level 1:colcon.colcon_core.environment:checking '/home/janperenic/moveit2/install/hc10dt_moveit_config/bin'
[0.489s] INFO:colcon.colcon_core.shell:Creating package script '/home/janperenic/moveit2/install/hc10dt_moveit_config/share/hc10dt_moveit_config/package.ps1'
[0.489s] INFO:colcon.colcon_core.shell:Creating package descriptor '/home/janperenic/moveit2/install/hc10dt_moveit_config/share/hc10dt_moveit_config/package.dsv'
[0.490s] INFO:colcon.colcon_core.shell:Creating package script '/home/janperenic/moveit2/install/hc10dt_moveit_config/share/hc10dt_moveit_config/package.sh'
[0.490s] INFO:colcon.colcon_core.shell:Creating package script '/home/janperenic/moveit2/install/hc10dt_moveit_config/share/hc10dt_moveit_config/package.bash'
[0.491s] INFO:colcon.colcon_core.shell:Creating package script '/home/janperenic/moveit2/install/hc10dt_moveit_config/share/hc10dt_moveit_config/package.zsh'
[0.491s] Level 1:colcon.colcon_core.environment:create_file_with_runtime_dependencies(/home/janperenic/moveit2/install/hc10dt_moveit_config/share/colcon-core/packages/hc10dt_moveit_config)
[0.493s] Level 1:colcon.colcon_core.environment:create_environment_scripts_only(motion_planning_python_api)
[0.494s] Level 1:colcon.colcon_core.environment:checking '/home/janperenic/moveit2/install/motion_planning_python_api' for CMake module files
[0.494s] DEBUG:colcon.colcon_core.event_handler.log_command:Invoked command in '/home/janperenic/moveit2/build/motion_planning_python_api' returned '0': CMAKE_PREFIX_PATH=${CMAKE_PREFIX_PATH}:/opt/ros/humble /usr/bin/cmake --install /home/janperenic/moveit2/build/motion_planning_python_api
[0.495s] Level 1:colcon.colcon_core.environment:checking '/home/janperenic/moveit2/install/motion_planning_python_api' for CMake config files
[0.495s] Level 1:colcon.colcon_core.shell:create_environment_hook('motion_planning_python_api', 'cmake_prefix_path')
[0.495s] INFO:colcon.colcon_core.shell:Creating environment hook '/home/janperenic/moveit2/install/motion_planning_python_api/share/motion_planning_python_api/hook/cmake_prefix_path.ps1'
[0.496s] INFO:colcon.colcon_core.shell:Creating environment descriptor '/home/janperenic/moveit2/install/motion_planning_python_api/share/motion_planning_python_api/hook/cmake_prefix_path.dsv'
[0.496s] INFO:colcon.colcon_core.shell:Creating environment hook '/home/janperenic/moveit2/install/motion_planning_python_api/share/motion_planning_python_api/hook/cmake_prefix_path.sh'
[0.496s] Level 1:colcon.colcon_core.environment:checking '/home/janperenic/moveit2/install/motion_planning_python_api/lib'
[0.497s] Level 1:colcon.colcon_core.environment:checking '/home/janperenic/moveit2/install/motion_planning_python_api/bin'
[0.497s] Level 1:colcon.colcon_core.environment:checking '/home/janperenic/moveit2/install/motion_planning_python_api/lib/pkgconfig/motion_planning_python_api.pc'
[0.497s] Level 1:colcon.colcon_core.environment:checking '/home/janperenic/moveit2/install/motion_planning_python_api/lib/python3.10/site-packages'
[0.497s] Level 1:colcon.colcon_core.environment:checking '/home/janperenic/moveit2/install/motion_planning_python_api/bin'
[0.497s] INFO:colcon.colcon_core.shell:Creating package script '/home/janperenic/moveit2/install/motion_planning_python_api/share/motion_planning_python_api/package.ps1'
[0.498s] INFO:colcon.colcon_core.shell:Creating package descriptor '/home/janperenic/moveit2/install/motion_planning_python_api/share/motion_planning_python_api/package.dsv'
[0.498s] INFO:colcon.colcon_core.shell:Creating package script '/home/janperenic/moveit2/install/motion_planning_python_api/share/motion_planning_python_api/package.sh'
[0.498s] INFO:colcon.colcon_core.shell:Creating package script '/home/janperenic/moveit2/install/motion_planning_python_api/share/motion_planning_python_api/package.bash'
[0.499s] INFO:colcon.colcon_core.shell:Creating package script '/home/janperenic/moveit2/install/motion_planning_python_api/share/motion_planning_python_api/package.zsh'
[0.499s] Level 1:colcon.colcon_core.environment:create_file_with_runtime_dependencies(/home/janperenic/moveit2/install/motion_planning_python_api/share/colcon-core/packages/motion_planning_python_api)
[0.517s] Level 1:colcon.colcon_core.environment:create_environment_scripts_only(hc10dt_moveit_config)
[0.517s] Level 1:colcon.colcon_core.environment:checking '/home/janperenic/moveit2/install/hc10dt_moveit_config' for CMake module files
[0.518s] Level 1:colcon.colcon_core.environment:checking '/home/janperenic/moveit2/install/hc10dt_moveit_config' for CMake config files
[0.518s] Level 1:colcon.colcon_core.shell:create_environment_hook('hc10dt_moveit_config', 'cmake_prefix_path')
[0.518s] INFO:colcon.colcon_core.shell:Creating environment hook '/home/janperenic/moveit2/install/hc10dt_moveit_config/share/hc10dt_moveit_config/hook/cmake_prefix_path.ps1'
[0.519s] INFO:colcon.colcon_core.shell:Creating environment descriptor '/home/janperenic/moveit2/install/hc10dt_moveit_config/share/hc10dt_moveit_config/hook/cmake_prefix_path.dsv'
[0.519s] INFO:colcon.colcon_core.shell:Creating environment hook '/home/janperenic/moveit2/install/hc10dt_moveit_config/share/hc10dt_moveit_config/hook/cmake_prefix_path.sh'
[0.520s] Level 1:colcon.colcon_core.environment:checking '/home/janperenic/moveit2/install/hc10dt_moveit_config/bin'
[0.520s] Level 1:colcon.colcon_core.environment:checking '/home/janperenic/moveit2/install/hc10dt_moveit_config/lib/pkgconfig/hc10dt_moveit_config.pc'
[0.520s] Level 1:colcon.colcon_core.environment:checking '/home/janperenic/moveit2/install/hc10dt_moveit_config/lib/python3.10/site-packages'
[0.520s] Level 1:colcon.colcon_core.environment:checking '/home/janperenic/moveit2/install/hc10dt_moveit_config/bin'
[0.520s] INFO:colcon.colcon_core.shell:Creating package script '/home/janperenic/moveit2/install/hc10dt_moveit_config/share/hc10dt_moveit_config/package.ps1'
[0.521s] INFO:colcon.colcon_core.shell:Creating package descriptor '/home/janperenic/moveit2/install/hc10dt_moveit_config/share/hc10dt_moveit_config/package.dsv'
[0.521s] INFO:colcon.colcon_core.shell:Creating package script '/home/janperenic/moveit2/install/hc10dt_moveit_config/share/hc10dt_moveit_config/package.sh'
[0.522s] INFO:colcon.colcon_core.shell:Creating package script '/home/janperenic/moveit2/install/hc10dt_moveit_config/share/hc10dt_moveit_config/package.bash'
[0.522s] INFO:colcon.colcon_core.shell:Creating package script '/home/janperenic/moveit2/install/hc10dt_moveit_config/share/hc10dt_moveit_config/package.zsh'
[0.522s] Level 1:colcon.colcon_core.environment:create_file_with_runtime_dependencies(/home/janperenic/moveit2/install/hc10dt_moveit_config/share/colcon-core/packages/hc10dt_moveit_config)
[0.527s] Level 1:colcon.colcon_core.environment:create_environment_scripts_only(motion_planning_python_api)
[0.527s] Level 1:colcon.colcon_core.environment:checking '/home/janperenic/moveit2/install/motion_planning_python_api' for CMake module files
[0.528s] Level 1:colcon.colcon_core.environment:checking '/home/janperenic/moveit2/install/motion_planning_python_api' for CMake config files
[0.528s] Level 1:colcon.colcon_core.shell:create_environment_hook('motion_planning_python_api', 'cmake_prefix_path')
[0.528s] INFO:colcon.colcon_core.shell:Creating environment hook '/home/janperenic/moveit2/install/motion_planning_python_api/share/motion_planning_python_api/hook/cmake_prefix_path.ps1'
[0.529s] INFO:colcon.colcon_core.shell:Creating environment descriptor '/home/janperenic/moveit2/install/motion_planning_python_api/share/motion_planning_python_api/hook/cmake_prefix_path.dsv'
[0.529s] INFO:colcon.colcon_core.shell:Creating environment hook '/home/janperenic/moveit2/install/motion_planning_python_api/share/motion_planning_python_api/hook/cmake_prefix_path.sh'
[0.529s] Level 1:colcon.colcon_core.environment:checking '/home/janperenic/moveit2/install/motion_planning_python_api/lib'
[0.529s] Level 1:colcon.colcon_core.environment:checking '/home/janperenic/moveit2/install/motion_planning_python_api/bin'
[0.529s] Level 1:colcon.colcon_core.environment:checking '/home/janperenic/moveit2/install/motion_planning_python_api/lib/pkgconfig/motion_planning_python_api.pc'
[0.530s] Level 1:colcon.colcon_core.environment:checking '/home/janperenic/moveit2/install/motion_planning_python_api/lib/python3.10/site-packages'
[0.530s] Level 1:colcon.colcon_core.environment:checking '/home/janperenic/moveit2/install/motion_planning_python_api/bin'
[0.530s] INFO:colcon.colcon_core.shell:Creating package script '/home/janperenic/moveit2/install/motion_planning_python_api/share/motion_planning_python_api/package.ps1'
[0.530s] INFO:colcon.colcon_core.shell:Creating package descriptor '/home/janperenic/moveit2/install/motion_planning_python_api/share/motion_planning_python_api/package.dsv'
[0.531s] INFO:colcon.colcon_core.shell:Creating package script '/home/janperenic/moveit2/install/motion_planning_python_api/share/motion_planning_python_api/package.sh'
[0.531s] INFO:colcon.colcon_core.shell:Creating package script '/home/janperenic/moveit2/install/motion_planning_python_api/share/motion_planning_python_api/package.bash'
[0.531s] INFO:colcon.colcon_core.shell:Creating package script '/home/janperenic/moveit2/install/motion_planning_python_api/share/motion_planning_python_api/package.zsh'
[0.532s] Level 1:colcon.colcon_core.environment:create_file_with_runtime_dependencies(/home/janperenic/moveit2/install/motion_planning_python_api/share/colcon-core/packages/motion_planning_python_api)
[0.533s] DEBUG:colcon.colcon_core.event_handler.log_command:Invoked command in '/home/janperenic/moveit2/build/hello_moveit' returned '1': CMAKE_PREFIX_PATH=${CMAKE_PREFIX_PATH}:/opt/ros/humble /usr/bin/cmake /home/janperenic/moveit2/src/hello_moveit -DCMAKE_INSTALL_PREFIX=/home/janperenic/moveit2/install/hello_moveit
[0.549s] Level 1:colcon.colcon_core.environment:create_environment_scripts_only(hello_moveit)
[0.550s] Level 1:colcon.colcon_core.environment:checking '/home/janperenic/moveit2/install/hello_moveit' for CMake module files
[0.550s] Level 1:colcon.colcon_core.environment:checking '/home/janperenic/moveit2/install/hello_moveit' for CMake config files
[0.551s] Level 1:colcon.colcon_core.shell:create_environment_hook('hello_moveit', 'cmake_prefix_path')
[0.551s] INFO:colcon.colcon_core.shell:Creating environment hook '/home/janperenic/moveit2/install/hello_moveit/share/hello_moveit/hook/cmake_prefix_path.ps1'
[0.552s] INFO:colcon.colcon_core.shell:Creating environment descriptor '/home/janperenic/moveit2/install/hello_moveit/share/hello_moveit/hook/cmake_prefix_path.dsv'
[0.552s] INFO:colcon.colcon_core.shell:Creating environment hook '/home/janperenic/moveit2/install/hello_moveit/share/hello_moveit/hook/cmake_prefix_path.sh'
[0.552s] Level 1:colcon.colcon_core.environment:checking '/home/janperenic/moveit2/install/hello_moveit/lib'
[0.552s] Level 1:colcon.colcon_core.environment:checking '/home/janperenic/moveit2/install/hello_moveit/bin'
[0.553s] Level 1:colcon.colcon_core.environment:checking '/home/janperenic/moveit2/install/hello_moveit/lib/pkgconfig/hello_moveit.pc'
[0.553s] Level 1:colcon.colcon_core.environment:checking '/home/janperenic/moveit2/install/hello_moveit/lib/python3.10/site-packages'
[0.553s] Level 1:colcon.colcon_core.environment:checking '/home/janperenic/moveit2/install/hello_moveit/bin'
[0.553s] INFO:colcon.colcon_core.shell:Creating package script '/home/janperenic/moveit2/install/hello_moveit/share/hello_moveit/package.ps1'
[0.553s] INFO:colcon.colcon_core.shell:Creating package descriptor '/home/janperenic/moveit2/install/hello_moveit/share/hello_moveit/package.dsv'
[0.554s] INFO:colcon.colcon_core.shell:Creating package script '/home/janperenic/moveit2/install/hello_moveit/share/hello_moveit/package.sh'
[0.554s] INFO:colcon.colcon_core.shell:Creating package script '/home/janperenic/moveit2/install/hello_moveit/share/hello_moveit/package.bash'
[0.554s] INFO:colcon.colcon_core.shell:Creating package script '/home/janperenic/moveit2/install/hello_moveit/share/hello_moveit/package.zsh'
[0.555s] Level 1:colcon.colcon_core.environment:create_file_with_runtime_dependencies(/home/janperenic/moveit2/install/hello_moveit/share/colcon-core/packages/hello_moveit)
[0.565s] DEBUG:colcon.colcon_parallel_executor.executor.parallel:closing loop
[0.566s] DEBUG:colcon.colcon_parallel_executor.executor.parallel:loop closed
[0.566s] DEBUG:colcon.colcon_parallel_executor.executor.parallel:run_until_complete finished with '1'
[0.566s] DEBUG:colcon.colcon_core.event_reactor:joining thread
[0.571s] INFO:colcon.colcon_core.plugin_system:Skipping extension 'colcon_notification.desktop_notification.terminal_notifier': Not used on non-Darwin systems
[0.571s] INFO:colcon.colcon_core.plugin_system:Skipping extension 'colcon_notification.desktop_notification.win32': Not used on non-Windows systems
[0.572s] INFO:colcon.colcon_notification.desktop_notification:Sending desktop notification using 'notify2'
[0.583s] DEBUG:colcon.colcon_core.event_reactor:joined thread
[0.583s] INFO:colcon.colcon_core.shell:Creating prefix script '/home/janperenic/moveit2/install/local_setup.ps1'
[0.584s] INFO:colcon.colcon_core.shell:Creating prefix util module '/home/janperenic/moveit2/install/_local_setup_util_ps1.py'
[0.586s] INFO:colcon.colcon_core.shell:Creating prefix chain script '/home/janperenic/moveit2/install/setup.ps1'
[0.586s] INFO:colcon.colcon_core.shell:Creating prefix script '/home/janperenic/moveit2/install/local_setup.sh'
[0.587s] INFO:colcon.colcon_core.shell:Creating prefix util module '/home/janperenic/moveit2/install/_local_setup_util_sh.py'
[0.587s] INFO:colcon.colcon_core.shell:Creating prefix chain script '/home/janperenic/moveit2/install/setup.sh'
[0.588s] INFO:colcon.colcon_core.shell:Creating prefix script '/home/janperenic/moveit2/install/local_setup.bash'
[0.589s] INFO:colcon.colcon_core.shell:Creating prefix chain script '/home/janperenic/moveit2/install/setup.bash'
[0.590s] INFO:colcon.colcon_core.shell:Creating prefix script '/home/janperenic/moveit2/install/local_setup.zsh'
[0.590s] INFO:colcon.colcon_core.shell:Creating prefix chain script '/home/janperenic/moveit2/install/setup.zsh'
