[0.000000] (-) TimerEvent: {}
[0.000843] (hc10dt_moveit_config) JobQueued: {'identifier': 'hc10dt_moveit_config', 'dependencies': OrderedDict()}
[0.000954] (hello_moveit) JobQueued: {'identifier': 'hello_moveit', 'dependencies': OrderedDict()}
[0.000974] (motion_planning_python_api) JobQueued: {'identifier': 'motion_planning_python_api', 'dependencies': OrderedDict()}
[0.000990] (hc10dt_moveit_config) JobStarted: {'identifier': 'hc10dt_moveit_config'}
[0.007610] (hello_moveit) JobStarted: {'identifier': 'hello_moveit'}
[0.011229] (motion_planning_python_api) JobStarted: {'identifier': 'motion_planning_python_api'}
[0.015755] (hc10dt_moveit_config) JobProgress: {'identifier': 'hc10dt_moveit_config', 'progress': 'cmake'}
[0.016457] (hc10dt_moveit_config) JobProgress: {'identifier': 'hc10dt_moveit_config', 'progress': 'build'}
[0.017243] (hc10dt_moveit_config) Command: {'cmd': ['/usr/bin/cmake', '--build', '/home/janperenic/moveit2/build/hc10dt_moveit_config', '--', '-j16', '-l16'], 'cwd': '/home/janperenic/moveit2/build/hc10dt_moveit_config', 'env': OrderedDict([('USER', 'janperenic'), ('LC_TIME', 'de_AT.UTF-8'), ('XDG_SESSION_TYPE', 'x11'), ('SHLVL', '1'), ('LD_LIBRARY_PATH', '/usr/lib/x86_64-linux-gnu/gazebo-11/plugins:/opt/ros/humble/opt/rviz_ogre_vendor/lib:/opt/ros/humble/lib/x86_64-linux-gnu:/opt/ros/humble/lib'), ('HOME', '/home/janperenic'), ('OLDPWD', '/home/janperenic'), ('DESKTOP_SESSION', 'ubuntu'), ('ROS_PYTHON_VERSION', '3'), ('GNOME_SHELL_SESSION_MODE', 'ubuntu'), ('GTK_MODULES', 'gail:atk-bridge'), ('LC_MONETARY', 'de_AT.UTF-8'), ('SYSTEMD_EXEC_PID', '4435'), ('DBUS_SESSION_BUS_ADDRESS', 'unix:path=/run/user/1000/bus'), ('COLORTERM', 'truecolor'), ('COLCON_PREFIX_PATH', '/home/janperenic/moveit2/install'), ('ROS_DISTRO', 'humble'), ('GTK_IM_MODULE', 'ibus'), ('LOGNAME', 'janperenic'), ('_', '/usr/bin/colcon'), ('ROS_VERSION', '2'), ('XDG_SESSION_CLASS', 'user'), ('USERNAME', 'janperenic'), ('TERM', 'xterm-256color'), ('GNOME_DESKTOP_SESSION_ID', 'this-is-deprecated'), ('ROS_LOCALHOST_ONLY', '0'), ('WINDOWPATH', '2'), ('PATH', '/opt/ros/humble/bin:/usr/local/sbin:/usr/local/bin:/usr/sbin:/usr/bin:/sbin:/bin:/usr/games:/usr/local/games:/snap/bin:/snap/bin'), ('SESSION_MANAGER', 'local/janperenic-OMEN:@/tmp/.ICE-unix/2116,unix/janperenic-OMEN:/tmp/.ICE-unix/2116'), ('XDG_MENU_PREFIX', 'gnome-'), ('LC_ADDRESS', 'de_AT.UTF-8'), ('GNOME_TERMINAL_SCREEN', '/org/gnome/Terminal/screen/94fb23e4_f570_4413_915f_db90335ab691'), ('XDG_RUNTIME_DIR', '/run/user/1000'), ('DISPLAY', ':1'), ('LANG', 'en_US.UTF-8'), ('XDG_CURRENT_DESKTOP', 'ubuntu:GNOME'), ('LC_TELEPHONE', 'de_AT.UTF-8'), ('XMODIFIERS', '@im=ibus'), ('XDG_SESSION_DESKTOP', 'ubuntu'), ('XAUTHORITY', '/run/user/1000/gdm/Xauthority'), ('GNOME_TERMINAL_SERVICE', ':1.105'), ('SSH_AGENT_LAUNCHER', 'gnome-keyring'), ('SSH_AUTH_SOCK', '/run/user/1000/keyring/ssh'), ('AMENT_PREFIX_PATH', '/home/janperenic/moveit2/install/motion_planning_python_api:/home/janperenic/moveit2/install/hc10dt_moveit_config:/opt/ros/humble'), ('SHELL', '/bin/bash'), ('LC_NAME', 'de_AT.UTF-8'), ('QT_ACCESSIBILITY', '1'), ('GDMSESSION', 'ubuntu'), ('LC_MEASUREMENT', 'de_AT.UTF-8'), ('GPG_AGENT_INFO', '/run/user/1000/gnupg/S.gpg-agent:0:1'), ('LC_IDENTIFICATION', 'de_AT.UTF-8'), ('QT_IM_MODULE', 'ibus'), ('PWD', '/home/janperenic/moveit2/build/hc10dt_moveit_config'), ('LC_ALL', 'en_US.UTF-8'), ('XDG_CONFIG_DIRS', '/etc/xdg/xdg-ubuntu:/etc/xdg'), ('XDG_DATA_DIRS', '/usr/share/ubuntu:/usr/share/gnome:/usr/local/share/:/usr/share/:/var/lib/snapd/desktop'), ('PYTHONPATH', '/opt/ros/humble/lib/python3.10/site-packages:/opt/ros/humble/local/lib/python3.10/dist-packages'), ('LC_NUMERIC', 'de_AT.UTF-8'), ('LC_PAPER', 'de_AT.UTF-8'), ('COLCON', '1'), ('VTE_VERSION', '6800'), ('CMAKE_PREFIX_PATH', '/home/janperenic/moveit2/install/motion_planning_python_api:/home/janperenic/moveit2/install/hello_moveit:/home/janperenic/moveit2/install/hc10dt_moveit_config:/opt/ros/humble')]), 'shell': False}
[0.020003] (hello_moveit) JobProgress: {'identifier': 'hello_moveit', 'progress': 'cmake'}
[0.021262] (hello_moveit) Command: {'cmd': ['/usr/bin/cmake', '/home/janperenic/moveit2/src/hello_moveit', '-DCMAKE_INSTALL_PREFIX=/home/janperenic/moveit2/install/hello_moveit'], 'cwd': '/home/janperenic/moveit2/build/hello_moveit', 'env': OrderedDict([('USER', 'janperenic'), ('LC_TIME', 'de_AT.UTF-8'), ('XDG_SESSION_TYPE', 'x11'), ('SHLVL', '1'), ('LD_LIBRARY_PATH', '/usr/lib/x86_64-linux-gnu/gazebo-11/plugins:/opt/ros/humble/opt/rviz_ogre_vendor/lib:/opt/ros/humble/lib/x86_64-linux-gnu:/opt/ros/humble/lib'), ('HOME', '/home/janperenic'), ('OLDPWD', '/home/janperenic'), ('DESKTOP_SESSION', 'ubuntu'), ('ROS_PYTHON_VERSION', '3'), ('GNOME_SHELL_SESSION_MODE', 'ubuntu'), ('GTK_MODULES', 'gail:atk-bridge'), ('LC_MONETARY', 'de_AT.UTF-8'), ('SYSTEMD_EXEC_PID', '4435'), ('DBUS_SESSION_BUS_ADDRESS', 'unix:path=/run/user/1000/bus'), ('COLORTERM', 'truecolor'), ('COLCON_PREFIX_PATH', '/home/janperenic/moveit2/install'), ('ROS_DISTRO', 'humble'), ('GTK_IM_MODULE', 'ibus'), ('LOGNAME', 'janperenic'), ('_', '/usr/bin/colcon'), ('ROS_VERSION', '2'), ('XDG_SESSION_CLASS', 'user'), ('USERNAME', 'janperenic'), ('TERM', 'xterm-256color'), ('GNOME_DESKTOP_SESSION_ID', 'this-is-deprecated'), ('ROS_LOCALHOST_ONLY', '0'), ('WINDOWPATH', '2'), ('PATH', '/opt/ros/humble/bin:/usr/local/sbin:/usr/local/bin:/usr/sbin:/usr/bin:/sbin:/bin:/usr/games:/usr/local/games:/snap/bin:/snap/bin'), ('SESSION_MANAGER', 'local/janperenic-OMEN:@/tmp/.ICE-unix/2116,unix/janperenic-OMEN:/tmp/.ICE-unix/2116'), ('XDG_MENU_PREFIX', 'gnome-'), ('LC_ADDRESS', 'de_AT.UTF-8'), ('GNOME_TERMINAL_SCREEN', '/org/gnome/Terminal/screen/94fb23e4_f570_4413_915f_db90335ab691'), ('XDG_RUNTIME_DIR', '/run/user/1000'), ('DISPLAY', ':1'), ('LANG', 'en_US.UTF-8'), ('XDG_CURRENT_DESKTOP', 'ubuntu:GNOME'), ('LC_TELEPHONE', 'de_AT.UTF-8'), ('XMODIFIERS', '@im=ibus'), ('XDG_SESSION_DESKTOP', 'ubuntu'), ('XAUTHORITY', '/run/user/1000/gdm/Xauthority'), ('GNOME_TERMINAL_SERVICE', ':1.105'), ('SSH_AGENT_LAUNCHER', 'gnome-keyring'), ('SSH_AUTH_SOCK', '/run/user/1000/keyring/ssh'), ('AMENT_PREFIX_PATH', '/home/janperenic/moveit2/install/motion_planning_python_api:/home/janperenic/moveit2/install/hc10dt_moveit_config:/opt/ros/humble'), ('SHELL', '/bin/bash'), ('LC_NAME', 'de_AT.UTF-8'), ('QT_ACCESSIBILITY', '1'), ('GDMSESSION', 'ubuntu'), ('LC_MEASUREMENT', 'de_AT.UTF-8'), ('GPG_AGENT_INFO', '/run/user/1000/gnupg/S.gpg-agent:0:1'), ('LC_IDENTIFICATION', 'de_AT.UTF-8'), ('QT_IM_MODULE', 'ibus'), ('PWD', '/home/janperenic/moveit2/build/hello_moveit'), ('LC_ALL', 'en_US.UTF-8'), ('XDG_CONFIG_DIRS', '/etc/xdg/xdg-ubuntu:/etc/xdg'), ('XDG_DATA_DIRS', '/usr/share/ubuntu:/usr/share/gnome:/usr/local/share/:/usr/share/:/var/lib/snapd/desktop'), ('PYTHONPATH', '/opt/ros/humble/lib/python3.10/site-packages:/opt/ros/humble/local/lib/python3.10/dist-packages'), ('LC_NUMERIC', 'de_AT.UTF-8'), ('LC_PAPER', 'de_AT.UTF-8'), ('COLCON', '1'), ('VTE_VERSION', '6800'), ('CMAKE_PREFIX_PATH', '/home/janperenic/moveit2/install/motion_planning_python_api:/home/janperenic/moveit2/install/hello_moveit:/home/janperenic/moveit2/install/hc10dt_moveit_config:/opt/ros/humble')]), 'shell': False}
[0.024141] (motion_planning_python_api) JobProgress: {'identifier': 'motion_planning_python_api', 'progress': 'cmake'}
[0.024572] (motion_planning_python_api) JobProgress: {'identifier': 'motion_planning_python_api', 'progress': 'build'}
[0.024773] (motion_planning_python_api) Command: {'cmd': ['/usr/bin/cmake', '--build', '/home/janperenic/moveit2/build/motion_planning_python_api', '--', '-j16', '-l16'], 'cwd': '/home/janperenic/moveit2/build/motion_planning_python_api', 'env': OrderedDict([('USER', 'janperenic'), ('LC_TIME', 'de_AT.UTF-8'), ('XDG_SESSION_TYPE', 'x11'), ('SHLVL', '1'), ('LD_LIBRARY_PATH', '/usr/lib/x86_64-linux-gnu/gazebo-11/plugins:/opt/ros/humble/opt/rviz_ogre_vendor/lib:/opt/ros/humble/lib/x86_64-linux-gnu:/opt/ros/humble/lib'), ('HOME', '/home/janperenic'), ('OLDPWD', '/home/janperenic'), ('DESKTOP_SESSION', 'ubuntu'), ('ROS_PYTHON_VERSION', '3'), ('GNOME_SHELL_SESSION_MODE', 'ubuntu'), ('GTK_MODULES', 'gail:atk-bridge'), ('LC_MONETARY', 'de_AT.UTF-8'), ('SYSTEMD_EXEC_PID', '4435'), ('DBUS_SESSION_BUS_ADDRESS', 'unix:path=/run/user/1000/bus'), ('COLORTERM', 'truecolor'), ('COLCON_PREFIX_PATH', '/home/janperenic/moveit2/install'), ('ROS_DISTRO', 'humble'), ('GTK_IM_MODULE', 'ibus'), ('LOGNAME', 'janperenic'), ('_', '/usr/bin/colcon'), ('ROS_VERSION', '2'), ('XDG_SESSION_CLASS', 'user'), ('USERNAME', 'janperenic'), ('TERM', 'xterm-256color'), ('GNOME_DESKTOP_SESSION_ID', 'this-is-deprecated'), ('ROS_LOCALHOST_ONLY', '0'), ('WINDOWPATH', '2'), ('PATH', '/opt/ros/humble/bin:/usr/local/sbin:/usr/local/bin:/usr/sbin:/usr/bin:/sbin:/bin:/usr/games:/usr/local/games:/snap/bin:/snap/bin'), ('SESSION_MANAGER', 'local/janperenic-OMEN:@/tmp/.ICE-unix/2116,unix/janperenic-OMEN:/tmp/.ICE-unix/2116'), ('XDG_MENU_PREFIX', 'gnome-'), ('LC_ADDRESS', 'de_AT.UTF-8'), ('GNOME_TERMINAL_SCREEN', '/org/gnome/Terminal/screen/94fb23e4_f570_4413_915f_db90335ab691'), ('XDG_RUNTIME_DIR', '/run/user/1000'), ('DISPLAY', ':1'), ('LANG', 'en_US.UTF-8'), ('XDG_CURRENT_DESKTOP', 'ubuntu:GNOME'), ('LC_TELEPHONE', 'de_AT.UTF-8'), ('XMODIFIERS', '@im=ibus'), ('XDG_SESSION_DESKTOP', 'ubuntu'), ('XAUTHORITY', '/run/user/1000/gdm/Xauthority'), ('GNOME_TERMINAL_SERVICE', ':1.105'), ('SSH_AGENT_LAUNCHER', 'gnome-keyring'), ('SSH_AUTH_SOCK', '/run/user/1000/keyring/ssh'), ('AMENT_PREFIX_PATH', '/home/janperenic/moveit2/install/motion_planning_python_api:/home/janperenic/moveit2/install/hc10dt_moveit_config:/opt/ros/humble'), ('SHELL', '/bin/bash'), ('LC_NAME', 'de_AT.UTF-8'), ('QT_ACCESSIBILITY', '1'), ('GDMSESSION', 'ubuntu'), ('LC_MEASUREMENT', 'de_AT.UTF-8'), ('GPG_AGENT_INFO', '/run/user/1000/gnupg/S.gpg-agent:0:1'), ('LC_IDENTIFICATION', 'de_AT.UTF-8'), ('QT_IM_MODULE', 'ibus'), ('PWD', '/home/janperenic/moveit2/build/motion_planning_python_api'), ('LC_ALL', 'en_US.UTF-8'), ('XDG_CONFIG_DIRS', '/etc/xdg/xdg-ubuntu:/etc/xdg'), ('XDG_DATA_DIRS', '/usr/share/ubuntu:/usr/share/gnome:/usr/local/share/:/usr/share/:/var/lib/snapd/desktop'), ('PYTHONPATH', '/opt/ros/humble/lib/python3.10/site-packages:/opt/ros/humble/local/lib/python3.10/dist-packages'), ('LC_NUMERIC', 'de_AT.UTF-8'), ('LC_PAPER', 'de_AT.UTF-8'), ('COLCON', '1'), ('VTE_VERSION', '6800'), ('CMAKE_PREFIX_PATH', '/home/janperenic/moveit2/install/motion_planning_python_api:/home/janperenic/moveit2/install/hello_moveit:/home/janperenic/moveit2/install/hc10dt_moveit_config:/opt/ros/humble')]), 'shell': False}
[0.034759] (hello_moveit) StdoutLine: {'line': b'-- Found ament_cmake: 1.3.10 (/opt/ros/humble/share/ament_cmake/cmake)\n'}
[0.067465] (hc10dt_moveit_config) CommandEnded: {'returncode': 0}
[0.077926] (motion_planning_python_api) CommandEnded: {'returncode': 0}
[0.094181] (hc10dt_moveit_config) JobProgress: {'identifier': 'hc10dt_moveit_config', 'progress': 'install'}
[0.099713] (-) TimerEvent: {}
[0.107163] (hc10dt_moveit_config) Command: {'cmd': ['/usr/bin/cmake', '--install', '/home/janperenic/moveit2/build/hc10dt_moveit_config'], 'cwd': '/home/janperenic/moveit2/build/hc10dt_moveit_config', 'env': OrderedDict([('USER', 'janperenic'), ('LC_TIME', 'de_AT.UTF-8'), ('XDG_SESSION_TYPE', 'x11'), ('SHLVL', '1'), ('LD_LIBRARY_PATH', '/usr/lib/x86_64-linux-gnu/gazebo-11/plugins:/opt/ros/humble/opt/rviz_ogre_vendor/lib:/opt/ros/humble/lib/x86_64-linux-gnu:/opt/ros/humble/lib'), ('HOME', '/home/janperenic'), ('OLDPWD', '/home/janperenic'), ('DESKTOP_SESSION', 'ubuntu'), ('ROS_PYTHON_VERSION', '3'), ('GNOME_SHELL_SESSION_MODE', 'ubuntu'), ('GTK_MODULES', 'gail:atk-bridge'), ('LC_MONETARY', 'de_AT.UTF-8'), ('SYSTEMD_EXEC_PID', '4435'), ('DBUS_SESSION_BUS_ADDRESS', 'unix:path=/run/user/1000/bus'), ('COLORTERM', 'truecolor'), ('COLCON_PREFIX_PATH', '/home/janperenic/moveit2/install'), ('ROS_DISTRO', 'humble'), ('GTK_IM_MODULE', 'ibus'), ('LOGNAME', 'janperenic'), ('_', '/usr/bin/colcon'), ('ROS_VERSION', '2'), ('XDG_SESSION_CLASS', 'user'), ('USERNAME', 'janperenic'), ('TERM', 'xterm-256color'), ('GNOME_DESKTOP_SESSION_ID', 'this-is-deprecated'), ('ROS_LOCALHOST_ONLY', '0'), ('WINDOWPATH', '2'), ('PATH', '/opt/ros/humble/bin:/usr/local/sbin:/usr/local/bin:/usr/sbin:/usr/bin:/sbin:/bin:/usr/games:/usr/local/games:/snap/bin:/snap/bin'), ('SESSION_MANAGER', 'local/janperenic-OMEN:@/tmp/.ICE-unix/2116,unix/janperenic-OMEN:/tmp/.ICE-unix/2116'), ('XDG_MENU_PREFIX', 'gnome-'), ('LC_ADDRESS', 'de_AT.UTF-8'), ('GNOME_TERMINAL_SCREEN', '/org/gnome/Terminal/screen/94fb23e4_f570_4413_915f_db90335ab691'), ('XDG_RUNTIME_DIR', '/run/user/1000'), ('DISPLAY', ':1'), ('LANG', 'en_US.UTF-8'), ('XDG_CURRENT_DESKTOP', 'ubuntu:GNOME'), ('LC_TELEPHONE', 'de_AT.UTF-8'), ('XMODIFIERS', '@im=ibus'), ('XDG_SESSION_DESKTOP', 'ubuntu'), ('XAUTHORITY', '/run/user/1000/gdm/Xauthority'), ('GNOME_TERMINAL_SERVICE', ':1.105'), ('SSH_AGENT_LAUNCHER', 'gnome-keyring'), ('SSH_AUTH_SOCK', '/run/user/1000/keyring/ssh'), ('AMENT_PREFIX_PATH', '/home/janperenic/moveit2/install/motion_planning_python_api:/home/janperenic/moveit2/install/hc10dt_moveit_config:/opt/ros/humble'), ('SHELL', '/bin/bash'), ('LC_NAME', 'de_AT.UTF-8'), ('QT_ACCESSIBILITY', '1'), ('GDMSESSION', 'ubuntu'), ('LC_MEASUREMENT', 'de_AT.UTF-8'), ('GPG_AGENT_INFO', '/run/user/1000/gnupg/S.gpg-agent:0:1'), ('LC_IDENTIFICATION', 'de_AT.UTF-8'), ('QT_IM_MODULE', 'ibus'), ('PWD', '/home/janperenic/moveit2/build/hc10dt_moveit_config'), ('LC_ALL', 'en_US.UTF-8'), ('XDG_CONFIG_DIRS', '/etc/xdg/xdg-ubuntu:/etc/xdg'), ('XDG_DATA_DIRS', '/usr/share/ubuntu:/usr/share/gnome:/usr/local/share/:/usr/share/:/var/lib/snapd/desktop'), ('PYTHONPATH', '/opt/ros/humble/lib/python3.10/site-packages:/opt/ros/humble/local/lib/python3.10/dist-packages'), ('LC_NUMERIC', 'de_AT.UTF-8'), ('LC_PAPER', 'de_AT.UTF-8'), ('COLCON', '1'), ('VTE_VERSION', '6800'), ('CMAKE_PREFIX_PATH', '/home/janperenic/moveit2/install/motion_planning_python_api:/home/janperenic/moveit2/install/hello_moveit:/home/janperenic/moveit2/install/hc10dt_moveit_config:/opt/ros/humble')]), 'shell': False}
[0.109040] (motion_planning_python_api) JobProgress: {'identifier': 'motion_planning_python_api', 'progress': 'install'}
[0.109986] (motion_planning_python_api) Command: {'cmd': ['/usr/bin/cmake', '--install', '/home/janperenic/moveit2/build/motion_planning_python_api'], 'cwd': '/home/janperenic/moveit2/build/motion_planning_python_api', 'env': OrderedDict([('USER', 'janperenic'), ('LC_TIME', 'de_AT.UTF-8'), ('XDG_SESSION_TYPE', 'x11'), ('SHLVL', '1'), ('LD_LIBRARY_PATH', '/usr/lib/x86_64-linux-gnu/gazebo-11/plugins:/opt/ros/humble/opt/rviz_ogre_vendor/lib:/opt/ros/humble/lib/x86_64-linux-gnu:/opt/ros/humble/lib'), ('HOME', '/home/janperenic'), ('OLDPWD', '/home/janperenic'), ('DESKTOP_SESSION', 'ubuntu'), ('ROS_PYTHON_VERSION', '3'), ('GNOME_SHELL_SESSION_MODE', 'ubuntu'), ('GTK_MODULES', 'gail:atk-bridge'), ('LC_MONETARY', 'de_AT.UTF-8'), ('SYSTEMD_EXEC_PID', '4435'), ('DBUS_SESSION_BUS_ADDRESS', 'unix:path=/run/user/1000/bus'), ('COLORTERM', 'truecolor'), ('COLCON_PREFIX_PATH', '/home/janperenic/moveit2/install'), ('ROS_DISTRO', 'humble'), ('GTK_IM_MODULE', 'ibus'), ('LOGNAME', 'janperenic'), ('_', '/usr/bin/colcon'), ('ROS_VERSION', '2'), ('XDG_SESSION_CLASS', 'user'), ('USERNAME', 'janperenic'), ('TERM', 'xterm-256color'), ('GNOME_DESKTOP_SESSION_ID', 'this-is-deprecated'), ('ROS_LOCALHOST_ONLY', '0'), ('WINDOWPATH', '2'), ('PATH', '/opt/ros/humble/bin:/usr/local/sbin:/usr/local/bin:/usr/sbin:/usr/bin:/sbin:/bin:/usr/games:/usr/local/games:/snap/bin:/snap/bin'), ('SESSION_MANAGER', 'local/janperenic-OMEN:@/tmp/.ICE-unix/2116,unix/janperenic-OMEN:/tmp/.ICE-unix/2116'), ('XDG_MENU_PREFIX', 'gnome-'), ('LC_ADDRESS', 'de_AT.UTF-8'), ('GNOME_TERMINAL_SCREEN', '/org/gnome/Terminal/screen/94fb23e4_f570_4413_915f_db90335ab691'), ('XDG_RUNTIME_DIR', '/run/user/1000'), ('DISPLAY', ':1'), ('LANG', 'en_US.UTF-8'), ('XDG_CURRENT_DESKTOP', 'ubuntu:GNOME'), ('LC_TELEPHONE', 'de_AT.UTF-8'), ('XMODIFIERS', '@im=ibus'), ('XDG_SESSION_DESKTOP', 'ubuntu'), ('XAUTHORITY', '/run/user/1000/gdm/Xauthority'), ('GNOME_TERMINAL_SERVICE', ':1.105'), ('SSH_AGENT_LAUNCHER', 'gnome-keyring'), ('SSH_AUTH_SOCK', '/run/user/1000/keyring/ssh'), ('AMENT_PREFIX_PATH', '/home/janperenic/moveit2/install/motion_planning_python_api:/home/janperenic/moveit2/install/hc10dt_moveit_config:/opt/ros/humble'), ('SHELL', '/bin/bash'), ('LC_NAME', 'de_AT.UTF-8'), ('QT_ACCESSIBILITY', '1'), ('GDMSESSION', 'ubuntu'), ('LC_MEASUREMENT', 'de_AT.UTF-8'), ('GPG_AGENT_INFO', '/run/user/1000/gnupg/S.gpg-agent:0:1'), ('LC_IDENTIFICATION', 'de_AT.UTF-8'), ('QT_IM_MODULE', 'ibus'), ('PWD', '/home/janperenic/moveit2/build/motion_planning_python_api'), ('LC_ALL', 'en_US.UTF-8'), ('XDG_CONFIG_DIRS', '/etc/xdg/xdg-ubuntu:/etc/xdg'), ('XDG_DATA_DIRS', '/usr/share/ubuntu:/usr/share/gnome:/usr/local/share/:/usr/share/:/var/lib/snapd/desktop'), ('PYTHONPATH', '/opt/ros/humble/lib/python3.10/site-packages:/opt/ros/humble/local/lib/python3.10/dist-packages'), ('LC_NUMERIC', 'de_AT.UTF-8'), ('LC_PAPER', 'de_AT.UTF-8'), ('COLCON', '1'), ('VTE_VERSION', '6800'), ('CMAKE_PREFIX_PATH', '/home/janperenic/moveit2/install/motion_planning_python_api:/home/janperenic/moveit2/install/hello_moveit:/home/janperenic/moveit2/install/hc10dt_moveit_config:/opt/ros/humble')]), 'shell': False}
[0.118027] (hc10dt_moveit_config) StdoutLine: {'line': b'-- Install configuration: ""\n'}
[0.118545] (hc10dt_moveit_config) StdoutLine: {'line': b'-- Execute custom install script\n'}
[0.118815] (hc10dt_moveit_config) StdoutLine: {'line': b'-- Up-to-date symlink: /home/janperenic/moveit2/install/hc10dt_moveit_config/share/ament_index/resource_index/package_run_dependencies/hc10dt_moveit_config\n'}
[0.119003] (hc10dt_moveit_config) StdoutLine: {'line': b'-- Up-to-date symlink: /home/janperenic/moveit2/install/hc10dt_moveit_config/share/ament_index/resource_index/parent_prefix_path/hc10dt_moveit_config\n'}
[0.119192] (hc10dt_moveit_config) StdoutLine: {'line': b'-- Up-to-date symlink: /home/janperenic/moveit2/install/hc10dt_moveit_config/share/hc10dt_moveit_config/environment/ament_prefix_path.sh\n'}
[0.119373] (hc10dt_moveit_config) StdoutLine: {'line': b'-- Up-to-date symlink: /home/janperenic/moveit2/install/hc10dt_moveit_config/share/hc10dt_moveit_config/environment/ament_prefix_path.dsv\n'}
[0.119509] (hc10dt_moveit_config) StdoutLine: {'line': b'-- Up-to-date symlink: /home/janperenic/moveit2/install/hc10dt_moveit_config/share/hc10dt_moveit_config/environment/path.sh\n'}
[0.119628] (hc10dt_moveit_config) StdoutLine: {'line': b'-- Up-to-date symlink: /home/janperenic/moveit2/install/hc10dt_moveit_config/share/hc10dt_moveit_config/environment/path.dsv\n'}
[0.119758] (hc10dt_moveit_config) StdoutLine: {'line': b'-- Up-to-date symlink: /home/janperenic/moveit2/install/hc10dt_moveit_config/share/hc10dt_moveit_config/local_setup.bash\n'}
[0.119904] (hc10dt_moveit_config) StdoutLine: {'line': b'-- Up-to-date symlink: /home/janperenic/moveit2/install/hc10dt_moveit_config/share/hc10dt_moveit_config/local_setup.sh\n'}
[0.120049] (hc10dt_moveit_config) StdoutLine: {'line': b'-- Up-to-date symlink: /home/janperenic/moveit2/install/hc10dt_moveit_config/share/hc10dt_moveit_config/local_setup.zsh\n'}
[0.120190] (hc10dt_moveit_config) StdoutLine: {'line': b'-- Up-to-date symlink: /home/janperenic/moveit2/install/hc10dt_moveit_config/share/hc10dt_moveit_config/local_setup.dsv\n'}
[0.120301] (hc10dt_moveit_config) StdoutLine: {'line': b'-- Symlinking: /home/janperenic/moveit2/install/hc10dt_moveit_config/share/hc10dt_moveit_config/package.dsv\n'}
[0.120607] (motion_planning_python_api) StdoutLine: {'line': b'-- Install configuration: ""\n'}
[0.121123] (motion_planning_python_api) StdoutLine: {'line': b'-- Execute custom install script\n'}
[0.121423] (motion_planning_python_api) StdoutLine: {'line': b'-- Up-to-date symlink: /home/janperenic/moveit2/install/motion_planning_python_api/lib/motion_planning_python_api/motion_planning_python_api_tutorial.py\n'}
[0.121570] (motion_planning_python_api) StdoutLine: {'line': b'-- Up-to-date symlink: /home/janperenic/moveit2/install/motion_planning_python_api/lib/motion_planning_python_api/motion_planning_python_api_planning_scene.py\n'}
[0.121831] (motion_planning_python_api) StdoutLine: {'line': b'-- Up-to-date symlink: /home/janperenic/moveit2/install/motion_planning_python_api/share/motion_planning_python_api/config/motion_planning_python_api_tutorial.rviz\n'}
[0.121956] (motion_planning_python_api) StdoutLine: {'line': b'-- Up-to-date symlink: /home/janperenic/moveit2/install/motion_planning_python_api/share/motion_planning_python_api/config/motion_planning_python_api_tutorial.yaml\n'}
[0.122306] (motion_planning_python_api) StdoutLine: {'line': b'-- Up-to-date symlink: /home/janperenic/moveit2/install/motion_planning_python_api/share/motion_planning_python_api/launch/motion_planning_python_api_tutorial.launch.py\n'}
[0.122445] (motion_planning_python_api) StdoutLine: {'line': b'-- Up-to-date symlink: /home/janperenic/moveit2/install/motion_planning_python_api/share/ament_index/resource_index/package_run_dependencies/motion_planning_python_api\n'}
[0.122556] (motion_planning_python_api) StdoutLine: {'line': b'-- Up-to-date symlink: /home/janperenic/moveit2/install/motion_planning_python_api/share/ament_index/resource_index/parent_prefix_path/motion_planning_python_api\n'}
[0.122654] (motion_planning_python_api) StdoutLine: {'line': b'-- Up-to-date symlink: /home/janperenic/moveit2/install/motion_planning_python_api/share/motion_planning_python_api/environment/ament_prefix_path.sh\n'}
[0.122817] (motion_planning_python_api) StdoutLine: {'line': b'-- Up-to-date symlink: /home/janperenic/moveit2/install/motion_planning_python_api/share/motion_planning_python_api/environment/ament_prefix_path.dsv\n'}
[0.122970] (motion_planning_python_api) StdoutLine: {'line': b'-- Up-to-date symlink: /home/janperenic/moveit2/install/motion_planning_python_api/share/motion_planning_python_api/environment/path.sh\n'}
[0.123110] (motion_planning_python_api) StdoutLine: {'line': b'-- Up-to-date symlink: /home/janperenic/moveit2/install/motion_planning_python_api/share/motion_planning_python_api/environment/path.dsv\n'}
[0.123295] (motion_planning_python_api) StdoutLine: {'line': b'-- Up-to-date symlink: /home/janperenic/moveit2/install/motion_planning_python_api/share/motion_planning_python_api/local_setup.bash\n'}
[0.123442] (motion_planning_python_api) StdoutLine: {'line': b'-- Up-to-date symlink: /home/janperenic/moveit2/install/motion_planning_python_api/share/motion_planning_python_api/local_setup.sh\n'}
[0.123589] (motion_planning_python_api) StdoutLine: {'line': b'-- Up-to-date symlink: /home/janperenic/moveit2/install/motion_planning_python_api/share/motion_planning_python_api/local_setup.zsh\n'}
[0.123709] (motion_planning_python_api) StdoutLine: {'line': b'-- Up-to-date symlink: /home/janperenic/moveit2/install/motion_planning_python_api/share/motion_planning_python_api/local_setup.dsv\n'}
[0.123833] (motion_planning_python_api) StdoutLine: {'line': b'-- Symlinking: /home/janperenic/moveit2/install/motion_planning_python_api/share/motion_planning_python_api/package.dsv\n'}
[0.134462] (hc10dt_moveit_config) StdoutLine: {'line': b'-- Up-to-date symlink: /home/janperenic/moveit2/install/hc10dt_moveit_config/share/ament_index/resource_index/packages/hc10dt_moveit_config\n'}
[0.134813] (hc10dt_moveit_config) StdoutLine: {'line': b'-- Up-to-date symlink: /home/janperenic/moveit2/install/hc10dt_moveit_config/share/hc10dt_moveit_config/cmake/hc10dt_moveit_configConfig.cmake\n'}
[0.134986] (hc10dt_moveit_config) StdoutLine: {'line': b'-- Up-to-date symlink: /home/janperenic/moveit2/install/hc10dt_moveit_config/share/hc10dt_moveit_config/cmake/hc10dt_moveit_configConfig-version.cmake\n'}
[0.135075] (hc10dt_moveit_config) StdoutLine: {'line': b'-- Up-to-date symlink: /home/janperenic/moveit2/install/hc10dt_moveit_config/share/hc10dt_moveit_config/package.xml\n'}
[0.135315] (hc10dt_moveit_config) StdoutLine: {'line': b'-- Up-to-date symlink: /home/janperenic/moveit2/install/hc10dt_moveit_config/share/hc10dt_moveit_config/launch/demo.launch.py\n'}
[0.135446] (hc10dt_moveit_config) StdoutLine: {'line': b'-- Up-to-date symlink: /home/janperenic/moveit2/install/hc10dt_moveit_config/share/hc10dt_moveit_config/launch/move_group.launch.py\n'}
[0.135566] (hc10dt_moveit_config) StdoutLine: {'line': b'-- Up-to-date symlink: /home/janperenic/moveit2/install/hc10dt_moveit_config/share/hc10dt_moveit_config/launch/moveit_rviz.launch.py\n'}
[0.135692] (hc10dt_moveit_config) StdoutLine: {'line': b'-- Up-to-date symlink: /home/janperenic/moveit2/install/hc10dt_moveit_config/share/hc10dt_moveit_config/launch/rsp.launch.py\n'}
[0.135771] (hc10dt_moveit_config) StdoutLine: {'line': b'-- Up-to-date symlink: /home/janperenic/moveit2/install/hc10dt_moveit_config/share/hc10dt_moveit_config/launch/setup_assistant.launch.py\n'}
[0.135870] (hc10dt_moveit_config) StdoutLine: {'line': b'-- Up-to-date symlink: /home/janperenic/moveit2/install/hc10dt_moveit_config/share/hc10dt_moveit_config/launch/spawn_controllers.launch.py\n'}
[0.135973] (hc10dt_moveit_config) StdoutLine: {'line': b'-- Up-to-date symlink: /home/janperenic/moveit2/install/hc10dt_moveit_config/share/hc10dt_moveit_config/launch/static_virtual_joint_tfs.launch.py\n'}
[0.136082] (hc10dt_moveit_config) StdoutLine: {'line': b'-- Up-to-date symlink: /home/janperenic/moveit2/install/hc10dt_moveit_config/share/hc10dt_moveit_config/launch/warehouse_db.launch.py\n'}
[0.136381] (hc10dt_moveit_config) StdoutLine: {'line': b'-- Up-to-date symlink: /home/janperenic/moveit2/install/hc10dt_moveit_config/share/hc10dt_moveit_config/config/initial_positions.yaml\n'}
[0.136476] (hc10dt_moveit_config) StdoutLine: {'line': b'-- Up-to-date symlink: /home/janperenic/moveit2/install/hc10dt_moveit_config/share/hc10dt_moveit_config/config/joint_limits.yaml\n'}
[0.136580] (hc10dt_moveit_config) StdoutLine: {'line': b'-- Up-to-date symlink: /home/janperenic/moveit2/install/hc10dt_moveit_config/share/hc10dt_moveit_config/config/kinematics.yaml\n'}
[0.136656] (hc10dt_moveit_config) StdoutLine: {'line': b'-- Up-to-date symlink: /home/janperenic/moveit2/install/hc10dt_moveit_config/share/hc10dt_moveit_config/config/motoman_hc10dt.ros2_control.xacro\n'}
[0.136734] (motion_planning_python_api) StdoutLine: {'line': b'-- Up-to-date symlink: /home/janperenic/moveit2/install/motion_planning_python_api/share/ament_index/resource_index/packages/motion_planning_python_api\n'}
[0.136903] (hc10dt_moveit_config) StdoutLine: {'line': b'-- Up-to-date symlink: /home/janperenic/moveit2/install/hc10dt_moveit_config/share/hc10dt_moveit_config/config/motoman_hc10dt.srdf\n'}
[0.136992] (hc10dt_moveit_config) StdoutLine: {'line': b'-- Up-to-date symlink: /home/janperenic/moveit2/install/hc10dt_moveit_config/share/hc10dt_moveit_config/config/motoman_hc10dt.urdf.xacro\n'}
[0.137063] (motion_planning_python_api) StdoutLine: {'line': b'-- Up-to-date symlink: /home/janperenic/moveit2/install/motion_planning_python_api/share/motion_planning_python_api/cmake/motion_planning_python_apiConfig.cmake\n'}
[0.137121] (hc10dt_moveit_config) StdoutLine: {'line': b'-- Up-to-date symlink: /home/janperenic/moveit2/install/hc10dt_moveit_config/share/hc10dt_moveit_config/config/moveit.rviz\n'}
[0.137202] (hc10dt_moveit_config) StdoutLine: {'line': b'-- Up-to-date symlink: /home/janperenic/moveit2/install/hc10dt_moveit_config/share/hc10dt_moveit_config/config/moveit_controllers.yaml\n'}
[0.137312] (motion_planning_python_api) StdoutLine: {'line': b'-- Up-to-date symlink: /home/janperenic/moveit2/install/motion_planning_python_api/share/motion_planning_python_api/cmake/motion_planning_python_apiConfig-version.cmake\n'}
[0.137370] (motion_planning_python_api) StdoutLine: {'line': b'-- Up-to-date symlink: /home/janperenic/moveit2/install/motion_planning_python_api/share/motion_planning_python_api/package.xml\n'}
[0.137419] (hc10dt_moveit_config) StdoutLine: {'line': b'-- Up-to-date symlink: /home/janperenic/moveit2/install/hc10dt_moveit_config/share/hc10dt_moveit_config/config/pilz_cartesian_limits.yaml\n'}
[0.137468] (hc10dt_moveit_config) StdoutLine: {'line': b'-- Up-to-date symlink: /home/janperenic/moveit2/install/hc10dt_moveit_config/share/hc10dt_moveit_config/config/ros2_controllers.yaml\n'}
[0.137533] (hc10dt_moveit_config) StdoutLine: {'line': b'-- Up-to-date symlink: /home/janperenic/moveit2/install/hc10dt_moveit_config/share/hc10dt_moveit_config/config/sensors_3d.yaml\n'}
[0.137612] (hc10dt_moveit_config) StdoutLine: {'line': b'-- Up-to-date symlink: /home/janperenic/moveit2/install/hc10dt_moveit_config/share/hc10dt_moveit_config/urdf/common_colors.xacro\n'}
[0.137673] (hc10dt_moveit_config) StdoutLine: {'line': b'-- Up-to-date symlink: /home/janperenic/moveit2/install/hc10dt_moveit_config/share/hc10dt_moveit_config/urdf/common_materials.xacro\n'}
[0.137736] (hc10dt_moveit_config) StdoutLine: {'line': b'-- Up-to-date symlink: /home/janperenic/moveit2/install/hc10dt_moveit_config/share/hc10dt_moveit_config/urdf/hc10dt.urdf\n'}
[0.137892] (hc10dt_moveit_config) StdoutLine: {'line': b'-- Up-to-date symlink: /home/janperenic/moveit2/install/hc10dt_moveit_config/share/hc10dt_moveit_config/urdf/hc10dt.xacro\n'}
[0.138019] (hc10dt_moveit_config) StdoutLine: {'line': b'-- Up-to-date symlink: /home/janperenic/moveit2/install/hc10dt_moveit_config/share/hc10dt_moveit_config/urdf/hc10dt_macro.xacro\n'}
[0.138537] (hc10dt_moveit_config) StdoutLine: {'line': b'-- Up-to-date symlink: /home/janperenic/moveit2/install/hc10dt_moveit_config/share/hc10dt_moveit_config/meshes/collision/base_link.stl\n'}
[0.138664] (hc10dt_moveit_config) StdoutLine: {'line': b'-- Up-to-date symlink: /home/janperenic/moveit2/install/hc10dt_moveit_config/share/hc10dt_moveit_config/meshes/collision/link_1_s.stl\n'}
[0.138977] (hc10dt_moveit_config) StdoutLine: {'line': b'-- Up-to-date symlink: /home/janperenic/moveit2/install/hc10dt_moveit_config/share/hc10dt_moveit_config/meshes/collision/link_2_l.stl\n'}
[0.139087] (hc10dt_moveit_config) StdoutLine: {'line': b'-- Up-to-date symlink: /home/janperenic/moveit2/install/hc10dt_moveit_config/share/hc10dt_moveit_config/meshes/collision/link_3_u.stl\n'}
[0.139258] (hc10dt_moveit_config) StdoutLine: {'line': b'-- Up-to-date symlink: /home/janperenic/moveit2/install/hc10dt_moveit_config/share/hc10dt_moveit_config/meshes/collision/link_4_r.stl\n'}
[0.139376] (hc10dt_moveit_config) StdoutLine: {'line': b'-- Up-to-date symlink: /home/janperenic/moveit2/install/hc10dt_moveit_config/share/hc10dt_moveit_config/meshes/collision/link_5_b.stl\n'}
[0.139844] (hc10dt_moveit_config) StdoutLine: {'line': b'-- Up-to-date symlink: /home/janperenic/moveit2/install/hc10dt_moveit_config/share/hc10dt_moveit_config/meshes/collision/link_6_t.stl\n'}
[0.139953] (hc10dt_moveit_config) StdoutLine: {'line': b'-- Up-to-date symlink: /home/janperenic/moveit2/install/hc10dt_moveit_config/share/hc10dt_moveit_config/meshes/visual/base_link.dae\n'}
[0.140029] (hc10dt_moveit_config) StdoutLine: {'line': b'-- Up-to-date symlink: /home/janperenic/moveit2/install/hc10dt_moveit_config/share/hc10dt_moveit_config/meshes/visual/link_1_s.dae\n'}
[0.140082] (hc10dt_moveit_config) StdoutLine: {'line': b'-- Up-to-date symlink: /home/janperenic/moveit2/install/hc10dt_moveit_config/share/hc10dt_moveit_config/meshes/visual/link_2_l.dae\n'}
[0.140132] (hc10dt_moveit_config) StdoutLine: {'line': b'-- Up-to-date symlink: /home/janperenic/moveit2/install/hc10dt_moveit_config/share/hc10dt_moveit_config/meshes/visual/link_3_u.dae\n'}
[0.140179] (hc10dt_moveit_config) StdoutLine: {'line': b'-- Up-to-date symlink: /home/janperenic/moveit2/install/hc10dt_moveit_config/share/hc10dt_moveit_config/meshes/visual/link_4_r.dae\n'}
[0.140263] (hc10dt_moveit_config) StdoutLine: {'line': b'-- Up-to-date symlink: /home/janperenic/moveit2/install/hc10dt_moveit_config/share/hc10dt_moveit_config/meshes/visual/link_5_b.dae\n'}
[0.140579] (hc10dt_moveit_config) StdoutLine: {'line': b'-- Up-to-date symlink: /home/janperenic/moveit2/install/hc10dt_moveit_config/share/hc10dt_moveit_config/meshes/visual/link_6_t.dae\n'}
[0.141085] (hc10dt_moveit_config) StdoutLine: {'line': b'-- Up-to-date symlink: /home/janperenic/moveit2/install/hc10dt_moveit_config/share/hc10dt_moveit_config/scripts/demo_move.py\n'}
[0.141671] (hc10dt_moveit_config) StdoutLine: {'line': b'-- Up-to-date symlink: /home/janperenic/moveit2/install/hc10dt_moveit_config/share/hc10dt_moveit_config/.setup_assistant\n'}
[0.141758] (motion_planning_python_api) CommandEnded: {'returncode': 0}
[0.154563] (hc10dt_moveit_config) CommandEnded: {'returncode': 0}
[0.174321] (hello_moveit) StdoutLine: {'line': b'-- Override CMake install command with custom implementation using symlinks instead of copying resources\n'}
[0.184513] (hello_moveit) StdoutLine: {'line': b'-- Found moveit_ros_planning_interface: 2.5.5 (/opt/ros/humble/share/moveit_ros_planning_interface/cmake)\n'}
[0.187111] (motion_planning_python_api) JobEnded: {'identifier': 'motion_planning_python_api', 'rc': 0}
[0.194622] (hello_moveit) StdoutLine: {'line': b'-- Found Boost: /usr/lib/x86_64-linux-gnu/cmake/Boost-1.74.0/BoostConfig.cmake (found version "1.74.0") found components: date_time filesystem program_options system thread \n'}
[0.196186] (hc10dt_moveit_config) JobEnded: {'identifier': 'hc10dt_moveit_config', 'rc': 0}
[0.199806] (-) TimerEvent: {}
[0.221089] (hello_moveit) StdoutLine: {'line': b'-- Found rosidl_generator_c: 3.1.5 (/opt/ros/humble/share/rosidl_generator_c/cmake)\n'}
[0.223058] (hello_moveit) StdoutLine: {'line': b'-- Found rosidl_adapter: 3.1.5 (/opt/ros/humble/share/rosidl_adapter/cmake)\n'}
[0.228186] (hello_moveit) StdoutLine: {'line': b'-- Found rosidl_generator_cpp: 3.1.5 (/opt/ros/humble/share/rosidl_generator_cpp/cmake)\n'}
[0.236164] (hello_moveit) StdoutLine: {'line': b'-- Using all available rosidl_typesupport_c: rosidl_typesupport_fastrtps_c;rosidl_typesupport_introspection_c\n'}
[0.246557] (hello_moveit) StdoutLine: {'line': b'-- Using all available rosidl_typesupport_cpp: rosidl_typesupport_fastrtps_cpp;rosidl_typesupport_introspection_cpp\n'}
[0.299945] (-) TimerEvent: {}
[0.399621] (hello_moveit) StdoutLine: {'line': b'-- Found Boost: /usr/lib/x86_64-linux-gnu/cmake/Boost-1.74.0/BoostConfig.cmake (found version "1.74.0") found components: chrono date_time filesystem iostreams program_options regex serialization system thread \n'}
[0.400014] (-) TimerEvent: {}
[0.406069] (hello_moveit) StdoutLine: {'line': b'-- Found parameter_traits: 0.3.8 (/opt/ros/humble/share/parameter_traits/cmake)\n'}
[0.426424] (hello_moveit) StdoutLine: {'line': b'-- Found rmw_implementation_cmake: 6.1.2 (/opt/ros/humble/share/rmw_implementation_cmake/cmake)\n'}
[0.427258] (hello_moveit) StdoutLine: {'line': b'-- Found rmw_fastrtps_cpp: 6.2.7 (/opt/ros/humble/share/rmw_fastrtps_cpp/cmake)\n'}
[0.500152] (-) TimerEvent: {}
[0.522704] (hello_moveit) StdoutLine: {'line': b"-- Using RMW implementation 'rmw_fastrtps_cpp' as default\n"}
[0.555229] (hello_moveit) StdoutLine: {'line': b'-- Found rclcpp_lifecycle: 16.0.10 (/opt/ros/humble/share/rclcpp_lifecycle/cmake)\n'}
[0.570943] (hello_moveit) StdoutLine: {'line': b'-- Found Boost: /usr/lib/x86_64-linux-gnu/cmake/Boost-1.74.0/BoostConfig.cmake (found version "1.74.0") found components: filesystem \n'}
[0.600237] (-) TimerEvent: {}
[0.601879] (hello_moveit) StdoutLine: {'line': b'-- library: /usr/lib/x86_64-linux-gnu/libcurl.so\n'}
[0.622279] (hello_moveit) StdoutLine: {'line': b'-- Ensuring Eigen3 include directory is part of orocos-kdl CMake target\n'}
[0.700381] (-) TimerEvent: {}
[0.744315] (hello_moveit) StdoutLine: {'line': b'-- Found Boost: /usr/lib/x86_64-linux-gnu/cmake/Boost-1.74.0/BoostConfig.cmake (found version "1.74.0") found components: system filesystem date_time program_options thread chrono \n'}
[0.771119] (hello_moveit) StdoutLine: {'line': b'-- Found Boost: /usr/lib/x86_64-linux-gnu/cmake/Boost-1.74.0/BoostConfig.cmake (found version "1.74.0") found components: thread system filesystem regex date_time program_options \n'}
[0.789179] (hello_moveit) StdoutLine: {'line': b'-- Found Boost: /usr/lib/x86_64-linux-gnu/cmake/Boost-1.74.0/BoostConfig.cmake (found version "1.74.0") found components: system filesystem date_time program_options thread \n'}
[0.800509] (-) TimerEvent: {}
[0.825813] (hello_moveit) StderrLine: {'line': b'\x1b[31mCMake Error at CMakeLists.txt:12 (find_package):\n'}
[0.826107] (hello_moveit) StderrLine: {'line': b'  By not providing "Findmoveit_visual_tools.cmake" in CMAKE_MODULE_PATH this\n'}
[0.826159] (hello_moveit) StderrLine: {'line': b'  project has asked CMake to find a package configuration file provided by\n'}
[0.826213] (hello_moveit) StderrLine: {'line': b'  "moveit_visual_tools", but CMake did not find one.\n'}
[0.826263] (hello_moveit) StderrLine: {'line': b'\n'}
[0.826309] (hello_moveit) StderrLine: {'line': b'  Could not find a package configuration file provided by\n'}
[0.826361] (hello_moveit) StderrLine: {'line': b'  "moveit_visual_tools" with any of the following names:\n'}
[0.826410] (hello_moveit) StderrLine: {'line': b'\n'}
[0.826463] (hello_moveit) StderrLine: {'line': b'    moveit_visual_toolsConfig.cmake\n'}
[0.826508] (hello_moveit) StderrLine: {'line': b'    moveit_visual_tools-config.cmake\n'}
[0.826553] (hello_moveit) StderrLine: {'line': b'\n'}
[0.826597] (hello_moveit) StderrLine: {'line': b'  Add the installation prefix of "moveit_visual_tools" to CMAKE_PREFIX_PATH\n'}
[0.826646] (hello_moveit) StderrLine: {'line': b'  or set "moveit_visual_tools_DIR" to a directory containing one of the above\n'}
[0.826692] (hello_moveit) StderrLine: {'line': b'  files.  If "moveit_visual_tools" provides a separate development package or\n'}
[0.826735] (hello_moveit) StderrLine: {'line': b'  SDK, be sure it has been installed.\n'}
[0.826786] (hello_moveit) StderrLine: {'line': b'\n'}
[0.826856] (hello_moveit) StderrLine: {'line': b'\x1b[0m\n'}
[0.826911] (hello_moveit) StdoutLine: {'line': b'-- Configuring incomplete, errors occurred!\n'}
[0.826968] (hello_moveit) StdoutLine: {'line': b'See also "/home/janperenic/moveit2/build/hello_moveit/CMakeFiles/CMakeOutput.log".\n'}
[0.852946] (hello_moveit) CommandEnded: {'returncode': 1}
[0.877077] (hello_moveit) JobEnded: {'identifier': 'hello_moveit', 'rc': 1}
[0.887639] (-) EventReactorShutdown: {}
