[0.012s] Invoking command in '/home/janperenic/moveit2/build/hello_moveit': CMAKE_PREFIX_PATH=${CMAKE_PREFIX_PATH}:/opt/ros/humble /usr/bin/cmake /home/janperenic/moveit2/src/hello_moveit -DCMAKE_BUILD_TYPE=Debug -DCMAKE_INSTALL_PREFIX=/home/janperenic/moveit2/install/hello_moveit
[0.021s] -- Found ament_cmake: 1.3.10 (/opt/ros/humble/share/ament_cmake/cmake)
[0.117s] -- Override CMake install command with custom implementation using symlinks instead of copying resources
[0.123s] -- Found moveit_ros_planning_interface: 2.5.5 (/opt/ros/humble/share/moveit_ros_planning_interface/cmake)
[0.132s] -- Found Boost: /usr/lib/x86_64-linux-gnu/cmake/Boost-1.74.0/BoostConfig.cmake (found version "1.74.0") found components: date_time filesystem program_options system thread 
[0.156s] -- Found rosidl_generator_c: 3.1.5 (/opt/ros/humble/share/rosidl_generator_c/cmake)
[0.158s] -- Found rosidl_adapter: 3.1.5 (/opt/ros/humble/share/rosidl_adapter/cmake)
[0.162s] -- Found rosidl_generator_cpp: 3.1.5 (/opt/ros/humble/share/rosidl_generator_cpp/cmake)
[0.170s] -- Using all available rosidl_typesupport_c: rosidl_typesupport_fastrtps_c;rosidl_typesupport_introspection_c
[0.180s] -- Using all available rosidl_typesupport_cpp: rosidl_typesupport_fastrtps_cpp;rosidl_typesupport_introspection_cpp
[0.323s] -- Found Boost: /usr/lib/x86_64-linux-gnu/cmake/Boost-1.74.0/BoostConfig.cmake (found version "1.74.0") found components: chrono date_time filesystem iostreams program_options regex serialization system thread 
[0.329s] -- Found parameter_traits: 0.3.8 (/opt/ros/humble/share/parameter_traits/cmake)
[0.350s] -- Found rmw_implementation_cmake: 6.1.2 (/opt/ros/humble/share/rmw_implementation_cmake/cmake)
[0.351s] -- Found rmw_fastrtps_cpp: 6.2.7 (/opt/ros/humble/share/rmw_fastrtps_cpp/cmake)
[0.449s] -- Using RMW implementation 'rmw_fastrtps_cpp' as default
[0.483s] -- Found rclcpp_lifecycle: 16.0.10 (/opt/ros/humble/share/rclcpp_lifecycle/cmake)
[0.499s] -- Found Boost: /usr/lib/x86_64-linux-gnu/cmake/Boost-1.74.0/BoostConfig.cmake (found version "1.74.0") found components: filesystem 
[0.531s] -- library: /usr/lib/x86_64-linux-gnu/libcurl.so
[0.552s] -- Ensuring Eigen3 include directory is part of orocos-kdl CMake target
[0.645s] -- Found Boost: /usr/lib/x86_64-linux-gnu/cmake/Boost-1.74.0/BoostConfig.cmake (found version "1.74.0") found components: system filesystem date_time program_options thread chrono 
[0.669s] -- Found Boost: /usr/lib/x86_64-linux-gnu/cmake/Boost-1.74.0/BoostConfig.cmake (found version "1.74.0") found components: thread system filesystem regex date_time program_options 
[0.685s] -- Found Boost: /usr/lib/x86_64-linux-gnu/cmake/Boost-1.74.0/BoostConfig.cmake (found version "1.74.0") found components: system filesystem date_time program_options thread 
[0.706s] -- Found moveit_visual_tools: 4.1.0 (/opt/ros/humble/share/moveit_visual_tools/cmake)
[0.741s] -- Setting assimp_DIR to: '/opt/ros/humble/share/rviz_assimp_vendor/cmake/../../../opt/rviz_assimp_vendor/lib/cmake/assimp-4.1'
[0.744s] -- Setting OGRE_DIR to: '/opt/ros/humble/share/rviz_ogre_vendor/cmake/../../../opt/rviz_ogre_vendor/lib/OGRE/cmake'
[0.746s] -- Found OGRE
[0.746s] --   static     : OFF
[0.746s] --   components : HLMS;MeshLodGenerator;Overlay;Paging;Property;RTShaderSystem;Terrain;Volume
[0.746s] --   plugins    : Plugin_BSPSceneManager;Plugin_OctreeSceneManager;Plugin_PCZSceneManager;Plugin_ParticleFX;RenderSystem_GL;RenderSystem_GL3Plus;Codec_STBI
[0.746s] --   media      : /opt/ros/humble/opt/rviz_ogre_vendor/share/OGRE/Media
[0.746s] -- OGRE_LIBRARIES: OgreHLMS;OgreMeshLodGenerator;OgreOverlay;OgrePaging;OgreProperty;OgreRTShaderSystem;OgreTerrain;OgreVolume;OgreMain
[0.746s] -- OGRE_LIBRARY_DIRS: /opt/ros/humble/opt/rviz_ogre_vendor/lib
[0.746s] -- OGRE_PLUGINS: Plugin_BSPSceneManager;Plugin_OctreeSceneManager;Plugin_PCZSceneManager;Plugin_ParticleFX;RenderSystem_GL;RenderSystem_GL3Plus;Codec_STBI
[0.746s] -- OGRE_PLUGIN_DIR: /opt/ros/humble/opt/rviz_ogre_vendor/lib/OGRE
[0.746s] -- rviz_ogre_vendor::OgreOverlay for IMPORTED_LOCATION_RELEASE: /opt/ros/humble/opt/rviz_ogre_vendor/lib/libOgreOverlay.so
[0.746s] -- rviz_ogre_vendor::OgreOverlay for IMPORTED_LOCATION_DEBUG: /opt/ros/humble/opt/rviz_ogre_vendor/lib/libOgreOverlay.so
[0.746s] -- rviz_ogre_vendor::OgreMain for IMPORTED_LOCATION_RELEASE: /opt/ros/humble/opt/rviz_ogre_vendor/lib/libOgreMain.so
[0.746s] -- rviz_ogre_vendor::OgreMain for IMPORTED_LOCATION_DEBUG: /opt/ros/humble/opt/rviz_ogre_vendor/lib/libOgreMain.so
[0.845s] -- Found ament_lint_auto: 0.12.11 (/opt/ros/humble/share/ament_lint_auto/cmake)
[0.902s] -- Added test 'cppcheck' to perform static code analysis on C / C++ code
[0.902s] -- Configured cppcheck include dirs: $<BUILD_INTERFACE:/home/janperenic/moveit2/src/hello_moveit/include>
[0.902s] -- Configured cppcheck exclude dirs and/or files: 
[0.903s] -- Added test 'flake8' to check Python code syntax and style conventions
[0.903s] -- Added test 'lint_cmake' to check CMake code style
[0.903s] -- Added test 'pep257' to check Python code against some of the docstring style conventions in PEP 257
[0.904s] -- Added test 'uncrustify' to check C / C++ code style
[0.904s] -- Configured uncrustify additional arguments: 
[0.904s] -- Added test 'xmllint' to check XML markup files
[0.905s] -- Configuring done
[0.936s] -- Generating done
[0.938s] -- Build files have been written to: /home/janperenic/moveit2/build/hello_moveit
[0.951s] Invoked command in '/home/janperenic/moveit2/build/hello_moveit' returned '0': CMAKE_PREFIX_PATH=${CMAKE_PREFIX_PATH}:/opt/ros/humble /usr/bin/cmake /home/janperenic/moveit2/src/hello_moveit -DCMAKE_BUILD_TYPE=Debug -DCMAKE_INSTALL_PREFIX=/home/janperenic/moveit2/install/hello_moveit
[0.953s] Invoking command in '/home/janperenic/moveit2/build/hello_moveit': CMAKE_PREFIX_PATH=${CMAKE_PREFIX_PATH}:/opt/ros/humble /usr/bin/cmake --build /home/janperenic/moveit2/build/hello_moveit -- -j16 -l16
[0.993s] [35m[1mConsolidate compiler generated dependencies of target hello_moveit_node[0m
[1.013s] [ 50%] [32mBuilding CXX object CMakeFiles/hello_moveit_node.dir/src/hello_moveit.cpp.o[0m
[10.894s] [100%] [32m[1mLinking CXX executable hello_moveit_node[0m
[11.244s] [100%] Built target hello_moveit_node
[11.255s] Invoked command in '/home/janperenic/moveit2/build/hello_moveit' returned '0': CMAKE_PREFIX_PATH=${CMAKE_PREFIX_PATH}:/opt/ros/humble /usr/bin/cmake --build /home/janperenic/moveit2/build/hello_moveit -- -j16 -l16
[11.279s] Invoking command in '/home/janperenic/moveit2/build/hello_moveit': CMAKE_PREFIX_PATH=${CMAKE_PREFIX_PATH}:/opt/ros/humble /usr/bin/cmake --install /home/janperenic/moveit2/build/hello_moveit
[11.285s] -- Install configuration: "Debug"
[11.286s] -- Execute custom install script
[11.286s] -- Up-to-date symlink: /home/janperenic/moveit2/install/hello_moveit/lib/hello_moveit/hello_moveit_node
[11.286s] -- Up-to-date symlink: /home/janperenic/moveit2/install/hello_moveit/share/ament_index/resource_index/package_run_dependencies/hello_moveit
[11.286s] -- Up-to-date symlink: /home/janperenic/moveit2/install/hello_moveit/share/ament_index/resource_index/parent_prefix_path/hello_moveit
[11.286s] -- Up-to-date symlink: /home/janperenic/moveit2/install/hello_moveit/share/hello_moveit/environment/ament_prefix_path.sh
[11.286s] -- Up-to-date symlink: /home/janperenic/moveit2/install/hello_moveit/share/hello_moveit/environment/ament_prefix_path.dsv
[11.286s] -- Up-to-date symlink: /home/janperenic/moveit2/install/hello_moveit/share/hello_moveit/environment/path.sh
[11.286s] -- Up-to-date symlink: /home/janperenic/moveit2/install/hello_moveit/share/hello_moveit/environment/path.dsv
[11.287s] -- Up-to-date symlink: /home/janperenic/moveit2/install/hello_moveit/share/hello_moveit/local_setup.bash
[11.287s] -- Up-to-date symlink: /home/janperenic/moveit2/install/hello_moveit/share/hello_moveit/local_setup.sh
[11.287s] -- Up-to-date symlink: /home/janperenic/moveit2/install/hello_moveit/share/hello_moveit/local_setup.zsh
[11.287s] -- Up-to-date symlink: /home/janperenic/moveit2/install/hello_moveit/share/hello_moveit/local_setup.dsv
[11.287s] -- Symlinking: /home/janperenic/moveit2/install/hello_moveit/share/hello_moveit/package.dsv
[11.295s] -- Up-to-date symlink: /home/janperenic/moveit2/install/hello_moveit/share/ament_index/resource_index/packages/hello_moveit
[11.295s] -- Up-to-date symlink: /home/janperenic/moveit2/install/hello_moveit/share/hello_moveit/cmake/hello_moveitConfig.cmake
[11.295s] -- Up-to-date symlink: /home/janperenic/moveit2/install/hello_moveit/share/hello_moveit/cmake/hello_moveitConfig-version.cmake
[11.295s] -- Up-to-date symlink: /home/janperenic/moveit2/install/hello_moveit/share/hello_moveit/package.xml
[11.297s] Invoked command in '/home/janperenic/moveit2/build/hello_moveit' returned '0': CMAKE_PREFIX_PATH=${CMAKE_PREFIX_PATH}:/opt/ros/humble /usr/bin/cmake --install /home/janperenic/moveit2/build/hello_moveit
