[0.000000] (-) TimerEvent: {}
[0.000131] (-) JobUnselected: {'identifier': 'hc10dt_moveit_config'}
[0.000155] (-) JobUnselected: {'identifier': 'motion_planning_python_api'}
[0.000176] (hello_moveit) JobQueued: {'identifier': 'hello_moveit', 'dependencies': OrderedDict()}
[0.000198] (hello_moveit) JobStarted: {'identifier': 'hello_moveit'}
[0.006518] (hello_moveit) JobProgress: {'identifier': 'hello_moveit', 'progress': 'cmake'}
[0.007157] (hello_moveit) JobProgress: {'identifier': 'hello_moveit', 'progress': 'build'}
[0.007765] (hello_moveit) Command: {'cmd': ['/usr/bin/cmake', '--build', '/home/janperenic/moveit2/build/hello_moveit', '--', '-j16', '-l16'], 'cwd': '/home/janperenic/moveit2/build/hello_moveit', 'env': OrderedDict([('USER', 'janperenic'), ('LC_TIME', 'de_AT.UTF-8'), ('XDG_SESSION_TYPE', 'x11'), ('SHLVL', '1'), ('LD_LIBRARY_PATH', '/usr/lib/x86_64-linux-gnu/gazebo-11/plugins:/opt/ros/humble/opt/rviz_ogre_vendor/lib:/opt/ros/humble/lib/x86_64-linux-gnu:/opt/ros/humble/lib'), ('HOME', '/home/janperenic'), ('DESKTOP_SESSION', 'ubuntu'), ('ROS_PYTHON_VERSION', '3'), ('GNOME_SHELL_SESSION_MODE', 'ubuntu'), ('GTK_MODULES', 'gail:atk-bridge'), ('LC_MONETARY', 'de_AT.UTF-8'), ('SYSTEMD_EXEC_PID', '4435'), ('DBUS_SESSION_BUS_ADDRESS', 'unix:path=/run/user/1000/bus'), ('COLORTERM', 'truecolor'), ('ROS_DISTRO', 'humble'), ('GTK_IM_MODULE', 'ibus'), ('LOGNAME', 'janperenic'), ('_', '/usr/bin/colcon'), ('ROS_VERSION', '2'), ('XDG_SESSION_CLASS', 'user'), ('USERNAME', 'janperenic'), ('TERM', 'xterm-256color'), ('GNOME_DESKTOP_SESSION_ID', 'this-is-deprecated'), ('ROS_LOCALHOST_ONLY', '0'), ('WINDOWPATH', '2'), ('PATH', '/opt/ros/humble/bin:/usr/local/sbin:/usr/local/bin:/usr/sbin:/usr/bin:/sbin:/bin:/usr/games:/usr/local/games:/snap/bin:/snap/bin'), ('SESSION_MANAGER', 'local/janperenic-OMEN:@/tmp/.ICE-unix/2116,unix/janperenic-OMEN:/tmp/.ICE-unix/2116'), ('XDG_MENU_PREFIX', 'gnome-'), ('LC_ADDRESS', 'de_AT.UTF-8'), ('GNOME_TERMINAL_SCREEN', '/org/gnome/Terminal/screen/fbe61438_6246_47b4_8641_cc8204e6f13f'), ('XDG_RUNTIME_DIR', '/run/user/1000'), ('DISPLAY', ':1'), ('LANG', 'en_US.UTF-8'), ('XDG_CURRENT_DESKTOP', 'ubuntu:GNOME'), ('LC_TELEPHONE', 'de_AT.UTF-8'), ('XMODIFIERS', '@im=ibus'), ('XDG_SESSION_DESKTOP', 'ubuntu'), ('XAUTHORITY', '/run/user/1000/gdm/Xauthority'), ('GNOME_TERMINAL_SERVICE', ':1.105'), ('SSH_AGENT_LAUNCHER', 'gnome-keyring'), ('SSH_AUTH_SOCK', '/run/user/1000/keyring/ssh'), ('AMENT_PREFIX_PATH', '/opt/ros/humble'), ('SHELL', '/bin/bash'), ('LC_NAME', 'de_AT.UTF-8'), ('QT_ACCESSIBILITY', '1'), ('GDMSESSION', 'ubuntu'), ('LC_MEASUREMENT', 'de_AT.UTF-8'), ('GPG_AGENT_INFO', '/run/user/1000/gnupg/S.gpg-agent:0:1'), ('LC_IDENTIFICATION', 'de_AT.UTF-8'), ('QT_IM_MODULE', 'ibus'), ('PWD', '/home/janperenic/moveit2/build/hello_moveit'), ('LC_ALL', 'en_US.UTF-8'), ('XDG_CONFIG_DIRS', '/etc/xdg/xdg-ubuntu:/etc/xdg'), ('XDG_DATA_DIRS', '/usr/share/ubuntu:/usr/share/gnome:/usr/local/share/:/usr/share/:/var/lib/snapd/desktop'), ('PYTHONPATH', '/opt/ros/humble/lib/python3.10/site-packages:/opt/ros/humble/local/lib/python3.10/dist-packages'), ('LC_NUMERIC', 'de_AT.UTF-8'), ('LC_PAPER', 'de_AT.UTF-8'), ('COLCON', '1'), ('VTE_VERSION', '6800'), ('CMAKE_PREFIX_PATH', '/opt/ros/humble')]), 'shell': False}
[0.057775] (hello_moveit) StdoutLine: {'line': b'\x1b[35m\x1b[1mConsolidate compiler generated dependencies of target hello_moveit_node\x1b[0m\n'}
[0.084647] (hello_moveit) StdoutLine: {'line': b'[100%] Built target hello_moveit_node\n'}
[0.095257] (hello_moveit) CommandEnded: {'returncode': 0}
[0.099332] (-) TimerEvent: {}
[0.120871] (hello_moveit) JobProgress: {'identifier': 'hello_moveit', 'progress': 'install'}
[0.129692] (hello_moveit) Command: {'cmd': ['/usr/bin/cmake', '--install', '/home/janperenic/moveit2/build/hello_moveit'], 'cwd': '/home/janperenic/moveit2/build/hello_moveit', 'env': OrderedDict([('USER', 'janperenic'), ('LC_TIME', 'de_AT.UTF-8'), ('XDG_SESSION_TYPE', 'x11'), ('SHLVL', '1'), ('LD_LIBRARY_PATH', '/usr/lib/x86_64-linux-gnu/gazebo-11/plugins:/opt/ros/humble/opt/rviz_ogre_vendor/lib:/opt/ros/humble/lib/x86_64-linux-gnu:/opt/ros/humble/lib'), ('HOME', '/home/janperenic'), ('DESKTOP_SESSION', 'ubuntu'), ('ROS_PYTHON_VERSION', '3'), ('GNOME_SHELL_SESSION_MODE', 'ubuntu'), ('GTK_MODULES', 'gail:atk-bridge'), ('LC_MONETARY', 'de_AT.UTF-8'), ('SYSTEMD_EXEC_PID', '4435'), ('DBUS_SESSION_BUS_ADDRESS', 'unix:path=/run/user/1000/bus'), ('COLORTERM', 'truecolor'), ('ROS_DISTRO', 'humble'), ('GTK_IM_MODULE', 'ibus'), ('LOGNAME', 'janperenic'), ('_', '/usr/bin/colcon'), ('ROS_VERSION', '2'), ('XDG_SESSION_CLASS', 'user'), ('USERNAME', 'janperenic'), ('TERM', 'xterm-256color'), ('GNOME_DESKTOP_SESSION_ID', 'this-is-deprecated'), ('ROS_LOCALHOST_ONLY', '0'), ('WINDOWPATH', '2'), ('PATH', '/opt/ros/humble/bin:/usr/local/sbin:/usr/local/bin:/usr/sbin:/usr/bin:/sbin:/bin:/usr/games:/usr/local/games:/snap/bin:/snap/bin'), ('SESSION_MANAGER', 'local/janperenic-OMEN:@/tmp/.ICE-unix/2116,unix/janperenic-OMEN:/tmp/.ICE-unix/2116'), ('XDG_MENU_PREFIX', 'gnome-'), ('LC_ADDRESS', 'de_AT.UTF-8'), ('GNOME_TERMINAL_SCREEN', '/org/gnome/Terminal/screen/fbe61438_6246_47b4_8641_cc8204e6f13f'), ('XDG_RUNTIME_DIR', '/run/user/1000'), ('DISPLAY', ':1'), ('LANG', 'en_US.UTF-8'), ('XDG_CURRENT_DESKTOP', 'ubuntu:GNOME'), ('LC_TELEPHONE', 'de_AT.UTF-8'), ('XMODIFIERS', '@im=ibus'), ('XDG_SESSION_DESKTOP', 'ubuntu'), ('XAUTHORITY', '/run/user/1000/gdm/Xauthority'), ('GNOME_TERMINAL_SERVICE', ':1.105'), ('SSH_AGENT_LAUNCHER', 'gnome-keyring'), ('SSH_AUTH_SOCK', '/run/user/1000/keyring/ssh'), ('AMENT_PREFIX_PATH', '/opt/ros/humble'), ('SHELL', '/bin/bash'), ('LC_NAME', 'de_AT.UTF-8'), ('QT_ACCESSIBILITY', '1'), ('GDMSESSION', 'ubuntu'), ('LC_MEASUREMENT', 'de_AT.UTF-8'), ('GPG_AGENT_INFO', '/run/user/1000/gnupg/S.gpg-agent:0:1'), ('LC_IDENTIFICATION', 'de_AT.UTF-8'), ('QT_IM_MODULE', 'ibus'), ('PWD', '/home/janperenic/moveit2/build/hello_moveit'), ('LC_ALL', 'en_US.UTF-8'), ('XDG_CONFIG_DIRS', '/etc/xdg/xdg-ubuntu:/etc/xdg'), ('XDG_DATA_DIRS', '/usr/share/ubuntu:/usr/share/gnome:/usr/local/share/:/usr/share/:/var/lib/snapd/desktop'), ('PYTHONPATH', '/opt/ros/humble/lib/python3.10/site-packages:/opt/ros/humble/local/lib/python3.10/dist-packages'), ('LC_NUMERIC', 'de_AT.UTF-8'), ('LC_PAPER', 'de_AT.UTF-8'), ('COLCON', '1'), ('VTE_VERSION', '6800'), ('CMAKE_PREFIX_PATH', '/opt/ros/humble')]), 'shell': False}
[0.136111] (hello_moveit) StdoutLine: {'line': b'-- Install configuration: "Debug"\n'}
[0.136503] (hello_moveit) StdoutLine: {'line': b'-- Execute custom install script\n'}
[0.136756] (hello_moveit) StdoutLine: {'line': b'-- Up-to-date symlink: /home/janperenic/moveit2/install/hello_moveit/lib/hello_moveit/hello_moveit_node\n'}
[0.136918] (hello_moveit) StdoutLine: {'line': b'-- Up-to-date symlink: /home/janperenic/moveit2/install/hello_moveit/share/ament_index/resource_index/package_run_dependencies/hello_moveit\n'}
[0.137086] (hello_moveit) StdoutLine: {'line': b'-- Up-to-date symlink: /home/janperenic/moveit2/install/hello_moveit/share/ament_index/resource_index/parent_prefix_path/hello_moveit\n'}
[0.137217] (hello_moveit) StdoutLine: {'line': b'-- Up-to-date symlink: /home/janperenic/moveit2/install/hello_moveit/share/hello_moveit/environment/ament_prefix_path.sh\n'}
[0.137331] (hello_moveit) StdoutLine: {'line': b'-- Up-to-date symlink: /home/janperenic/moveit2/install/hello_moveit/share/hello_moveit/environment/ament_prefix_path.dsv\n'}
[0.137440] (hello_moveit) StdoutLine: {'line': b'-- Up-to-date symlink: /home/janperenic/moveit2/install/hello_moveit/share/hello_moveit/environment/path.sh\n'}
[0.137555] (hello_moveit) StdoutLine: {'line': b'-- Up-to-date symlink: /home/janperenic/moveit2/install/hello_moveit/share/hello_moveit/environment/path.dsv\n'}
[0.137685] (hello_moveit) StdoutLine: {'line': b'-- Up-to-date symlink: /home/janperenic/moveit2/install/hello_moveit/share/hello_moveit/local_setup.bash\n'}
[0.137836] (hello_moveit) StdoutLine: {'line': b'-- Up-to-date symlink: /home/janperenic/moveit2/install/hello_moveit/share/hello_moveit/local_setup.sh\n'}
[0.137905] (hello_moveit) StdoutLine: {'line': b'-- Up-to-date symlink: /home/janperenic/moveit2/install/hello_moveit/share/hello_moveit/local_setup.zsh\n'}
[0.138049] (hello_moveit) StdoutLine: {'line': b'-- Up-to-date symlink: /home/janperenic/moveit2/install/hello_moveit/share/hello_moveit/local_setup.dsv\n'}
[0.138127] (hello_moveit) StdoutLine: {'line': b'-- Symlinking: /home/janperenic/moveit2/install/hello_moveit/share/hello_moveit/package.dsv\n'}
[0.147160] (hello_moveit) StdoutLine: {'line': b'-- Up-to-date symlink: /home/janperenic/moveit2/install/hello_moveit/share/ament_index/resource_index/packages/hello_moveit\n'}
[0.147386] (hello_moveit) StdoutLine: {'line': b'-- Up-to-date symlink: /home/janperenic/moveit2/install/hello_moveit/share/hello_moveit/cmake/hello_moveitConfig.cmake\n'}
[0.147468] (hello_moveit) StdoutLine: {'line': b'-- Up-to-date symlink: /home/janperenic/moveit2/install/hello_moveit/share/hello_moveit/cmake/hello_moveitConfig-version.cmake\n'}
[0.147560] (hello_moveit) StdoutLine: {'line': b'-- Up-to-date symlink: /home/janperenic/moveit2/install/hello_moveit/share/hello_moveit/package.xml\n'}
[0.149402] (hello_moveit) CommandEnded: {'returncode': 0}
[0.188371] (hello_moveit) JobEnded: {'identifier': 'hello_moveit', 'rc': 0}
[0.189012] (-) EventReactorShutdown: {}
