[0.000000] (-) TimerEvent: {}
[0.000133] (hc10dt_moveit_config) JobQueued: {'identifier': 'hc10dt_moveit_config', 'dependencies': OrderedDict()}
[0.000160] (hello_moveit) JobQueued: {'identifier': 'hello_moveit', 'dependencies': OrderedDict()}
[0.000184] (motion_planning_python_api) JobQueued: {'identifier': 'motion_planning_python_api', 'dependencies': OrderedDict()}
[0.000704] (hc10dt_moveit_config) JobStarted: {'identifier': 'hc10dt_moveit_config'}
[0.005804] (hello_moveit) JobStarted: {'identifier': 'hello_moveit'}
[0.008578] (motion_planning_python_api) JobStarted: {'identifier': 'motion_planning_python_api'}
[0.013010] (hc10dt_moveit_config) JobProgress: {'identifier': 'hc10dt_moveit_config', 'progress': 'cmake'}
[0.013539] (hc10dt_moveit_config) JobProgress: {'identifier': 'hc10dt_moveit_config', 'progress': 'build'}
[0.014105] (hc10dt_moveit_config) Command: {'cmd': ['/usr/bin/cmake', '--build', '/home/janperenic/moveit2/build/hc10dt_moveit_config', '--', '-j16', '-l16'], 'cwd': '/home/janperenic/moveit2/build/hc10dt_moveit_config', 'env': OrderedDict([('USER', 'janperenic'), ('LC_TIME', 'de_AT.UTF-8'), ('XDG_SESSION_TYPE', 'x11'), ('SHLVL', '1'), ('LD_LIBRARY_PATH', '/usr/lib/x86_64-linux-gnu/gazebo-11/plugins:/opt/ros/humble/opt/rviz_ogre_vendor/lib:/opt/ros/humble/lib/x86_64-linux-gnu:/opt/ros/humble/lib'), ('HOME', '/home/janperenic'), ('DESKTOP_SESSION', 'ubuntu'), ('ROS_PYTHON_VERSION', '3'), ('GNOME_SHELL_SESSION_MODE', 'ubuntu'), ('GTK_MODULES', 'gail:atk-bridge'), ('LC_MONETARY', 'de_AT.UTF-8'), ('SYSTEMD_EXEC_PID', '4435'), ('DBUS_SESSION_BUS_ADDRESS', 'unix:path=/run/user/1000/bus'), ('COLORTERM', 'truecolor'), ('COLCON_PREFIX_PATH', '/home/janperenic/moveit2/install'), ('ROS_DISTRO', 'humble'), ('GTK_IM_MODULE', 'ibus'), ('LOGNAME', 'janperenic'), ('_', '/usr/bin/colcon'), ('ROS_VERSION', '2'), ('XDG_SESSION_CLASS', 'user'), ('USERNAME', 'janperenic'), ('TERM', 'xterm-256color'), ('GNOME_DESKTOP_SESSION_ID', 'this-is-deprecated'), ('ROS_LOCALHOST_ONLY', '0'), ('WINDOWPATH', '2'), ('PATH', '/opt/ros/humble/bin:/usr/local/sbin:/usr/local/bin:/usr/sbin:/usr/bin:/sbin:/bin:/usr/games:/usr/local/games:/snap/bin:/snap/bin'), ('SESSION_MANAGER', 'local/janperenic-OMEN:@/tmp/.ICE-unix/2116,unix/janperenic-OMEN:/tmp/.ICE-unix/2116'), ('XDG_MENU_PREFIX', 'gnome-'), ('LC_ADDRESS', 'de_AT.UTF-8'), ('GNOME_TERMINAL_SCREEN', '/org/gnome/Terminal/screen/fbe61438_6246_47b4_8641_cc8204e6f13f'), ('XDG_RUNTIME_DIR', '/run/user/1000'), ('DISPLAY', ':1'), ('LANG', 'en_US.UTF-8'), ('XDG_CURRENT_DESKTOP', 'ubuntu:GNOME'), ('LC_TELEPHONE', 'de_AT.UTF-8'), ('XMODIFIERS', '@im=ibus'), ('XDG_SESSION_DESKTOP', 'ubuntu'), ('XAUTHORITY', '/run/user/1000/gdm/Xauthority'), ('GNOME_TERMINAL_SERVICE', ':1.105'), ('SSH_AGENT_LAUNCHER', 'gnome-keyring'), ('SSH_AUTH_SOCK', '/run/user/1000/keyring/ssh'), ('AMENT_PREFIX_PATH', '/home/janperenic/moveit2/install/motion_planning_python_api:/home/janperenic/moveit2/install/hello_moveit:/home/janperenic/moveit2/install/hc10dt_moveit_config:/opt/ros/humble'), ('SHELL', '/bin/bash'), ('LC_NAME', 'de_AT.UTF-8'), ('QT_ACCESSIBILITY', '1'), ('GDMSESSION', 'ubuntu'), ('LC_MEASUREMENT', 'de_AT.UTF-8'), ('GPG_AGENT_INFO', '/run/user/1000/gnupg/S.gpg-agent:0:1'), ('LC_IDENTIFICATION', 'de_AT.UTF-8'), ('QT_IM_MODULE', 'ibus'), ('PWD', '/home/janperenic/moveit2/build/hc10dt_moveit_config'), ('LC_ALL', 'en_US.UTF-8'), ('XDG_CONFIG_DIRS', '/etc/xdg/xdg-ubuntu:/etc/xdg'), ('XDG_DATA_DIRS', '/usr/share/ubuntu:/usr/share/gnome:/usr/local/share/:/usr/share/:/var/lib/snapd/desktop'), ('PYTHONPATH', '/opt/ros/humble/lib/python3.10/site-packages:/opt/ros/humble/local/lib/python3.10/dist-packages'), ('LC_NUMERIC', 'de_AT.UTF-8'), ('LC_PAPER', 'de_AT.UTF-8'), ('COLCON', '1'), ('VTE_VERSION', '6800'), ('CMAKE_PREFIX_PATH', '/home/janperenic/moveit2/install/motion_planning_python_api:/home/janperenic/moveit2/install/hello_moveit:/home/janperenic/moveit2/install/hc10dt_moveit_config:/opt/ros/humble')]), 'shell': False}
[0.016208] (hello_moveit) JobProgress: {'identifier': 'hello_moveit', 'progress': 'cmake'}
[0.016819] (hello_moveit) JobProgress: {'identifier': 'hello_moveit', 'progress': 'build'}
[0.017535] (hello_moveit) Command: {'cmd': ['/usr/bin/cmake', '--build', '/home/janperenic/moveit2/build/hello_moveit', '--', '-j16', '-l16'], 'cwd': '/home/janperenic/moveit2/build/hello_moveit', 'env': OrderedDict([('USER', 'janperenic'), ('LC_TIME', 'de_AT.UTF-8'), ('XDG_SESSION_TYPE', 'x11'), ('SHLVL', '1'), ('LD_LIBRARY_PATH', '/usr/lib/x86_64-linux-gnu/gazebo-11/plugins:/opt/ros/humble/opt/rviz_ogre_vendor/lib:/opt/ros/humble/lib/x86_64-linux-gnu:/opt/ros/humble/lib'), ('HOME', '/home/janperenic'), ('DESKTOP_SESSION', 'ubuntu'), ('ROS_PYTHON_VERSION', '3'), ('GNOME_SHELL_SESSION_MODE', 'ubuntu'), ('GTK_MODULES', 'gail:atk-bridge'), ('LC_MONETARY', 'de_AT.UTF-8'), ('SYSTEMD_EXEC_PID', '4435'), ('DBUS_SESSION_BUS_ADDRESS', 'unix:path=/run/user/1000/bus'), ('COLORTERM', 'truecolor'), ('COLCON_PREFIX_PATH', '/home/janperenic/moveit2/install'), ('ROS_DISTRO', 'humble'), ('GTK_IM_MODULE', 'ibus'), ('LOGNAME', 'janperenic'), ('_', '/usr/bin/colcon'), ('ROS_VERSION', '2'), ('XDG_SESSION_CLASS', 'user'), ('USERNAME', 'janperenic'), ('TERM', 'xterm-256color'), ('GNOME_DESKTOP_SESSION_ID', 'this-is-deprecated'), ('ROS_LOCALHOST_ONLY', '0'), ('WINDOWPATH', '2'), ('PATH', '/opt/ros/humble/bin:/usr/local/sbin:/usr/local/bin:/usr/sbin:/usr/bin:/sbin:/bin:/usr/games:/usr/local/games:/snap/bin:/snap/bin'), ('SESSION_MANAGER', 'local/janperenic-OMEN:@/tmp/.ICE-unix/2116,unix/janperenic-OMEN:/tmp/.ICE-unix/2116'), ('XDG_MENU_PREFIX', 'gnome-'), ('LC_ADDRESS', 'de_AT.UTF-8'), ('GNOME_TERMINAL_SCREEN', '/org/gnome/Terminal/screen/fbe61438_6246_47b4_8641_cc8204e6f13f'), ('XDG_RUNTIME_DIR', '/run/user/1000'), ('DISPLAY', ':1'), ('LANG', 'en_US.UTF-8'), ('XDG_CURRENT_DESKTOP', 'ubuntu:GNOME'), ('LC_TELEPHONE', 'de_AT.UTF-8'), ('XMODIFIERS', '@im=ibus'), ('XDG_SESSION_DESKTOP', 'ubuntu'), ('XAUTHORITY', '/run/user/1000/gdm/Xauthority'), ('GNOME_TERMINAL_SERVICE', ':1.105'), ('SSH_AGENT_LAUNCHER', 'gnome-keyring'), ('SSH_AUTH_SOCK', '/run/user/1000/keyring/ssh'), ('AMENT_PREFIX_PATH', '/home/janperenic/moveit2/install/motion_planning_python_api:/home/janperenic/moveit2/install/hello_moveit:/home/janperenic/moveit2/install/hc10dt_moveit_config:/opt/ros/humble'), ('SHELL', '/bin/bash'), ('LC_NAME', 'de_AT.UTF-8'), ('QT_ACCESSIBILITY', '1'), ('GDMSESSION', 'ubuntu'), ('LC_MEASUREMENT', 'de_AT.UTF-8'), ('GPG_AGENT_INFO', '/run/user/1000/gnupg/S.gpg-agent:0:1'), ('LC_IDENTIFICATION', 'de_AT.UTF-8'), ('QT_IM_MODULE', 'ibus'), ('PWD', '/home/janperenic/moveit2/build/hello_moveit'), ('LC_ALL', 'en_US.UTF-8'), ('XDG_CONFIG_DIRS', '/etc/xdg/xdg-ubuntu:/etc/xdg'), ('XDG_DATA_DIRS', '/usr/share/ubuntu:/usr/share/gnome:/usr/local/share/:/usr/share/:/var/lib/snapd/desktop'), ('PYTHONPATH', '/opt/ros/humble/lib/python3.10/site-packages:/opt/ros/humble/local/lib/python3.10/dist-packages'), ('LC_NUMERIC', 'de_AT.UTF-8'), ('LC_PAPER', 'de_AT.UTF-8'), ('COLCON', '1'), ('VTE_VERSION', '6800'), ('CMAKE_PREFIX_PATH', '/home/janperenic/moveit2/install/motion_planning_python_api:/home/janperenic/moveit2/install/hello_moveit:/home/janperenic/moveit2/install/hc10dt_moveit_config:/opt/ros/humble')]), 'shell': False}
[0.019980] (motion_planning_python_api) JobProgress: {'identifier': 'motion_planning_python_api', 'progress': 'cmake'}
[0.020529] (motion_planning_python_api) JobProgress: {'identifier': 'motion_planning_python_api', 'progress': 'build'}
[0.021231] (motion_planning_python_api) Command: {'cmd': ['/usr/bin/cmake', '--build', '/home/janperenic/moveit2/build/motion_planning_python_api', '--', '-j16', '-l16'], 'cwd': '/home/janperenic/moveit2/build/motion_planning_python_api', 'env': OrderedDict([('USER', 'janperenic'), ('LC_TIME', 'de_AT.UTF-8'), ('XDG_SESSION_TYPE', 'x11'), ('SHLVL', '1'), ('LD_LIBRARY_PATH', '/usr/lib/x86_64-linux-gnu/gazebo-11/plugins:/opt/ros/humble/opt/rviz_ogre_vendor/lib:/opt/ros/humble/lib/x86_64-linux-gnu:/opt/ros/humble/lib'), ('HOME', '/home/janperenic'), ('DESKTOP_SESSION', 'ubuntu'), ('ROS_PYTHON_VERSION', '3'), ('GNOME_SHELL_SESSION_MODE', 'ubuntu'), ('GTK_MODULES', 'gail:atk-bridge'), ('LC_MONETARY', 'de_AT.UTF-8'), ('SYSTEMD_EXEC_PID', '4435'), ('DBUS_SESSION_BUS_ADDRESS', 'unix:path=/run/user/1000/bus'), ('COLORTERM', 'truecolor'), ('COLCON_PREFIX_PATH', '/home/janperenic/moveit2/install'), ('ROS_DISTRO', 'humble'), ('GTK_IM_MODULE', 'ibus'), ('LOGNAME', 'janperenic'), ('_', '/usr/bin/colcon'), ('ROS_VERSION', '2'), ('XDG_SESSION_CLASS', 'user'), ('USERNAME', 'janperenic'), ('TERM', 'xterm-256color'), ('GNOME_DESKTOP_SESSION_ID', 'this-is-deprecated'), ('ROS_LOCALHOST_ONLY', '0'), ('WINDOWPATH', '2'), ('PATH', '/opt/ros/humble/bin:/usr/local/sbin:/usr/local/bin:/usr/sbin:/usr/bin:/sbin:/bin:/usr/games:/usr/local/games:/snap/bin:/snap/bin'), ('SESSION_MANAGER', 'local/janperenic-OMEN:@/tmp/.ICE-unix/2116,unix/janperenic-OMEN:/tmp/.ICE-unix/2116'), ('XDG_MENU_PREFIX', 'gnome-'), ('LC_ADDRESS', 'de_AT.UTF-8'), ('GNOME_TERMINAL_SCREEN', '/org/gnome/Terminal/screen/fbe61438_6246_47b4_8641_cc8204e6f13f'), ('XDG_RUNTIME_DIR', '/run/user/1000'), ('DISPLAY', ':1'), ('LANG', 'en_US.UTF-8'), ('XDG_CURRENT_DESKTOP', 'ubuntu:GNOME'), ('LC_TELEPHONE', 'de_AT.UTF-8'), ('XMODIFIERS', '@im=ibus'), ('XDG_SESSION_DESKTOP', 'ubuntu'), ('XAUTHORITY', '/run/user/1000/gdm/Xauthority'), ('GNOME_TERMINAL_SERVICE', ':1.105'), ('SSH_AGENT_LAUNCHER', 'gnome-keyring'), ('SSH_AUTH_SOCK', '/run/user/1000/keyring/ssh'), ('AMENT_PREFIX_PATH', '/home/janperenic/moveit2/install/motion_planning_python_api:/home/janperenic/moveit2/install/hello_moveit:/home/janperenic/moveit2/install/hc10dt_moveit_config:/opt/ros/humble'), ('SHELL', '/bin/bash'), ('LC_NAME', 'de_AT.UTF-8'), ('QT_ACCESSIBILITY', '1'), ('GDMSESSION', 'ubuntu'), ('LC_MEASUREMENT', 'de_AT.UTF-8'), ('GPG_AGENT_INFO', '/run/user/1000/gnupg/S.gpg-agent:0:1'), ('LC_IDENTIFICATION', 'de_AT.UTF-8'), ('QT_IM_MODULE', 'ibus'), ('PWD', '/home/janperenic/moveit2/build/motion_planning_python_api'), ('LC_ALL', 'en_US.UTF-8'), ('XDG_CONFIG_DIRS', '/etc/xdg/xdg-ubuntu:/etc/xdg'), ('XDG_DATA_DIRS', '/usr/share/ubuntu:/usr/share/gnome:/usr/local/share/:/usr/share/:/var/lib/snapd/desktop'), ('PYTHONPATH', '/opt/ros/humble/lib/python3.10/site-packages:/opt/ros/humble/local/lib/python3.10/dist-packages'), ('LC_NUMERIC', 'de_AT.UTF-8'), ('LC_PAPER', 'de_AT.UTF-8'), ('COLCON', '1'), ('VTE_VERSION', '6800'), ('CMAKE_PREFIX_PATH', '/home/janperenic/moveit2/install/motion_planning_python_api:/home/janperenic/moveit2/install/hello_moveit:/home/janperenic/moveit2/install/hc10dt_moveit_config:/opt/ros/humble')]), 'shell': False}
[0.053777] (hc10dt_moveit_config) CommandEnded: {'returncode': 0}
[0.059056] (motion_planning_python_api) CommandEnded: {'returncode': 0}
[0.078084] (hc10dt_moveit_config) JobProgress: {'identifier': 'hc10dt_moveit_config', 'progress': 'install'}
[0.088168] (hc10dt_moveit_config) Command: {'cmd': ['/usr/bin/cmake', '--install', '/home/janperenic/moveit2/build/hc10dt_moveit_config'], 'cwd': '/home/janperenic/moveit2/build/hc10dt_moveit_config', 'env': OrderedDict([('USER', 'janperenic'), ('LC_TIME', 'de_AT.UTF-8'), ('XDG_SESSION_TYPE', 'x11'), ('SHLVL', '1'), ('LD_LIBRARY_PATH', '/usr/lib/x86_64-linux-gnu/gazebo-11/plugins:/opt/ros/humble/opt/rviz_ogre_vendor/lib:/opt/ros/humble/lib/x86_64-linux-gnu:/opt/ros/humble/lib'), ('HOME', '/home/janperenic'), ('DESKTOP_SESSION', 'ubuntu'), ('ROS_PYTHON_VERSION', '3'), ('GNOME_SHELL_SESSION_MODE', 'ubuntu'), ('GTK_MODULES', 'gail:atk-bridge'), ('LC_MONETARY', 'de_AT.UTF-8'), ('SYSTEMD_EXEC_PID', '4435'), ('DBUS_SESSION_BUS_ADDRESS', 'unix:path=/run/user/1000/bus'), ('COLORTERM', 'truecolor'), ('COLCON_PREFIX_PATH', '/home/janperenic/moveit2/install'), ('ROS_DISTRO', 'humble'), ('GTK_IM_MODULE', 'ibus'), ('LOGNAME', 'janperenic'), ('_', '/usr/bin/colcon'), ('ROS_VERSION', '2'), ('XDG_SESSION_CLASS', 'user'), ('USERNAME', 'janperenic'), ('TERM', 'xterm-256color'), ('GNOME_DESKTOP_SESSION_ID', 'this-is-deprecated'), ('ROS_LOCALHOST_ONLY', '0'), ('WINDOWPATH', '2'), ('PATH', '/opt/ros/humble/bin:/usr/local/sbin:/usr/local/bin:/usr/sbin:/usr/bin:/sbin:/bin:/usr/games:/usr/local/games:/snap/bin:/snap/bin'), ('SESSION_MANAGER', 'local/janperenic-OMEN:@/tmp/.ICE-unix/2116,unix/janperenic-OMEN:/tmp/.ICE-unix/2116'), ('XDG_MENU_PREFIX', 'gnome-'), ('LC_ADDRESS', 'de_AT.UTF-8'), ('GNOME_TERMINAL_SCREEN', '/org/gnome/Terminal/screen/fbe61438_6246_47b4_8641_cc8204e6f13f'), ('XDG_RUNTIME_DIR', '/run/user/1000'), ('DISPLAY', ':1'), ('LANG', 'en_US.UTF-8'), ('XDG_CURRENT_DESKTOP', 'ubuntu:GNOME'), ('LC_TELEPHONE', 'de_AT.UTF-8'), ('XMODIFIERS', '@im=ibus'), ('XDG_SESSION_DESKTOP', 'ubuntu'), ('XAUTHORITY', '/run/user/1000/gdm/Xauthority'), ('GNOME_TERMINAL_SERVICE', ':1.105'), ('SSH_AGENT_LAUNCHER', 'gnome-keyring'), ('SSH_AUTH_SOCK', '/run/user/1000/keyring/ssh'), ('AMENT_PREFIX_PATH', '/home/janperenic/moveit2/install/motion_planning_python_api:/home/janperenic/moveit2/install/hello_moveit:/home/janperenic/moveit2/install/hc10dt_moveit_config:/opt/ros/humble'), ('SHELL', '/bin/bash'), ('LC_NAME', 'de_AT.UTF-8'), ('QT_ACCESSIBILITY', '1'), ('GDMSESSION', 'ubuntu'), ('LC_MEASUREMENT', 'de_AT.UTF-8'), ('GPG_AGENT_INFO', '/run/user/1000/gnupg/S.gpg-agent:0:1'), ('LC_IDENTIFICATION', 'de_AT.UTF-8'), ('QT_IM_MODULE', 'ibus'), ('PWD', '/home/janperenic/moveit2/build/hc10dt_moveit_config'), ('LC_ALL', 'en_US.UTF-8'), ('XDG_CONFIG_DIRS', '/etc/xdg/xdg-ubuntu:/etc/xdg'), ('XDG_DATA_DIRS', '/usr/share/ubuntu:/usr/share/gnome:/usr/local/share/:/usr/share/:/var/lib/snapd/desktop'), ('PYTHONPATH', '/opt/ros/humble/lib/python3.10/site-packages:/opt/ros/humble/local/lib/python3.10/dist-packages'), ('LC_NUMERIC', 'de_AT.UTF-8'), ('LC_PAPER', 'de_AT.UTF-8'), ('COLCON', '1'), ('VTE_VERSION', '6800'), ('CMAKE_PREFIX_PATH', '/home/janperenic/moveit2/install/motion_planning_python_api:/home/janperenic/moveit2/install/hello_moveit:/home/janperenic/moveit2/install/hc10dt_moveit_config:/opt/ros/humble')]), 'shell': False}
[0.088836] (hello_moveit) StdoutLine: {'line': b'[100%] Built target hello_moveit_node\n'}
[0.089722] (motion_planning_python_api) JobProgress: {'identifier': 'motion_planning_python_api', 'progress': 'install'}
[0.090571] (motion_planning_python_api) Command: {'cmd': ['/usr/bin/cmake', '--install', '/home/janperenic/moveit2/build/motion_planning_python_api'], 'cwd': '/home/janperenic/moveit2/build/motion_planning_python_api', 'env': OrderedDict([('USER', 'janperenic'), ('LC_TIME', 'de_AT.UTF-8'), ('XDG_SESSION_TYPE', 'x11'), ('SHLVL', '1'), ('LD_LIBRARY_PATH', '/usr/lib/x86_64-linux-gnu/gazebo-11/plugins:/opt/ros/humble/opt/rviz_ogre_vendor/lib:/opt/ros/humble/lib/x86_64-linux-gnu:/opt/ros/humble/lib'), ('HOME', '/home/janperenic'), ('DESKTOP_SESSION', 'ubuntu'), ('ROS_PYTHON_VERSION', '3'), ('GNOME_SHELL_SESSION_MODE', 'ubuntu'), ('GTK_MODULES', 'gail:atk-bridge'), ('LC_MONETARY', 'de_AT.UTF-8'), ('SYSTEMD_EXEC_PID', '4435'), ('DBUS_SESSION_BUS_ADDRESS', 'unix:path=/run/user/1000/bus'), ('COLORTERM', 'truecolor'), ('COLCON_PREFIX_PATH', '/home/janperenic/moveit2/install'), ('ROS_DISTRO', 'humble'), ('GTK_IM_MODULE', 'ibus'), ('LOGNAME', 'janperenic'), ('_', '/usr/bin/colcon'), ('ROS_VERSION', '2'), ('XDG_SESSION_CLASS', 'user'), ('USERNAME', 'janperenic'), ('TERM', 'xterm-256color'), ('GNOME_DESKTOP_SESSION_ID', 'this-is-deprecated'), ('ROS_LOCALHOST_ONLY', '0'), ('WINDOWPATH', '2'), ('PATH', '/opt/ros/humble/bin:/usr/local/sbin:/usr/local/bin:/usr/sbin:/usr/bin:/sbin:/bin:/usr/games:/usr/local/games:/snap/bin:/snap/bin'), ('SESSION_MANAGER', 'local/janperenic-OMEN:@/tmp/.ICE-unix/2116,unix/janperenic-OMEN:/tmp/.ICE-unix/2116'), ('XDG_MENU_PREFIX', 'gnome-'), ('LC_ADDRESS', 'de_AT.UTF-8'), ('GNOME_TERMINAL_SCREEN', '/org/gnome/Terminal/screen/fbe61438_6246_47b4_8641_cc8204e6f13f'), ('XDG_RUNTIME_DIR', '/run/user/1000'), ('DISPLAY', ':1'), ('LANG', 'en_US.UTF-8'), ('XDG_CURRENT_DESKTOP', 'ubuntu:GNOME'), ('LC_TELEPHONE', 'de_AT.UTF-8'), ('XMODIFIERS', '@im=ibus'), ('XDG_SESSION_DESKTOP', 'ubuntu'), ('XAUTHORITY', '/run/user/1000/gdm/Xauthority'), ('GNOME_TERMINAL_SERVICE', ':1.105'), ('SSH_AGENT_LAUNCHER', 'gnome-keyring'), ('SSH_AUTH_SOCK', '/run/user/1000/keyring/ssh'), ('AMENT_PREFIX_PATH', '/home/janperenic/moveit2/install/motion_planning_python_api:/home/janperenic/moveit2/install/hello_moveit:/home/janperenic/moveit2/install/hc10dt_moveit_config:/opt/ros/humble'), ('SHELL', '/bin/bash'), ('LC_NAME', 'de_AT.UTF-8'), ('QT_ACCESSIBILITY', '1'), ('GDMSESSION', 'ubuntu'), ('LC_MEASUREMENT', 'de_AT.UTF-8'), ('GPG_AGENT_INFO', '/run/user/1000/gnupg/S.gpg-agent:0:1'), ('LC_IDENTIFICATION', 'de_AT.UTF-8'), ('QT_IM_MODULE', 'ibus'), ('PWD', '/home/janperenic/moveit2/build/motion_planning_python_api'), ('LC_ALL', 'en_US.UTF-8'), ('XDG_CONFIG_DIRS', '/etc/xdg/xdg-ubuntu:/etc/xdg'), ('XDG_DATA_DIRS', '/usr/share/ubuntu:/usr/share/gnome:/usr/local/share/:/usr/share/:/var/lib/snapd/desktop'), ('PYTHONPATH', '/opt/ros/humble/lib/python3.10/site-packages:/opt/ros/humble/local/lib/python3.10/dist-packages'), ('LC_NUMERIC', 'de_AT.UTF-8'), ('LC_PAPER', 'de_AT.UTF-8'), ('COLCON', '1'), ('VTE_VERSION', '6800'), ('CMAKE_PREFIX_PATH', '/home/janperenic/moveit2/install/motion_planning_python_api:/home/janperenic/moveit2/install/hello_moveit:/home/janperenic/moveit2/install/hc10dt_moveit_config:/opt/ros/humble')]), 'shell': False}
[0.096014] (hc10dt_moveit_config) StdoutLine: {'line': b'-- Install configuration: "Debug"\n'}
[0.096432] (hc10dt_moveit_config) StdoutLine: {'line': b'-- Execute custom install script\n'}
[0.096757] (hc10dt_moveit_config) StdoutLine: {'line': b'-- Up-to-date symlink: /home/janperenic/moveit2/install/hc10dt_moveit_config/share/ament_index/resource_index/package_run_dependencies/hc10dt_moveit_config\n'}
[0.096916] (hc10dt_moveit_config) StdoutLine: {'line': b'-- Up-to-date symlink: /home/janperenic/moveit2/install/hc10dt_moveit_config/share/ament_index/resource_index/parent_prefix_path/hc10dt_moveit_config\n'}
[0.097117] (hc10dt_moveit_config) StdoutLine: {'line': b'-- Up-to-date symlink: /home/janperenic/moveit2/install/hc10dt_moveit_config/share/hc10dt_moveit_config/environment/ament_prefix_path.sh\n'}
[0.097282] (hc10dt_moveit_config) StdoutLine: {'line': b'-- Up-to-date symlink: /home/janperenic/moveit2/install/hc10dt_moveit_config/share/hc10dt_moveit_config/environment/ament_prefix_path.dsv\n'}
[0.097419] (hc10dt_moveit_config) StdoutLine: {'line': b'-- Up-to-date symlink: /home/janperenic/moveit2/install/hc10dt_moveit_config/share/hc10dt_moveit_config/environment/path.sh\n'}
[0.097584] (motion_planning_python_api) StdoutLine: {'line': b'-- Install configuration: "Debug"\n'}
[0.097683] (hc10dt_moveit_config) StdoutLine: {'line': b'-- Up-to-date symlink: /home/janperenic/moveit2/install/hc10dt_moveit_config/share/hc10dt_moveit_config/environment/path.dsv\n'}
[0.097827] (hc10dt_moveit_config) StdoutLine: {'line': b'-- Up-to-date symlink: /home/janperenic/moveit2/install/hc10dt_moveit_config/share/hc10dt_moveit_config/local_setup.bash\n'}
[0.097889] (motion_planning_python_api) StdoutLine: {'line': b'-- Execute custom install script\n'}
[0.097968] (hc10dt_moveit_config) StdoutLine: {'line': b'-- Up-to-date symlink: /home/janperenic/moveit2/install/hc10dt_moveit_config/share/hc10dt_moveit_config/local_setup.sh\n'}
[0.098058] (hc10dt_moveit_config) StdoutLine: {'line': b'-- Up-to-date symlink: /home/janperenic/moveit2/install/hc10dt_moveit_config/share/hc10dt_moveit_config/local_setup.zsh\n'}
[0.098119] (motion_planning_python_api) StdoutLine: {'line': b'-- Up-to-date symlink: /home/janperenic/moveit2/install/motion_planning_python_api/lib/motion_planning_python_api/motion_planning_python_api_tutorial.py\n'}
[0.098217] (hc10dt_moveit_config) StdoutLine: {'line': b'-- Up-to-date symlink: /home/janperenic/moveit2/install/hc10dt_moveit_config/share/hc10dt_moveit_config/local_setup.dsv\n'}
[0.098291] (hc10dt_moveit_config) StdoutLine: {'line': b'-- Symlinking: /home/janperenic/moveit2/install/hc10dt_moveit_config/share/hc10dt_moveit_config/package.dsv\n'}
[0.098347] (motion_planning_python_api) StdoutLine: {'line': b'-- Up-to-date symlink: /home/janperenic/moveit2/install/motion_planning_python_api/lib/motion_planning_python_api/motion_planning_python_api_planning_scene.py\n'}
[0.098435] (motion_planning_python_api) StdoutLine: {'line': b'-- Up-to-date symlink: /home/janperenic/moveit2/install/motion_planning_python_api/share/motion_planning_python_api/config/motion_planning_python_api_tutorial.rviz\n'}
[0.098542] (motion_planning_python_api) StdoutLine: {'line': b'-- Up-to-date symlink: /home/janperenic/moveit2/install/motion_planning_python_api/share/motion_planning_python_api/config/motion_planning_python_api_tutorial.yaml\n'}
[0.098771] (motion_planning_python_api) StdoutLine: {'line': b'-- Up-to-date symlink: /home/janperenic/moveit2/install/motion_planning_python_api/share/motion_planning_python_api/launch/motion_planning_python_api_tutorial.launch.py\n'}
[0.099011] (motion_planning_python_api) StdoutLine: {'line': b'-- Up-to-date symlink: /home/janperenic/moveit2/install/motion_planning_python_api/share/ament_index/resource_index/package_run_dependencies/motion_planning_python_api\n'}
[0.099243] (motion_planning_python_api) StdoutLine: {'line': b'-- Up-to-date symlink: /home/janperenic/moveit2/install/motion_planning_python_api/share/ament_index/resource_index/parent_prefix_path/motion_planning_python_api\n'}
[0.099389] (motion_planning_python_api) StdoutLine: {'line': b'-- Up-to-date symlink: /home/janperenic/moveit2/install/motion_planning_python_api/share/motion_planning_python_api/environment/ament_prefix_path.sh\n'}
[0.099537] (motion_planning_python_api) StdoutLine: {'line': b'-- Up-to-date symlink: /home/janperenic/moveit2/install/motion_planning_python_api/share/motion_planning_python_api/environment/ament_prefix_path.dsv\n'}
[0.099891] (motion_planning_python_api) StdoutLine: {'line': b'-- Up-to-date symlink: /home/janperenic/moveit2/install/motion_planning_python_api/share/motion_planning_python_api/environment/path.sh\n'}
[0.100091] (-) TimerEvent: {}
[0.100359] (motion_planning_python_api) StdoutLine: {'line': b'-- Up-to-date symlink: /home/janperenic/moveit2/install/motion_planning_python_api/share/motion_planning_python_api/environment/path.dsv\n'}
[0.100532] (motion_planning_python_api) StdoutLine: {'line': b'-- Up-to-date symlink: /home/janperenic/moveit2/install/motion_planning_python_api/share/motion_planning_python_api/local_setup.bash\n'}
[0.100676] (motion_planning_python_api) StdoutLine: {'line': b'-- Up-to-date symlink: /home/janperenic/moveit2/install/motion_planning_python_api/share/motion_planning_python_api/local_setup.sh\n'}
[0.100739] (motion_planning_python_api) StdoutLine: {'line': b'-- Up-to-date symlink: /home/janperenic/moveit2/install/motion_planning_python_api/share/motion_planning_python_api/local_setup.zsh\n'}
[0.100795] (motion_planning_python_api) StdoutLine: {'line': b'-- Up-to-date symlink: /home/janperenic/moveit2/install/motion_planning_python_api/share/motion_planning_python_api/local_setup.dsv\n'}
[0.100901] (motion_planning_python_api) StdoutLine: {'line': b'-- Symlinking: /home/janperenic/moveit2/install/motion_planning_python_api/share/motion_planning_python_api/package.dsv\n'}
[0.101117] (hello_moveit) CommandEnded: {'returncode': 0}
[0.108329] (hc10dt_moveit_config) StdoutLine: {'line': b'-- Up-to-date symlink: /home/janperenic/moveit2/install/hc10dt_moveit_config/share/ament_index/resource_index/packages/hc10dt_moveit_config\n'}
[0.108601] (hc10dt_moveit_config) StdoutLine: {'line': b'-- Up-to-date symlink: /home/janperenic/moveit2/install/hc10dt_moveit_config/share/hc10dt_moveit_config/cmake/hc10dt_moveit_configConfig.cmake\n'}
[0.108710] (hc10dt_moveit_config) StdoutLine: {'line': b'-- Up-to-date symlink: /home/janperenic/moveit2/install/hc10dt_moveit_config/share/hc10dt_moveit_config/cmake/hc10dt_moveit_configConfig-version.cmake\n'}
[0.108981] (hc10dt_moveit_config) StdoutLine: {'line': b'-- Up-to-date symlink: /home/janperenic/moveit2/install/hc10dt_moveit_config/share/hc10dt_moveit_config/package.xml\n'}
[0.109321] (motion_planning_python_api) StdoutLine: {'line': b'-- Up-to-date symlink: /home/janperenic/moveit2/install/motion_planning_python_api/share/ament_index/resource_index/packages/motion_planning_python_api\n'}
[0.109484] (hc10dt_moveit_config) StdoutLine: {'line': b'-- Up-to-date symlink: /home/janperenic/moveit2/install/hc10dt_moveit_config/share/hc10dt_moveit_config/launch/demo.launch.py\n'}
[0.109755] (motion_planning_python_api) StdoutLine: {'line': b'-- Up-to-date symlink: /home/janperenic/moveit2/install/motion_planning_python_api/share/motion_planning_python_api/cmake/motion_planning_python_apiConfig.cmake\n'}
[0.109989] (motion_planning_python_api) StdoutLine: {'line': b'-- Up-to-date symlink: /home/janperenic/moveit2/install/motion_planning_python_api/share/motion_planning_python_api/cmake/motion_planning_python_apiConfig-version.cmake\n'}
[0.110127] (hc10dt_moveit_config) StdoutLine: {'line': b'-- Up-to-date symlink: /home/janperenic/moveit2/install/hc10dt_moveit_config/share/hc10dt_moveit_config/launch/move_group.launch.py\n'}
[0.110249] (hc10dt_moveit_config) StdoutLine: {'line': b'-- Up-to-date symlink: /home/janperenic/moveit2/install/hc10dt_moveit_config/share/hc10dt_moveit_config/launch/moveit_rviz.launch.py\n'}
[0.110349] (hc10dt_moveit_config) StdoutLine: {'line': b'-- Up-to-date symlink: /home/janperenic/moveit2/install/hc10dt_moveit_config/share/hc10dt_moveit_config/launch/rsp.launch.py\n'}
[0.110433] (motion_planning_python_api) StdoutLine: {'line': b'-- Up-to-date symlink: /home/janperenic/moveit2/install/motion_planning_python_api/share/motion_planning_python_api/package.xml\n'}
[0.110524] (hc10dt_moveit_config) StdoutLine: {'line': b'-- Up-to-date symlink: /home/janperenic/moveit2/install/hc10dt_moveit_config/share/hc10dt_moveit_config/launch/setup_assistant.launch.py\n'}
[0.110666] (hc10dt_moveit_config) StdoutLine: {'line': b'-- Up-to-date symlink: /home/janperenic/moveit2/install/hc10dt_moveit_config/share/hc10dt_moveit_config/launch/spawn_controllers.launch.py\n'}
[0.110731] (hc10dt_moveit_config) StdoutLine: {'line': b'-- Up-to-date symlink: /home/janperenic/moveit2/install/hc10dt_moveit_config/share/hc10dt_moveit_config/launch/static_virtual_joint_tfs.launch.py\n'}
[0.110837] (hc10dt_moveit_config) StdoutLine: {'line': b'-- Up-to-date symlink: /home/janperenic/moveit2/install/hc10dt_moveit_config/share/hc10dt_moveit_config/launch/warehouse_db.launch.py\n'}
[0.110912] (hc10dt_moveit_config) StdoutLine: {'line': b'-- Up-to-date symlink: /home/janperenic/moveit2/install/hc10dt_moveit_config/share/hc10dt_moveit_config/config/initial_positions.yaml\n'}
[0.110995] (hc10dt_moveit_config) StdoutLine: {'line': b'-- Up-to-date symlink: /home/janperenic/moveit2/install/hc10dt_moveit_config/share/hc10dt_moveit_config/config/joint_limits.yaml\n'}
[0.111047] (hc10dt_moveit_config) StdoutLine: {'line': b'-- Up-to-date symlink: /home/janperenic/moveit2/install/hc10dt_moveit_config/share/hc10dt_moveit_config/config/kinematics.yaml\n'}
[0.111155] (hc10dt_moveit_config) StdoutLine: {'line': b'-- Up-to-date symlink: /home/janperenic/moveit2/install/hc10dt_moveit_config/share/hc10dt_moveit_config/config/motoman_hc10dt.ros2_control.xacro\n'}
[0.111217] (hc10dt_moveit_config) StdoutLine: {'line': b'-- Up-to-date symlink: /home/janperenic/moveit2/install/hc10dt_moveit_config/share/hc10dt_moveit_config/config/motoman_hc10dt.srdf\n'}
[0.111270] (hc10dt_moveit_config) StdoutLine: {'line': b'-- Up-to-date symlink: /home/janperenic/moveit2/install/hc10dt_moveit_config/share/hc10dt_moveit_config/config/motoman_hc10dt.urdf.xacro\n'}
[0.111371] (hc10dt_moveit_config) StdoutLine: {'line': b'-- Up-to-date symlink: /home/janperenic/moveit2/install/hc10dt_moveit_config/share/hc10dt_moveit_config/config/moveit.rviz\n'}
[0.111459] (hc10dt_moveit_config) StdoutLine: {'line': b'-- Up-to-date symlink: /home/janperenic/moveit2/install/hc10dt_moveit_config/share/hc10dt_moveit_config/config/moveit_controllers.yaml\n'}
[0.111731] (hc10dt_moveit_config) StdoutLine: {'line': b'-- Up-to-date symlink: /home/janperenic/moveit2/install/hc10dt_moveit_config/share/hc10dt_moveit_config/config/pilz_cartesian_limits.yaml\n'}
[0.111799] (hc10dt_moveit_config) StdoutLine: {'line': b'-- Up-to-date symlink: /home/janperenic/moveit2/install/hc10dt_moveit_config/share/hc10dt_moveit_config/config/ros2_controllers.yaml\n'}
[0.112052] (hc10dt_moveit_config) StdoutLine: {'line': b'-- Up-to-date symlink: /home/janperenic/moveit2/install/hc10dt_moveit_config/share/hc10dt_moveit_config/config/sensors_3d.yaml\n'}
[0.112173] (hc10dt_moveit_config) StdoutLine: {'line': b'-- Up-to-date symlink: /home/janperenic/moveit2/install/hc10dt_moveit_config/share/hc10dt_moveit_config/urdf/common_colors.xacro\n'}
[0.112276] (hc10dt_moveit_config) StdoutLine: {'line': b'-- Up-to-date symlink: /home/janperenic/moveit2/install/hc10dt_moveit_config/share/hc10dt_moveit_config/urdf/common_materials.xacro\n'}
[0.112454] (hc10dt_moveit_config) StdoutLine: {'line': b'-- Up-to-date symlink: /home/janperenic/moveit2/install/hc10dt_moveit_config/share/hc10dt_moveit_config/urdf/hc10dt.urdf\n'}
[0.112599] (hc10dt_moveit_config) StdoutLine: {'line': b'-- Up-to-date symlink: /home/janperenic/moveit2/install/hc10dt_moveit_config/share/hc10dt_moveit_config/urdf/hc10dt.xacro\n'}
[0.112690] (hc10dt_moveit_config) StdoutLine: {'line': b'-- Up-to-date symlink: /home/janperenic/moveit2/install/hc10dt_moveit_config/share/hc10dt_moveit_config/urdf/hc10dt_macro.xacro\n'}
[0.112901] (hc10dt_moveit_config) StdoutLine: {'line': b'-- Up-to-date symlink: /home/janperenic/moveit2/install/hc10dt_moveit_config/share/hc10dt_moveit_config/meshes/collision/base_link.stl\n'}
[0.113428] (motion_planning_python_api) CommandEnded: {'returncode': 0}
[0.114232] (hc10dt_moveit_config) StdoutLine: {'line': b'-- Up-to-date symlink: /home/janperenic/moveit2/install/hc10dt_moveit_config/share/hc10dt_moveit_config/meshes/collision/link_1_s.stl\n'}
[0.114470] (hc10dt_moveit_config) StdoutLine: {'line': b'-- Up-to-date symlink: /home/janperenic/moveit2/install/hc10dt_moveit_config/share/hc10dt_moveit_config/meshes/collision/link_2_l.stl\n'}
[0.114576] (hc10dt_moveit_config) StdoutLine: {'line': b'-- Up-to-date symlink: /home/janperenic/moveit2/install/hc10dt_moveit_config/share/hc10dt_moveit_config/meshes/collision/link_3_u.stl\n'}
[0.114657] (hc10dt_moveit_config) StdoutLine: {'line': b'-- Up-to-date symlink: /home/janperenic/moveit2/install/hc10dt_moveit_config/share/hc10dt_moveit_config/meshes/collision/link_4_r.stl\n'}
[0.114719] (hc10dt_moveit_config) StdoutLine: {'line': b'-- Up-to-date symlink: /home/janperenic/moveit2/install/hc10dt_moveit_config/share/hc10dt_moveit_config/meshes/collision/link_5_b.stl\n'}
[0.114777] (hc10dt_moveit_config) StdoutLine: {'line': b'-- Up-to-date symlink: /home/janperenic/moveit2/install/hc10dt_moveit_config/share/hc10dt_moveit_config/meshes/collision/link_6_t.stl\n'}
[0.114832] (hc10dt_moveit_config) StdoutLine: {'line': b'-- Up-to-date symlink: /home/janperenic/moveit2/install/hc10dt_moveit_config/share/hc10dt_moveit_config/meshes/visual/base_link.dae\n'}
[0.114886] (hc10dt_moveit_config) StdoutLine: {'line': b'-- Up-to-date symlink: /home/janperenic/moveit2/install/hc10dt_moveit_config/share/hc10dt_moveit_config/meshes/visual/link_1_s.dae\n'}
[0.114941] (hc10dt_moveit_config) StdoutLine: {'line': b'-- Up-to-date symlink: /home/janperenic/moveit2/install/hc10dt_moveit_config/share/hc10dt_moveit_config/meshes/visual/link_2_l.dae\n'}
[0.114995] (hc10dt_moveit_config) StdoutLine: {'line': b'-- Up-to-date symlink: /home/janperenic/moveit2/install/hc10dt_moveit_config/share/hc10dt_moveit_config/meshes/visual/link_3_u.dae\n'}
[0.115052] (hc10dt_moveit_config) StdoutLine: {'line': b'-- Up-to-date symlink: /home/janperenic/moveit2/install/hc10dt_moveit_config/share/hc10dt_moveit_config/meshes/visual/link_4_r.dae\n'}
[0.115107] (hc10dt_moveit_config) StdoutLine: {'line': b'-- Up-to-date symlink: /home/janperenic/moveit2/install/hc10dt_moveit_config/share/hc10dt_moveit_config/meshes/visual/link_5_b.dae\n'}
[0.115178] (hc10dt_moveit_config) StdoutLine: {'line': b'-- Up-to-date symlink: /home/janperenic/moveit2/install/hc10dt_moveit_config/share/hc10dt_moveit_config/meshes/visual/link_6_t.dae\n'}
[0.115475] (hc10dt_moveit_config) StdoutLine: {'line': b'-- Up-to-date symlink: /home/janperenic/moveit2/install/hc10dt_moveit_config/share/hc10dt_moveit_config/scripts/demo_move.py\n'}
[0.115592] (hc10dt_moveit_config) StdoutLine: {'line': b'-- Up-to-date symlink: /home/janperenic/moveit2/install/hc10dt_moveit_config/share/hc10dt_moveit_config/.setup_assistant\n'}
[0.125917] (hc10dt_moveit_config) CommandEnded: {'returncode': 0}
[0.133523] (hello_moveit) JobProgress: {'identifier': 'hello_moveit', 'progress': 'install'}
[0.133855] (hello_moveit) Command: {'cmd': ['/usr/bin/cmake', '--install', '/home/janperenic/moveit2/build/hello_moveit'], 'cwd': '/home/janperenic/moveit2/build/hello_moveit', 'env': OrderedDict([('USER', 'janperenic'), ('LC_TIME', 'de_AT.UTF-8'), ('XDG_SESSION_TYPE', 'x11'), ('SHLVL', '1'), ('LD_LIBRARY_PATH', '/usr/lib/x86_64-linux-gnu/gazebo-11/plugins:/opt/ros/humble/opt/rviz_ogre_vendor/lib:/opt/ros/humble/lib/x86_64-linux-gnu:/opt/ros/humble/lib'), ('HOME', '/home/janperenic'), ('DESKTOP_SESSION', 'ubuntu'), ('ROS_PYTHON_VERSION', '3'), ('GNOME_SHELL_SESSION_MODE', 'ubuntu'), ('GTK_MODULES', 'gail:atk-bridge'), ('LC_MONETARY', 'de_AT.UTF-8'), ('SYSTEMD_EXEC_PID', '4435'), ('DBUS_SESSION_BUS_ADDRESS', 'unix:path=/run/user/1000/bus'), ('COLORTERM', 'truecolor'), ('COLCON_PREFIX_PATH', '/home/janperenic/moveit2/install'), ('ROS_DISTRO', 'humble'), ('GTK_IM_MODULE', 'ibus'), ('LOGNAME', 'janperenic'), ('_', '/usr/bin/colcon'), ('ROS_VERSION', '2'), ('XDG_SESSION_CLASS', 'user'), ('USERNAME', 'janperenic'), ('TERM', 'xterm-256color'), ('GNOME_DESKTOP_SESSION_ID', 'this-is-deprecated'), ('ROS_LOCALHOST_ONLY', '0'), ('WINDOWPATH', '2'), ('PATH', '/opt/ros/humble/bin:/usr/local/sbin:/usr/local/bin:/usr/sbin:/usr/bin:/sbin:/bin:/usr/games:/usr/local/games:/snap/bin:/snap/bin'), ('SESSION_MANAGER', 'local/janperenic-OMEN:@/tmp/.ICE-unix/2116,unix/janperenic-OMEN:/tmp/.ICE-unix/2116'), ('XDG_MENU_PREFIX', 'gnome-'), ('LC_ADDRESS', 'de_AT.UTF-8'), ('GNOME_TERMINAL_SCREEN', '/org/gnome/Terminal/screen/fbe61438_6246_47b4_8641_cc8204e6f13f'), ('XDG_RUNTIME_DIR', '/run/user/1000'), ('DISPLAY', ':1'), ('LANG', 'en_US.UTF-8'), ('XDG_CURRENT_DESKTOP', 'ubuntu:GNOME'), ('LC_TELEPHONE', 'de_AT.UTF-8'), ('XMODIFIERS', '@im=ibus'), ('XDG_SESSION_DESKTOP', 'ubuntu'), ('XAUTHORITY', '/run/user/1000/gdm/Xauthority'), ('GNOME_TERMINAL_SERVICE', ':1.105'), ('SSH_AGENT_LAUNCHER', 'gnome-keyring'), ('SSH_AUTH_SOCK', '/run/user/1000/keyring/ssh'), ('AMENT_PREFIX_PATH', '/home/janperenic/moveit2/install/motion_planning_python_api:/home/janperenic/moveit2/install/hello_moveit:/home/janperenic/moveit2/install/hc10dt_moveit_config:/opt/ros/humble'), ('SHELL', '/bin/bash'), ('LC_NAME', 'de_AT.UTF-8'), ('QT_ACCESSIBILITY', '1'), ('GDMSESSION', 'ubuntu'), ('LC_MEASUREMENT', 'de_AT.UTF-8'), ('GPG_AGENT_INFO', '/run/user/1000/gnupg/S.gpg-agent:0:1'), ('LC_IDENTIFICATION', 'de_AT.UTF-8'), ('QT_IM_MODULE', 'ibus'), ('PWD', '/home/janperenic/moveit2/build/hello_moveit'), ('LC_ALL', 'en_US.UTF-8'), ('XDG_CONFIG_DIRS', '/etc/xdg/xdg-ubuntu:/etc/xdg'), ('XDG_DATA_DIRS', '/usr/share/ubuntu:/usr/share/gnome:/usr/local/share/:/usr/share/:/var/lib/snapd/desktop'), ('PYTHONPATH', '/opt/ros/humble/lib/python3.10/site-packages:/opt/ros/humble/local/lib/python3.10/dist-packages'), ('LC_NUMERIC', 'de_AT.UTF-8'), ('LC_PAPER', 'de_AT.UTF-8'), ('COLCON', '1'), ('VTE_VERSION', '6800'), ('CMAKE_PREFIX_PATH', '/home/janperenic/moveit2/install/motion_planning_python_api:/home/janperenic/moveit2/install/hello_moveit:/home/janperenic/moveit2/install/hc10dt_moveit_config:/opt/ros/humble')]), 'shell': False}
[0.141869] (hello_moveit) StdoutLine: {'line': b'-- Install configuration: "Debug"\n'}
[0.142315] (hello_moveit) StdoutLine: {'line': b'-- Execute custom install script\n'}
[0.142585] (hello_moveit) StdoutLine: {'line': b'-- Up-to-date symlink: /home/janperenic/moveit2/install/hello_moveit/lib/hello_moveit/hello_moveit_node\n'}
[0.142793] (hello_moveit) StdoutLine: {'line': b'-- Up-to-date symlink: /home/janperenic/moveit2/install/hello_moveit/share/ament_index/resource_index/package_run_dependencies/hello_moveit\n'}
[0.143006] (hello_moveit) StdoutLine: {'line': b'-- Up-to-date symlink: /home/janperenic/moveit2/install/hello_moveit/share/ament_index/resource_index/parent_prefix_path/hello_moveit\n'}
[0.143244] (hello_moveit) StdoutLine: {'line': b'-- Up-to-date symlink: /home/janperenic/moveit2/install/hello_moveit/share/hello_moveit/environment/ament_prefix_path.sh\n'}
[0.143373] (hello_moveit) StdoutLine: {'line': b'-- Up-to-date symlink: /home/janperenic/moveit2/install/hello_moveit/share/hello_moveit/environment/ament_prefix_path.dsv\n'}
[0.143495] (hello_moveit) StdoutLine: {'line': b'-- Up-to-date symlink: /home/janperenic/moveit2/install/hello_moveit/share/hello_moveit/environment/path.sh\n'}
[0.143633] (hello_moveit) StdoutLine: {'line': b'-- Up-to-date symlink: /home/janperenic/moveit2/install/hello_moveit/share/hello_moveit/environment/path.dsv\n'}
[0.143823] (hello_moveit) StdoutLine: {'line': b'-- Up-to-date symlink: /home/janperenic/moveit2/install/hello_moveit/share/hello_moveit/local_setup.bash\n'}
[0.143944] (hello_moveit) StdoutLine: {'line': b'-- Up-to-date symlink: /home/janperenic/moveit2/install/hello_moveit/share/hello_moveit/local_setup.sh\n'}
[0.144157] (hello_moveit) StdoutLine: {'line': b'-- Up-to-date symlink: /home/janperenic/moveit2/install/hello_moveit/share/hello_moveit/local_setup.zsh\n'}
[0.144272] (hello_moveit) StdoutLine: {'line': b'-- Up-to-date symlink: /home/janperenic/moveit2/install/hello_moveit/share/hello_moveit/local_setup.dsv\n'}
[0.144363] (hello_moveit) StdoutLine: {'line': b'-- Symlinking: /home/janperenic/moveit2/install/hello_moveit/share/hello_moveit/package.dsv\n'}
[0.157088] (hello_moveit) StdoutLine: {'line': b'-- Up-to-date symlink: /home/janperenic/moveit2/install/hello_moveit/share/ament_index/resource_index/packages/hello_moveit\n'}
[0.157354] (hello_moveit) StdoutLine: {'line': b'-- Up-to-date symlink: /home/janperenic/moveit2/install/hello_moveit/share/hello_moveit/cmake/hello_moveitConfig.cmake\n'}
[0.157708] (hello_moveit) StdoutLine: {'line': b'-- Up-to-date symlink: /home/janperenic/moveit2/install/hello_moveit/share/hello_moveit/cmake/hello_moveitConfig-version.cmake\n'}
[0.158167] (motion_planning_python_api) JobEnded: {'identifier': 'motion_planning_python_api', 'rc': 0}
[0.158915] (hello_moveit) StdoutLine: {'line': b'-- Up-to-date symlink: /home/janperenic/moveit2/install/hello_moveit/share/hello_moveit/package.xml\n'}
[0.164067] (hc10dt_moveit_config) JobEnded: {'identifier': 'hc10dt_moveit_config', 'rc': 0}
[0.165374] (hello_moveit) CommandEnded: {'returncode': 0}
[0.200208] (-) TimerEvent: {}
[0.201329] (hello_moveit) JobEnded: {'identifier': 'hello_moveit', 'rc': 0}
[0.201991] (-) EventReactorShutdown: {}
