[0.098s] DEBUG:colcon:Command line arguments: ['/usr/bin/colcon', 'build']
[0.098s] DEBUG:colcon:Parsed command line arguments: Namespace(log_base=None, log_level=None, verb_name='build', build_base='build', install_base='install', merge_install=False, symlink_install=False, test_result_base=None, continue_on_error=False, executor='parallel', parallel_workers=16, event_handlers=None, ignore_user_meta=False, metas=['./colcon.meta'], base_paths=['.'], packages_ignore=None, packages_ignore_regex=None, paths=None, packages_up_to=None, packages_up_to_regex=None, packages_above=None, packages_above_and_dependencies=None, packages_above_depth=None, packages_select_by_dep=None, packages_skip_by_dep=None, packages_skip_up_to=None, packages_select_build_failed=False, packages_skip_build_finished=False, packages_select_test_failures=False, packages_skip_test_passed=False, packages_select=None, packages_skip=None, packages_select_regex=None, packages_skip_regex=None, packages_start=None, packages_end=None, allow_overriding=[], cmake_args=None, cmake_target=None, cmake_target_skip_unavailable=False, cmake_clean_cache=False, cmake_clean_first=False, cmake_force_configure=False, ament_cmake_args=None, catkin_cmake_args=None, catkin_skip_building_tests=False, mixin_files=None, mixin=None, verb_parser=<colcon_mixin.mixin.mixin_argument.MixinArgumentDecorator object at 0x70da2de33670>, verb_extension=<colcon_core.verb.build.BuildVerb object at 0x70da2dfe0700>, main=<bound method BuildVerb.main of <colcon_core.verb.build.BuildVerb object at 0x70da2dfe0700>>, mixin_verb=('build',))
[0.250s] Level 1:colcon.colcon_core.package_discovery:discover_packages(colcon_meta) check parameters
[0.250s] Level 1:colcon.colcon_core.package_discovery:discover_packages(recursive) check parameters
[0.250s] Level 1:colcon.colcon_core.package_discovery:discover_packages(ignore) check parameters
[0.250s] Level 1:colcon.colcon_core.package_discovery:discover_packages(path) check parameters
[0.250s] Level 1:colcon.colcon_core.package_discovery:discover_packages(colcon_meta) discover
[0.250s] Level 1:colcon.colcon_core.package_discovery:discover_packages(recursive) discover
[0.250s] INFO:colcon.colcon_core.package_discovery:Crawling recursively for packages in '/home/janperenic/moveit2'
[0.250s] Level 1:colcon.colcon_core.package_identification:_identify(.) by extensions ['ignore', 'ignore_ament_install']
[0.250s] Level 1:colcon.colcon_core.package_identification:_identify(.) by extension 'ignore'
[0.250s] Level 1:colcon.colcon_core.package_identification:_identify(.) by extension 'ignore_ament_install'
[0.250s] Level 1:colcon.colcon_core.package_identification:_identify(.) by extensions ['colcon_pkg']
[0.250s] Level 1:colcon.colcon_core.package_identification:_identify(.) by extension 'colcon_pkg'
[0.250s] Level 1:colcon.colcon_core.package_identification:_identify(.) by extensions ['colcon_meta']
[0.250s] Level 1:colcon.colcon_core.package_identification:_identify(.) by extension 'colcon_meta'
[0.250s] Level 1:colcon.colcon_core.package_identification:_identify(.) by extensions ['ros']
[0.250s] Level 1:colcon.colcon_core.package_identification:_identify(.) by extension 'ros'
[0.259s] Level 1:colcon.colcon_core.package_identification:_identify(.) by extensions ['cmake', 'python']
[0.259s] Level 1:colcon.colcon_core.package_identification:_identify(.) by extension 'cmake'
[0.260s] Level 1:colcon.colcon_core.package_identification:_identify(.) by extension 'python'
[0.260s] Level 1:colcon.colcon_core.package_identification:_identify(.) by extensions ['python_setup_py']
[0.260s] Level 1:colcon.colcon_core.package_identification:_identify(.) by extension 'python_setup_py'
[0.260s] Level 1:colcon.colcon_core.package_identification:_identify(build) by extensions ['ignore', 'ignore_ament_install']
[0.260s] Level 1:colcon.colcon_core.package_identification:_identify(build) by extension 'ignore'
[0.260s] Level 1:colcon.colcon_core.package_identification:_identify(build) ignored
[0.260s] Level 1:colcon.colcon_core.package_identification:_identify(install) by extensions ['ignore', 'ignore_ament_install']
[0.260s] Level 1:colcon.colcon_core.package_identification:_identify(install) by extension 'ignore'
[0.260s] Level 1:colcon.colcon_core.package_identification:_identify(install) ignored
[0.260s] Level 1:colcon.colcon_core.package_identification:_identify(log) by extensions ['ignore', 'ignore_ament_install']
[0.260s] Level 1:colcon.colcon_core.package_identification:_identify(log) by extension 'ignore'
[0.260s] Level 1:colcon.colcon_core.package_identification:_identify(log) ignored
[0.260s] Level 1:colcon.colcon_core.package_identification:_identify(src) by extensions ['ignore', 'ignore_ament_install']
[0.260s] Level 1:colcon.colcon_core.package_identification:_identify(src) by extension 'ignore'
[0.260s] Level 1:colcon.colcon_core.package_identification:_identify(src) by extension 'ignore_ament_install'
[0.260s] Level 1:colcon.colcon_core.package_identification:_identify(src) by extensions ['colcon_pkg']
[0.260s] Level 1:colcon.colcon_core.package_identification:_identify(src) by extension 'colcon_pkg'
[0.260s] Level 1:colcon.colcon_core.package_identification:_identify(src) by extensions ['colcon_meta']
[0.260s] Level 1:colcon.colcon_core.package_identification:_identify(src) by extension 'colcon_meta'
[0.261s] Level 1:colcon.colcon_core.package_identification:_identify(src) by extensions ['ros']
[0.261s] Level 1:colcon.colcon_core.package_identification:_identify(src) by extension 'ros'
[0.261s] Level 1:colcon.colcon_core.package_identification:_identify(src) by extensions ['cmake', 'python']
[0.261s] Level 1:colcon.colcon_core.package_identification:_identify(src) by extension 'cmake'
[0.261s] Level 1:colcon.colcon_core.package_identification:_identify(src) by extension 'python'
[0.261s] Level 1:colcon.colcon_core.package_identification:_identify(src) by extensions ['python_setup_py']
[0.261s] Level 1:colcon.colcon_core.package_identification:_identify(src) by extension 'python_setup_py'
[0.261s] Level 1:colcon.colcon_core.package_identification:_identify(src/hc10dt_moveit_config) by extensions ['ignore', 'ignore_ament_install']
[0.261s] Level 1:colcon.colcon_core.package_identification:_identify(src/hc10dt_moveit_config) by extension 'ignore'
[0.261s] Level 1:colcon.colcon_core.package_identification:_identify(src/hc10dt_moveit_config) by extension 'ignore_ament_install'
[0.261s] Level 1:colcon.colcon_core.package_identification:_identify(src/hc10dt_moveit_config) by extensions ['colcon_pkg']
[0.261s] Level 1:colcon.colcon_core.package_identification:_identify(src/hc10dt_moveit_config) by extension 'colcon_pkg'
[0.261s] Level 1:colcon.colcon_core.package_identification:_identify(src/hc10dt_moveit_config) by extensions ['colcon_meta']
[0.261s] Level 1:colcon.colcon_core.package_identification:_identify(src/hc10dt_moveit_config) by extension 'colcon_meta'
[0.261s] Level 1:colcon.colcon_core.package_identification:_identify(src/hc10dt_moveit_config) by extensions ['ros']
[0.261s] Level 1:colcon.colcon_core.package_identification:_identify(src/hc10dt_moveit_config) by extension 'ros'
[0.273s] DEBUG:colcon.colcon_core.package_identification:Package 'src/hc10dt_moveit_config' with type 'ros.ament_cmake' and name 'hc10dt_moveit_config'
[0.273s] Level 1:colcon.colcon_core.package_identification:_identify(src/hello_moveit) by extensions ['ignore', 'ignore_ament_install']
[0.273s] Level 1:colcon.colcon_core.package_identification:_identify(src/hello_moveit) by extension 'ignore'
[0.273s] Level 1:colcon.colcon_core.package_identification:_identify(src/hello_moveit) by extension 'ignore_ament_install'
[0.273s] Level 1:colcon.colcon_core.package_identification:_identify(src/hello_moveit) by extensions ['colcon_pkg']
[0.273s] Level 1:colcon.colcon_core.package_identification:_identify(src/hello_moveit) by extension 'colcon_pkg'
[0.273s] Level 1:colcon.colcon_core.package_identification:_identify(src/hello_moveit) by extensions ['colcon_meta']
[0.273s] Level 1:colcon.colcon_core.package_identification:_identify(src/hello_moveit) by extension 'colcon_meta'
[0.273s] Level 1:colcon.colcon_core.package_identification:_identify(src/hello_moveit) by extensions ['ros']
[0.273s] Level 1:colcon.colcon_core.package_identification:_identify(src/hello_moveit) by extension 'ros'
[0.274s] DEBUG:colcon.colcon_core.package_identification:Package 'src/hello_moveit' with type 'ros.ament_cmake' and name 'hello_moveit'
[0.274s] Level 1:colcon.colcon_core.package_identification:_identify(src/motion_planning_python_api) by extensions ['ignore', 'ignore_ament_install']
[0.274s] Level 1:colcon.colcon_core.package_identification:_identify(src/motion_planning_python_api) by extension 'ignore'
[0.274s] Level 1:colcon.colcon_core.package_identification:_identify(src/motion_planning_python_api) by extension 'ignore_ament_install'
[0.274s] Level 1:colcon.colcon_core.package_identification:_identify(src/motion_planning_python_api) by extensions ['colcon_pkg']
[0.274s] Level 1:colcon.colcon_core.package_identification:_identify(src/motion_planning_python_api) by extension 'colcon_pkg'
[0.274s] Level 1:colcon.colcon_core.package_identification:_identify(src/motion_planning_python_api) by extensions ['colcon_meta']
[0.274s] Level 1:colcon.colcon_core.package_identification:_identify(src/motion_planning_python_api) by extension 'colcon_meta'
[0.274s] Level 1:colcon.colcon_core.package_identification:_identify(src/motion_planning_python_api) by extensions ['ros']
[0.274s] Level 1:colcon.colcon_core.package_identification:_identify(src/motion_planning_python_api) by extension 'ros'
[0.275s] DEBUG:colcon.colcon_core.package_identification:Package 'src/motion_planning_python_api' with type 'ros.ament_cmake' and name 'motion_planning_python_api'
[0.275s] Level 1:colcon.colcon_core.package_discovery:discover_packages(recursive) using defaults
[0.275s] Level 1:colcon.colcon_core.package_discovery:discover_packages(ignore) discover
[0.275s] Level 1:colcon.colcon_core.package_discovery:discover_packages(ignore) using defaults
[0.275s] Level 1:colcon.colcon_core.package_discovery:discover_packages(path) discover
[0.275s] Level 1:colcon.colcon_core.package_discovery:discover_packages(path) using defaults
[0.291s] Level 1:colcon.colcon_core.package_discovery:discover_packages(prefix_path) check parameters
[0.291s] Level 1:colcon.colcon_core.package_discovery:discover_packages(prefix_path) discover
[0.292s] DEBUG:colcon.colcon_installed_package_information.package_discovery:Found 3 installed packages in /home/janperenic/moveit2/install
[0.294s] DEBUG:colcon.colcon_installed_package_information.package_discovery:Found 392 installed packages in /opt/ros/humble
[0.295s] Level 1:colcon.colcon_core.package_discovery:discover_packages(prefix_path) using defaults
[0.335s] Level 5:colcon.colcon_core.verb:set package 'hc10dt_moveit_config' build argument 'cmake_args' from command line to 'None'
[0.335s] Level 5:colcon.colcon_core.verb:set package 'hc10dt_moveit_config' build argument 'cmake_target' from command line to 'None'
[0.335s] Level 5:colcon.colcon_core.verb:set package 'hc10dt_moveit_config' build argument 'cmake_target_skip_unavailable' from command line to 'False'
[0.335s] Level 5:colcon.colcon_core.verb:set package 'hc10dt_moveit_config' build argument 'cmake_clean_cache' from command line to 'False'
[0.335s] Level 5:colcon.colcon_core.verb:set package 'hc10dt_moveit_config' build argument 'cmake_clean_first' from command line to 'False'
[0.335s] Level 5:colcon.colcon_core.verb:set package 'hc10dt_moveit_config' build argument 'cmake_force_configure' from command line to 'False'
[0.335s] Level 5:colcon.colcon_core.verb:set package 'hc10dt_moveit_config' build argument 'ament_cmake_args' from command line to 'None'
[0.335s] Level 5:colcon.colcon_core.verb:set package 'hc10dt_moveit_config' build argument 'catkin_cmake_args' from command line to 'None'
[0.335s] Level 5:colcon.colcon_core.verb:set package 'hc10dt_moveit_config' build argument 'catkin_skip_building_tests' from command line to 'False'
[0.335s] DEBUG:colcon.colcon_core.verb:Building package 'hc10dt_moveit_config' with the following arguments: {'ament_cmake_args': None, 'build_base': '/home/janperenic/moveit2/build/hc10dt_moveit_config', 'catkin_cmake_args': None, 'catkin_skip_building_tests': False, 'cmake_args': None, 'cmake_clean_cache': False, 'cmake_clean_first': False, 'cmake_force_configure': False, 'cmake_target': None, 'cmake_target_skip_unavailable': False, 'install_base': '/home/janperenic/moveit2/install/hc10dt_moveit_config', 'merge_install': False, 'path': '/home/janperenic/moveit2/src/hc10dt_moveit_config', 'symlink_install': False, 'test_result_base': None}
[0.335s] Level 5:colcon.colcon_core.verb:set package 'hello_moveit' build argument 'cmake_args' from command line to 'None'
[0.335s] Level 5:colcon.colcon_core.verb:set package 'hello_moveit' build argument 'cmake_target' from command line to 'None'
[0.335s] Level 5:colcon.colcon_core.verb:set package 'hello_moveit' build argument 'cmake_target_skip_unavailable' from command line to 'False'
[0.335s] Level 5:colcon.colcon_core.verb:set package 'hello_moveit' build argument 'cmake_clean_cache' from command line to 'False'
[0.335s] Level 5:colcon.colcon_core.verb:set package 'hello_moveit' build argument 'cmake_clean_first' from command line to 'False'
[0.335s] Level 5:colcon.colcon_core.verb:set package 'hello_moveit' build argument 'cmake_force_configure' from command line to 'False'
[0.335s] Level 5:colcon.colcon_core.verb:set package 'hello_moveit' build argument 'ament_cmake_args' from command line to 'None'
[0.335s] Level 5:colcon.colcon_core.verb:set package 'hello_moveit' build argument 'catkin_cmake_args' from command line to 'None'
[0.335s] Level 5:colcon.colcon_core.verb:set package 'hello_moveit' build argument 'catkin_skip_building_tests' from command line to 'False'
[0.335s] DEBUG:colcon.colcon_core.verb:Building package 'hello_moveit' with the following arguments: {'ament_cmake_args': None, 'build_base': '/home/janperenic/moveit2/build/hello_moveit', 'catkin_cmake_args': None, 'catkin_skip_building_tests': False, 'cmake_args': None, 'cmake_clean_cache': False, 'cmake_clean_first': False, 'cmake_force_configure': False, 'cmake_target': None, 'cmake_target_skip_unavailable': False, 'install_base': '/home/janperenic/moveit2/install/hello_moveit', 'merge_install': False, 'path': '/home/janperenic/moveit2/src/hello_moveit', 'symlink_install': False, 'test_result_base': None}
[0.336s] Level 5:colcon.colcon_core.verb:set package 'motion_planning_python_api' build argument 'cmake_args' from command line to 'None'
[0.336s] Level 5:colcon.colcon_core.verb:set package 'motion_planning_python_api' build argument 'cmake_target' from command line to 'None'
[0.336s] Level 5:colcon.colcon_core.verb:set package 'motion_planning_python_api' build argument 'cmake_target_skip_unavailable' from command line to 'False'
[0.336s] Level 5:colcon.colcon_core.verb:set package 'motion_planning_python_api' build argument 'cmake_clean_cache' from command line to 'False'
[0.336s] Level 5:colcon.colcon_core.verb:set package 'motion_planning_python_api' build argument 'cmake_clean_first' from command line to 'False'
[0.336s] Level 5:colcon.colcon_core.verb:set package 'motion_planning_python_api' build argument 'cmake_force_configure' from command line to 'False'
[0.336s] Level 5:colcon.colcon_core.verb:set package 'motion_planning_python_api' build argument 'ament_cmake_args' from command line to 'None'
[0.336s] Level 5:colcon.colcon_core.verb:set package 'motion_planning_python_api' build argument 'catkin_cmake_args' from command line to 'None'
[0.336s] Level 5:colcon.colcon_core.verb:set package 'motion_planning_python_api' build argument 'catkin_skip_building_tests' from command line to 'False'
[0.336s] DEBUG:colcon.colcon_core.verb:Building package 'motion_planning_python_api' with the following arguments: {'ament_cmake_args': None, 'build_base': '/home/janperenic/moveit2/build/motion_planning_python_api', 'catkin_cmake_args': None, 'catkin_skip_building_tests': False, 'cmake_args': None, 'cmake_clean_cache': False, 'cmake_clean_first': False, 'cmake_force_configure': False, 'cmake_target': None, 'cmake_target_skip_unavailable': False, 'install_base': '/home/janperenic/moveit2/install/motion_planning_python_api', 'merge_install': False, 'path': '/home/janperenic/moveit2/src/motion_planning_python_api', 'symlink_install': False, 'test_result_base': None}
[0.336s] INFO:colcon.colcon_core.executor:Executing jobs using 'parallel' executor
[0.337s] DEBUG:colcon.colcon_parallel_executor.executor.parallel:run_until_complete
[0.337s] INFO:colcon.colcon_ros.task.ament_cmake.build:Building ROS package in '/home/janperenic/moveit2/src/hc10dt_moveit_config' with build type 'ament_cmake'
[0.337s] INFO:colcon.colcon_cmake.task.cmake.build:Building CMake package in '/home/janperenic/moveit2/src/hc10dt_moveit_config'
[0.339s] INFO:colcon.colcon_core.plugin_system:Skipping extension 'colcon_core.shell.bat': Not used on non-Windows systems
[0.339s] INFO:colcon.colcon_core.shell:Skip shell extension 'powershell' for command environment: Not usable outside of PowerShell
[0.339s] DEBUG:colcon.colcon_core.shell:Skip shell extension 'dsv' for command environment
[0.342s] INFO:colcon.colcon_ros.task.ament_cmake.build:Building ROS package in '/home/janperenic/moveit2/src/hello_moveit' with build type 'ament_cmake'
[0.342s] INFO:colcon.colcon_cmake.task.cmake.build:Building CMake package in '/home/janperenic/moveit2/src/hello_moveit'
[0.342s] INFO:colcon.colcon_core.shell:Skip shell extension 'powershell' for command environment: Not usable outside of PowerShell
[0.342s] DEBUG:colcon.colcon_core.shell:Skip shell extension 'dsv' for command environment
[0.345s] INFO:colcon.colcon_ros.task.ament_cmake.build:Building ROS package in '/home/janperenic/moveit2/src/motion_planning_python_api' with build type 'ament_cmake'
[0.345s] INFO:colcon.colcon_cmake.task.cmake.build:Building CMake package in '/home/janperenic/moveit2/src/motion_planning_python_api'
[0.345s] INFO:colcon.colcon_core.shell:Skip shell extension 'powershell' for command environment: Not usable outside of PowerShell
[0.345s] DEBUG:colcon.colcon_core.shell:Skip shell extension 'dsv' for command environment
[0.352s] DEBUG:colcon.colcon_core.event_handler.log_command:Invoking command in '/home/janperenic/moveit2/build/hc10dt_moveit_config': CMAKE_PREFIX_PATH=${CMAKE_PREFIX_PATH}:/opt/ros/humble /usr/bin/cmake --build /home/janperenic/moveit2/build/hc10dt_moveit_config -- -j16 -l16
[0.355s] DEBUG:colcon.colcon_core.event_handler.log_command:Invoking command in '/home/janperenic/moveit2/build/hello_moveit': CMAKE_PREFIX_PATH=${CMAKE_PREFIX_PATH}:/opt/ros/humble /usr/bin/cmake --build /home/janperenic/moveit2/build/hello_moveit -- -j16 -l16
[0.358s] DEBUG:colcon.colcon_core.event_handler.log_command:Invoking command in '/home/janperenic/moveit2/build/motion_planning_python_api': CMAKE_PREFIX_PATH=${CMAKE_PREFIX_PATH}:/opt/ros/humble /usr/bin/cmake --build /home/janperenic/moveit2/build/motion_planning_python_api -- -j16 -l16
[0.389s] DEBUG:colcon.colcon_core.event_handler.log_command:Invoked command in '/home/janperenic/moveit2/build/hc10dt_moveit_config' returned '0': CMAKE_PREFIX_PATH=${CMAKE_PREFIX_PATH}:/opt/ros/humble /usr/bin/cmake --build /home/janperenic/moveit2/build/hc10dt_moveit_config -- -j16 -l16
[0.394s] DEBUG:colcon.colcon_core.event_handler.log_command:Invoked command in '/home/janperenic/moveit2/build/motion_planning_python_api' returned '0': CMAKE_PREFIX_PATH=${CMAKE_PREFIX_PATH}:/opt/ros/humble /usr/bin/cmake --build /home/janperenic/moveit2/build/motion_planning_python_api -- -j16 -l16
[0.422s] DEBUG:colcon.colcon_core.event_handler.log_command:Invoking command in '/home/janperenic/moveit2/build/hc10dt_moveit_config': CMAKE_PREFIX_PATH=${CMAKE_PREFIX_PATH}:/opt/ros/humble /usr/bin/cmake --install /home/janperenic/moveit2/build/hc10dt_moveit_config
[0.424s] DEBUG:colcon.colcon_core.event_handler.log_command:Invoking command in '/home/janperenic/moveit2/build/motion_planning_python_api': CMAKE_PREFIX_PATH=${CMAKE_PREFIX_PATH}:/opt/ros/humble /usr/bin/cmake --install /home/janperenic/moveit2/build/motion_planning_python_api
[0.447s] Level 1:colcon.colcon_core.environment:create_environment_scripts_only(motion_planning_python_api)
[0.448s] DEBUG:colcon.colcon_core.event_handler.log_command:Invoked command in '/home/janperenic/moveit2/build/motion_planning_python_api' returned '0': CMAKE_PREFIX_PATH=${CMAKE_PREFIX_PATH}:/opt/ros/humble /usr/bin/cmake --install /home/janperenic/moveit2/build/motion_planning_python_api
[0.452s] Level 1:colcon.colcon_core.environment:checking '/home/janperenic/moveit2/install/motion_planning_python_api' for CMake module files
[0.452s] Level 1:colcon.colcon_core.environment:checking '/home/janperenic/moveit2/install/motion_planning_python_api' for CMake config files
[0.453s] Level 1:colcon.colcon_core.shell:create_environment_hook('motion_planning_python_api', 'cmake_prefix_path')
[0.453s] INFO:colcon.colcon_core.shell:Creating environment hook '/home/janperenic/moveit2/install/motion_planning_python_api/share/motion_planning_python_api/hook/cmake_prefix_path.ps1'
[0.454s] INFO:colcon.colcon_core.shell:Creating environment descriptor '/home/janperenic/moveit2/install/motion_planning_python_api/share/motion_planning_python_api/hook/cmake_prefix_path.dsv'
[0.454s] INFO:colcon.colcon_core.shell:Creating environment hook '/home/janperenic/moveit2/install/motion_planning_python_api/share/motion_planning_python_api/hook/cmake_prefix_path.sh'
[0.455s] Level 1:colcon.colcon_core.environment:checking '/home/janperenic/moveit2/install/motion_planning_python_api/lib'
[0.455s] Level 1:colcon.colcon_core.environment:checking '/home/janperenic/moveit2/install/motion_planning_python_api/bin'
[0.455s] Level 1:colcon.colcon_core.environment:checking '/home/janperenic/moveit2/install/motion_planning_python_api/lib/pkgconfig/motion_planning_python_api.pc'
[0.455s] Level 1:colcon.colcon_core.environment:checking '/home/janperenic/moveit2/install/motion_planning_python_api/lib/python3.10/site-packages'
[0.455s] Level 1:colcon.colcon_core.environment:checking '/home/janperenic/moveit2/install/motion_planning_python_api/bin'
[0.456s] INFO:colcon.colcon_core.shell:Creating package script '/home/janperenic/moveit2/install/motion_planning_python_api/share/motion_planning_python_api/package.ps1'
[0.456s] INFO:colcon.colcon_core.shell:Creating package descriptor '/home/janperenic/moveit2/install/motion_planning_python_api/share/motion_planning_python_api/package.dsv'
[0.457s] INFO:colcon.colcon_core.shell:Creating package script '/home/janperenic/moveit2/install/motion_planning_python_api/share/motion_planning_python_api/package.sh'
[0.457s] INFO:colcon.colcon_core.shell:Creating package script '/home/janperenic/moveit2/install/motion_planning_python_api/share/motion_planning_python_api/package.bash'
[0.458s] INFO:colcon.colcon_core.shell:Creating package script '/home/janperenic/moveit2/install/motion_planning_python_api/share/motion_planning_python_api/package.zsh'
[0.459s] Level 1:colcon.colcon_core.environment:create_file_with_runtime_dependencies(/home/janperenic/moveit2/install/motion_planning_python_api/share/colcon-core/packages/motion_planning_python_api)
[0.460s] Level 1:colcon.colcon_core.environment:create_environment_scripts_only(hc10dt_moveit_config)
[0.460s] Level 1:colcon.colcon_core.environment:checking '/home/janperenic/moveit2/install/hc10dt_moveit_config' for CMake module files
[0.461s] DEBUG:colcon.colcon_core.event_handler.log_command:Invoked command in '/home/janperenic/moveit2/build/hc10dt_moveit_config' returned '0': CMAKE_PREFIX_PATH=${CMAKE_PREFIX_PATH}:/opt/ros/humble /usr/bin/cmake --install /home/janperenic/moveit2/build/hc10dt_moveit_config
[0.461s] Level 1:colcon.colcon_core.environment:checking '/home/janperenic/moveit2/install/hc10dt_moveit_config' for CMake config files
[0.462s] Level 1:colcon.colcon_core.shell:create_environment_hook('hc10dt_moveit_config', 'cmake_prefix_path')
[0.462s] INFO:colcon.colcon_core.shell:Creating environment hook '/home/janperenic/moveit2/install/hc10dt_moveit_config/share/hc10dt_moveit_config/hook/cmake_prefix_path.ps1'
[0.463s] INFO:colcon.colcon_core.shell:Creating environment descriptor '/home/janperenic/moveit2/install/hc10dt_moveit_config/share/hc10dt_moveit_config/hook/cmake_prefix_path.dsv'
[0.463s] INFO:colcon.colcon_core.shell:Creating environment hook '/home/janperenic/moveit2/install/hc10dt_moveit_config/share/hc10dt_moveit_config/hook/cmake_prefix_path.sh'
[0.464s] Level 1:colcon.colcon_core.environment:checking '/home/janperenic/moveit2/install/hc10dt_moveit_config/bin'
[0.464s] Level 1:colcon.colcon_core.environment:checking '/home/janperenic/moveit2/install/hc10dt_moveit_config/lib/pkgconfig/hc10dt_moveit_config.pc'
[0.464s] Level 1:colcon.colcon_core.environment:checking '/home/janperenic/moveit2/install/hc10dt_moveit_config/lib/python3.10/site-packages'
[0.464s] Level 1:colcon.colcon_core.environment:checking '/home/janperenic/moveit2/install/hc10dt_moveit_config/bin'
[0.464s] INFO:colcon.colcon_core.shell:Creating package script '/home/janperenic/moveit2/install/hc10dt_moveit_config/share/hc10dt_moveit_config/package.ps1'
[0.465s] INFO:colcon.colcon_core.shell:Creating package descriptor '/home/janperenic/moveit2/install/hc10dt_moveit_config/share/hc10dt_moveit_config/package.dsv'
[0.465s] INFO:colcon.colcon_core.shell:Creating package script '/home/janperenic/moveit2/install/hc10dt_moveit_config/share/hc10dt_moveit_config/package.sh'
[0.466s] INFO:colcon.colcon_core.shell:Creating package script '/home/janperenic/moveit2/install/hc10dt_moveit_config/share/hc10dt_moveit_config/package.bash'
[0.466s] INFO:colcon.colcon_core.shell:Creating package script '/home/janperenic/moveit2/install/hc10dt_moveit_config/share/hc10dt_moveit_config/package.zsh'
[0.466s] Level 1:colcon.colcon_core.environment:create_file_with_runtime_dependencies(/home/janperenic/moveit2/install/hc10dt_moveit_config/share/colcon-core/packages/hc10dt_moveit_config)
[0.484s] Level 1:colcon.colcon_core.environment:create_environment_scripts_only(motion_planning_python_api)
[0.484s] Level 1:colcon.colcon_core.environment:checking '/home/janperenic/moveit2/install/motion_planning_python_api' for CMake module files
[0.485s] Level 1:colcon.colcon_core.environment:checking '/home/janperenic/moveit2/install/motion_planning_python_api' for CMake config files
[0.485s] Level 1:colcon.colcon_core.shell:create_environment_hook('motion_planning_python_api', 'cmake_prefix_path')
[0.485s] INFO:colcon.colcon_core.shell:Creating environment hook '/home/janperenic/moveit2/install/motion_planning_python_api/share/motion_planning_python_api/hook/cmake_prefix_path.ps1'
[0.486s] INFO:colcon.colcon_core.shell:Creating environment descriptor '/home/janperenic/moveit2/install/motion_planning_python_api/share/motion_planning_python_api/hook/cmake_prefix_path.dsv'
[0.486s] INFO:colcon.colcon_core.shell:Creating environment hook '/home/janperenic/moveit2/install/motion_planning_python_api/share/motion_planning_python_api/hook/cmake_prefix_path.sh'
[0.487s] Level 1:colcon.colcon_core.environment:checking '/home/janperenic/moveit2/install/motion_planning_python_api/lib'
[0.487s] Level 1:colcon.colcon_core.environment:checking '/home/janperenic/moveit2/install/motion_planning_python_api/bin'
[0.487s] Level 1:colcon.colcon_core.environment:checking '/home/janperenic/moveit2/install/motion_planning_python_api/lib/pkgconfig/motion_planning_python_api.pc'
[0.487s] Level 1:colcon.colcon_core.environment:checking '/home/janperenic/moveit2/install/motion_planning_python_api/lib/python3.10/site-packages'
[0.487s] Level 1:colcon.colcon_core.environment:checking '/home/janperenic/moveit2/install/motion_planning_python_api/bin'
[0.487s] INFO:colcon.colcon_core.shell:Creating package script '/home/janperenic/moveit2/install/motion_planning_python_api/share/motion_planning_python_api/package.ps1'
[0.488s] INFO:colcon.colcon_core.shell:Creating package descriptor '/home/janperenic/moveit2/install/motion_planning_python_api/share/motion_planning_python_api/package.dsv'
[0.488s] INFO:colcon.colcon_core.shell:Creating package script '/home/janperenic/moveit2/install/motion_planning_python_api/share/motion_planning_python_api/package.sh'
[0.489s] INFO:colcon.colcon_core.shell:Creating package script '/home/janperenic/moveit2/install/motion_planning_python_api/share/motion_planning_python_api/package.bash'
[0.489s] INFO:colcon.colcon_core.shell:Creating package script '/home/janperenic/moveit2/install/motion_planning_python_api/share/motion_planning_python_api/package.zsh'
[0.489s] Level 1:colcon.colcon_core.environment:create_file_with_runtime_dependencies(/home/janperenic/moveit2/install/motion_planning_python_api/share/colcon-core/packages/motion_planning_python_api)
[0.491s] Level 1:colcon.colcon_core.environment:create_environment_scripts_only(hc10dt_moveit_config)
[0.491s] Level 1:colcon.colcon_core.environment:checking '/home/janperenic/moveit2/install/hc10dt_moveit_config' for CMake module files
[0.491s] Level 1:colcon.colcon_core.environment:checking '/home/janperenic/moveit2/install/hc10dt_moveit_config' for CMake config files
[0.492s] Level 1:colcon.colcon_core.shell:create_environment_hook('hc10dt_moveit_config', 'cmake_prefix_path')
[0.492s] INFO:colcon.colcon_core.shell:Creating environment hook '/home/janperenic/moveit2/install/hc10dt_moveit_config/share/hc10dt_moveit_config/hook/cmake_prefix_path.ps1'
[0.493s] INFO:colcon.colcon_core.shell:Creating environment descriptor '/home/janperenic/moveit2/install/hc10dt_moveit_config/share/hc10dt_moveit_config/hook/cmake_prefix_path.dsv'
[0.493s] INFO:colcon.colcon_core.shell:Creating environment hook '/home/janperenic/moveit2/install/hc10dt_moveit_config/share/hc10dt_moveit_config/hook/cmake_prefix_path.sh'
[0.493s] Level 1:colcon.colcon_core.environment:checking '/home/janperenic/moveit2/install/hc10dt_moveit_config/bin'
[0.494s] Level 1:colcon.colcon_core.environment:checking '/home/janperenic/moveit2/install/hc10dt_moveit_config/lib/pkgconfig/hc10dt_moveit_config.pc'
[0.494s] Level 1:colcon.colcon_core.environment:checking '/home/janperenic/moveit2/install/hc10dt_moveit_config/lib/python3.10/site-packages'
[0.494s] Level 1:colcon.colcon_core.environment:checking '/home/janperenic/moveit2/install/hc10dt_moveit_config/bin'
[0.494s] INFO:colcon.colcon_core.shell:Creating package script '/home/janperenic/moveit2/install/hc10dt_moveit_config/share/hc10dt_moveit_config/package.ps1'
[0.495s] INFO:colcon.colcon_core.shell:Creating package descriptor '/home/janperenic/moveit2/install/hc10dt_moveit_config/share/hc10dt_moveit_config/package.dsv'
[0.495s] INFO:colcon.colcon_core.shell:Creating package script '/home/janperenic/moveit2/install/hc10dt_moveit_config/share/hc10dt_moveit_config/package.sh'
[0.496s] INFO:colcon.colcon_core.shell:Creating package script '/home/janperenic/moveit2/install/hc10dt_moveit_config/share/hc10dt_moveit_config/package.bash'
[0.496s] INFO:colcon.colcon_core.shell:Creating package script '/home/janperenic/moveit2/install/hc10dt_moveit_config/share/hc10dt_moveit_config/package.zsh'
[0.496s] Level 1:colcon.colcon_core.environment:create_file_with_runtime_dependencies(/home/janperenic/moveit2/install/hc10dt_moveit_config/share/colcon-core/packages/hc10dt_moveit_config)
[11.313s] DEBUG:colcon.colcon_core.event_handler.log_command:Invoked command in '/home/janperenic/moveit2/build/hello_moveit' returned '0': CMAKE_PREFIX_PATH=${CMAKE_PREFIX_PATH}:/opt/ros/humble /usr/bin/cmake --build /home/janperenic/moveit2/build/hello_moveit -- -j16 -l16
[11.339s] DEBUG:colcon.colcon_core.event_handler.log_command:Invoking command in '/home/janperenic/moveit2/build/hello_moveit': CMAKE_PREFIX_PATH=${CMAKE_PREFIX_PATH}:/opt/ros/humble /usr/bin/cmake --install /home/janperenic/moveit2/build/hello_moveit
[11.359s] Level 1:colcon.colcon_core.environment:create_environment_scripts_only(hello_moveit)
[11.359s] Level 1:colcon.colcon_core.environment:checking '/home/janperenic/moveit2/install/hello_moveit' for CMake module files
[11.360s] DEBUG:colcon.colcon_core.event_handler.log_command:Invoked command in '/home/janperenic/moveit2/build/hello_moveit' returned '0': CMAKE_PREFIX_PATH=${CMAKE_PREFIX_PATH}:/opt/ros/humble /usr/bin/cmake --install /home/janperenic/moveit2/build/hello_moveit
[11.360s] Level 1:colcon.colcon_core.environment:checking '/home/janperenic/moveit2/install/hello_moveit' for CMake config files
[11.361s] Level 1:colcon.colcon_core.shell:create_environment_hook('hello_moveit', 'cmake_prefix_path')
[11.361s] INFO:colcon.colcon_core.shell:Creating environment hook '/home/janperenic/moveit2/install/hello_moveit/share/hello_moveit/hook/cmake_prefix_path.ps1'
[11.361s] INFO:colcon.colcon_core.shell:Creating environment descriptor '/home/janperenic/moveit2/install/hello_moveit/share/hello_moveit/hook/cmake_prefix_path.dsv'
[11.361s] INFO:colcon.colcon_core.shell:Creating environment hook '/home/janperenic/moveit2/install/hello_moveit/share/hello_moveit/hook/cmake_prefix_path.sh'
[11.362s] Level 1:colcon.colcon_core.environment:checking '/home/janperenic/moveit2/install/hello_moveit/lib'
[11.362s] Level 1:colcon.colcon_core.environment:checking '/home/janperenic/moveit2/install/hello_moveit/bin'
[11.362s] Level 1:colcon.colcon_core.environment:checking '/home/janperenic/moveit2/install/hello_moveit/lib/pkgconfig/hello_moveit.pc'
[11.362s] Level 1:colcon.colcon_core.environment:checking '/home/janperenic/moveit2/install/hello_moveit/lib/python3.10/site-packages'
[11.362s] Level 1:colcon.colcon_core.environment:checking '/home/janperenic/moveit2/install/hello_moveit/bin'
[11.363s] INFO:colcon.colcon_core.shell:Creating package script '/home/janperenic/moveit2/install/hello_moveit/share/hello_moveit/package.ps1'
[11.363s] INFO:colcon.colcon_core.shell:Creating package descriptor '/home/janperenic/moveit2/install/hello_moveit/share/hello_moveit/package.dsv'
[11.363s] INFO:colcon.colcon_core.shell:Creating package script '/home/janperenic/moveit2/install/hello_moveit/share/hello_moveit/package.sh'
[11.364s] INFO:colcon.colcon_core.shell:Creating package script '/home/janperenic/moveit2/install/hello_moveit/share/hello_moveit/package.bash'
[11.364s] INFO:colcon.colcon_core.shell:Creating package script '/home/janperenic/moveit2/install/hello_moveit/share/hello_moveit/package.zsh'
[11.364s] Level 1:colcon.colcon_core.environment:create_file_with_runtime_dependencies(/home/janperenic/moveit2/install/hello_moveit/share/colcon-core/packages/hello_moveit)
[11.390s] Level 1:colcon.colcon_core.environment:create_environment_scripts_only(hello_moveit)
[11.390s] Level 1:colcon.colcon_core.environment:checking '/home/janperenic/moveit2/install/hello_moveit' for CMake module files
[11.391s] Level 1:colcon.colcon_core.environment:checking '/home/janperenic/moveit2/install/hello_moveit' for CMake config files
[11.391s] Level 1:colcon.colcon_core.shell:create_environment_hook('hello_moveit', 'cmake_prefix_path')
[11.391s] INFO:colcon.colcon_core.shell:Creating environment hook '/home/janperenic/moveit2/install/hello_moveit/share/hello_moveit/hook/cmake_prefix_path.ps1'
[11.392s] INFO:colcon.colcon_core.shell:Creating environment descriptor '/home/janperenic/moveit2/install/hello_moveit/share/hello_moveit/hook/cmake_prefix_path.dsv'
[11.392s] INFO:colcon.colcon_core.shell:Creating environment hook '/home/janperenic/moveit2/install/hello_moveit/share/hello_moveit/hook/cmake_prefix_path.sh'
[11.393s] Level 1:colcon.colcon_core.environment:checking '/home/janperenic/moveit2/install/hello_moveit/lib'
[11.393s] Level 1:colcon.colcon_core.environment:checking '/home/janperenic/moveit2/install/hello_moveit/bin'
[11.393s] Level 1:colcon.colcon_core.environment:checking '/home/janperenic/moveit2/install/hello_moveit/lib/pkgconfig/hello_moveit.pc'
[11.393s] Level 1:colcon.colcon_core.environment:checking '/home/janperenic/moveit2/install/hello_moveit/lib/python3.10/site-packages'
[11.393s] Level 1:colcon.colcon_core.environment:checking '/home/janperenic/moveit2/install/hello_moveit/bin'
[11.393s] INFO:colcon.colcon_core.shell:Creating package script '/home/janperenic/moveit2/install/hello_moveit/share/hello_moveit/package.ps1'
[11.393s] INFO:colcon.colcon_core.shell:Creating package descriptor '/home/janperenic/moveit2/install/hello_moveit/share/hello_moveit/package.dsv'
[11.394s] INFO:colcon.colcon_core.shell:Creating package script '/home/janperenic/moveit2/install/hello_moveit/share/hello_moveit/package.sh'
[11.394s] INFO:colcon.colcon_core.shell:Creating package script '/home/janperenic/moveit2/install/hello_moveit/share/hello_moveit/package.bash'
[11.395s] INFO:colcon.colcon_core.shell:Creating package script '/home/janperenic/moveit2/install/hello_moveit/share/hello_moveit/package.zsh'
[11.395s] Level 1:colcon.colcon_core.environment:create_file_with_runtime_dependencies(/home/janperenic/moveit2/install/hello_moveit/share/colcon-core/packages/hello_moveit)
[11.395s] DEBUG:colcon.colcon_parallel_executor.executor.parallel:closing loop
[11.395s] DEBUG:colcon.colcon_parallel_executor.executor.parallel:loop closed
[11.395s] DEBUG:colcon.colcon_parallel_executor.executor.parallel:run_until_complete finished with '0'
[11.395s] DEBUG:colcon.colcon_core.event_reactor:joining thread
[11.400s] INFO:colcon.colcon_core.plugin_system:Skipping extension 'colcon_notification.desktop_notification.terminal_notifier': Not used on non-Darwin systems
[11.400s] INFO:colcon.colcon_core.plugin_system:Skipping extension 'colcon_notification.desktop_notification.win32': Not used on non-Windows systems
[11.400s] INFO:colcon.colcon_notification.desktop_notification:Sending desktop notification using 'notify2'
[11.413s] DEBUG:colcon.colcon_core.event_reactor:joined thread
[11.413s] INFO:colcon.colcon_core.shell:Creating prefix script '/home/janperenic/moveit2/install/local_setup.ps1'
[11.414s] INFO:colcon.colcon_core.shell:Creating prefix util module '/home/janperenic/moveit2/install/_local_setup_util_ps1.py'
[11.415s] INFO:colcon.colcon_core.shell:Creating prefix chain script '/home/janperenic/moveit2/install/setup.ps1'
[11.416s] INFO:colcon.colcon_core.shell:Creating prefix script '/home/janperenic/moveit2/install/local_setup.sh'
[11.416s] INFO:colcon.colcon_core.shell:Creating prefix util module '/home/janperenic/moveit2/install/_local_setup_util_sh.py'
[11.417s] INFO:colcon.colcon_core.shell:Creating prefix chain script '/home/janperenic/moveit2/install/setup.sh'
[11.419s] INFO:colcon.colcon_core.shell:Creating prefix script '/home/janperenic/moveit2/install/local_setup.bash'
[11.419s] INFO:colcon.colcon_core.shell:Creating prefix chain script '/home/janperenic/moveit2/install/setup.bash'
[11.420s] INFO:colcon.colcon_core.shell:Creating prefix script '/home/janperenic/moveit2/install/local_setup.zsh'
[11.421s] INFO:colcon.colcon_core.shell:Creating prefix chain script '/home/janperenic/moveit2/install/setup.zsh'
