[0.013s] Invoking command in '/home/janperenic/moveit2/build/hello_moveit': CMAKE_PREFIX_PATH=/opt/ros/humble /usr/bin/cmake /home/janperenic/moveit2/src/hello_moveit -DCMAKE_INSTALL_PREFIX=/home/janperenic/moveit2/install/hello_moveit
[0.024s] -- Found ament_cmake: 1.3.10 (/opt/ros/humble/share/ament_cmake/cmake)
[0.142s] -- Override CMake install command with custom implementation using symlinks instead of copying resources
[0.162s] [31mCMake Error at CMakeLists.txt:10 (find_package):
[0.162s]   By not providing "Findmoveit_ros_planning_interface.cmake" in
[0.162s]   CMAKE_MODULE_PATH this project has asked CMake to find a package
[0.162s]   configuration file provided by "moveit_ros_planning_interface", but CMake
[0.162s]   did not find one.
[0.162s] 
[0.162s]   Could not find a package configuration file provided by
[0.163s]   "moveit_ros_planning_interface" with any of the following names:
[0.163s] 
[0.163s]     moveit_ros_planning_interfaceConfig.cmake
[0.163s]     moveit_ros_planning_interface-config.cmake
[0.163s] 
[0.163s]   Add the installation prefix of "moveit_ros_planning_interface" to
[0.163s]   CMAKE_PREFIX_PATH or set "moveit_ros_planning_interface_DIR" to a directory
[0.163s]   containing one of the above files.  If "moveit_ros_planning_interface"
[0.163s]   provides a separate development package or SDK, be sure it has been
[0.163s]   installed.
[0.164s] 
[0.164s] [0m
[0.164s] -- Configuring incomplete, errors occurred!
[0.164s] See also "/home/janperenic/moveit2/build/hello_moveit/CMakeFiles/CMakeOutput.log".
[0.166s] Invoked command in '/home/janperenic/moveit2/build/hello_moveit' returned '1': CMAKE_PREFIX_PATH=/opt/ros/humble /usr/bin/cmake /home/janperenic/moveit2/src/hello_moveit -DCMAKE_INSTALL_PREFIX=/home/janperenic/moveit2/install/hello_moveit
