[0.010s] Invoking command in '/home/janperenic/moveit2/build/hello_moveit': CMAKE_PREFIX_PATH=${CMAKE_PREFIX_PATH}:/opt/ros/humble /usr/bin/cmake /home/janperenic/moveit2/src/hello_moveit -DCMAKE_INSTALL_PREFIX=/home/janperenic/moveit2/install/hello_moveit
[0.059s] -- The C compiler identification is GNU 11.4.0
[0.106s] -- The CXX compiler identification is GNU 11.4.0
[0.111s] -- Detecting C compiler ABI info
[0.168s] -- Detecting C compiler ABI info - done
[0.178s] -- Check for working C compiler: /usr/bin/cc - skipped
[0.178s] -- Detecting C compile features
[0.178s] -- Detecting C compile features - done
[0.182s] -- Detecting CXX compiler ABI info
[0.247s] -- Detecting CXX compiler ABI info - done
[0.253s] -- Check for working CXX compiler: /usr/bin/c++ - skipped
[0.253s] -- Detecting CXX compile features
[0.253s] -- Detecting CXX compile features - done
[0.256s] -- Found ament_cmake: 1.3.10 (/opt/ros/humble/share/ament_cmake/cmake)
[0.376s] -- Found Python3: /usr/bin/python3 (found version "3.10.12") found components: Interpreter 
[0.452s] -- Found moveit_ros_planning_interface: 2.5.5 (/opt/ros/humble/share/moveit_ros_planning_interface/cmake)
[0.599s] -- Found Boost: /usr/lib/x86_64-linux-gnu/cmake/Boost-1.74.0/BoostConfig.cmake (found version "1.74.0") found components: date_time filesystem program_options system thread 
[0.639s] -- Found rosidl_generator_c: 3.1.5 (/opt/ros/humble/share/rosidl_generator_c/cmake)
[0.644s] -- Found rosidl_adapter: 3.1.5 (/opt/ros/humble/share/rosidl_adapter/cmake)
[0.652s] -- Found rosidl_generator_cpp: 3.1.5 (/opt/ros/humble/share/rosidl_generator_cpp/cmake)
[0.662s] -- Using all available rosidl_typesupport_c: rosidl_typesupport_fastrtps_c;rosidl_typesupport_introspection_c
[0.676s] -- Using all available rosidl_typesupport_cpp: rosidl_typesupport_fastrtps_cpp;rosidl_typesupport_introspection_cpp
[0.833s] -- Found Boost: /usr/lib/x86_64-linux-gnu/cmake/Boost-1.74.0/BoostConfig.cmake (found version "1.74.0") found components: chrono date_time filesystem iostreams program_options regex serialization system thread 
[0.846s] -- Found parameter_traits: 0.3.8 (/opt/ros/humble/share/parameter_traits/cmake)
[0.880s] -- Found rmw_implementation_cmake: 6.1.2 (/opt/ros/humble/share/rmw_implementation_cmake/cmake)
[0.883s] -- Found rmw_fastrtps_cpp: 6.2.7 (/opt/ros/humble/share/rmw_fastrtps_cpp/cmake)
[0.963s] -- Found OpenSSL: /usr/lib/x86_64-linux-gnu/libcrypto.so (found version "3.0.2")  
[0.990s] -- Found FastRTPS: /opt/ros/humble/include  
[1.030s] -- Using RMW implementation 'rmw_fastrtps_cpp' as default
[1.038s] -- Found Threads: TRUE  
[1.081s] -- Found rclcpp_lifecycle: 16.0.10 (/opt/ros/humble/share/rclcpp_lifecycle/cmake)
[1.101s] -- Found Boost: /usr/lib/x86_64-linux-gnu/cmake/Boost-1.74.0/BoostConfig.cmake (found version "1.74.0") found components: filesystem 
[1.187s] -- library: /usr/lib/x86_64-linux-gnu/libcurl.so
[1.215s] -- Found Eigen3: TRUE (found version "3.4.0") 
[1.215s] -- Ensuring Eigen3 include directory is part of orocos-kdl CMake target
[1.335s] -- Found Boost: /usr/lib/x86_64-linux-gnu/cmake/Boost-1.74.0/BoostConfig.cmake (found version "1.74.0") found components: system filesystem date_time program_options thread chrono 
[1.364s] -- Found Boost: /usr/lib/x86_64-linux-gnu/cmake/Boost-1.74.0/BoostConfig.cmake (found version "1.74.0") found components: thread system filesystem regex date_time program_options 
[1.384s] -- Found Boost: /usr/lib/x86_64-linux-gnu/cmake/Boost-1.74.0/BoostConfig.cmake (found version "1.74.0") found components: system filesystem date_time program_options thread 
[1.411s] -- Found moveit_visual_tools: 4.1.0 (/opt/ros/humble/share/moveit_visual_tools/cmake)
[1.468s] -- Setting assimp_DIR to: '/opt/ros/humble/share/rviz_assimp_vendor/cmake/../../../opt/rviz_assimp_vendor/lib/cmake/assimp-4.1'
[1.475s] -- Setting OGRE_DIR to: '/opt/ros/humble/share/rviz_ogre_vendor/cmake/../../../opt/rviz_ogre_vendor/lib/OGRE/cmake'
[1.477s] -- Found OGRE
[1.477s] --   static     : OFF
[1.477s] --   components : HLMS;MeshLodGenerator;Overlay;Paging;Property;RTShaderSystem;Terrain;Volume
[1.477s] --   plugins    : Plugin_BSPSceneManager;Plugin_OctreeSceneManager;Plugin_PCZSceneManager;Plugin_ParticleFX;RenderSystem_GL;RenderSystem_GL3Plus;Codec_STBI
[1.477s] --   media      : /opt/ros/humble/opt/rviz_ogre_vendor/share/OGRE/Media
[1.477s] -- OGRE_LIBRARIES: OgreHLMS;OgreMeshLodGenerator;OgreOverlay;OgrePaging;OgreProperty;OgreRTShaderSystem;OgreTerrain;OgreVolume;OgreMain
[1.477s] -- OGRE_LIBRARY_DIRS: /opt/ros/humble/opt/rviz_ogre_vendor/lib
[1.477s] -- OGRE_PLUGINS: Plugin_BSPSceneManager;Plugin_OctreeSceneManager;Plugin_PCZSceneManager;Plugin_ParticleFX;RenderSystem_GL;RenderSystem_GL3Plus;Codec_STBI
[1.477s] -- OGRE_PLUGIN_DIR: /opt/ros/humble/opt/rviz_ogre_vendor/lib/OGRE
[1.477s] -- rviz_ogre_vendor::OgreOverlay for IMPORTED_LOCATION_RELEASE: /opt/ros/humble/opt/rviz_ogre_vendor/lib/libOgreOverlay.so
[1.477s] -- rviz_ogre_vendor::OgreOverlay for IMPORTED_LOCATION_DEBUG: /opt/ros/humble/opt/rviz_ogre_vendor/lib/libOgreOverlay.so
[1.477s] -- rviz_ogre_vendor::OgreMain for IMPORTED_LOCATION_RELEASE: /opt/ros/humble/opt/rviz_ogre_vendor/lib/libOgreMain.so
[1.477s] -- rviz_ogre_vendor::OgreMain for IMPORTED_LOCATION_DEBUG: /opt/ros/humble/opt/rviz_ogre_vendor/lib/libOgreMain.so
[1.493s] -- Found ZLIB: /usr/lib/x86_64-linux-gnu/libz.so (found version "1.2.11") 
[1.496s] -- Found OpenGL: /usr/lib/x86_64-linux-gnu/libOpenGL.so   
[1.580s] -- Found X11: /usr/include   
[1.580s] -- Looking for XOpenDisplay in /usr/lib/x86_64-linux-gnu/libX11.so;/usr/lib/x86_64-linux-gnu/libXext.so
[1.643s] -- Looking for XOpenDisplay in /usr/lib/x86_64-linux-gnu/libX11.so;/usr/lib/x86_64-linux-gnu/libXext.so - found
[1.643s] -- Looking for gethostbyname
[1.700s] -- Looking for gethostbyname - found
[1.700s] -- Looking for connect
[1.758s] -- Looking for connect - found
[1.758s] -- Looking for remove
[1.816s] -- Looking for remove - found
[1.816s] -- Looking for shmat
[1.875s] -- Looking for shmat - found
[1.875s] -- Looking for IceConnectionNumber in ICE
[1.934s] -- Looking for IceConnectionNumber in ICE - found
[2.022s] -- Found ament_lint_auto: 0.12.11 (/opt/ros/humble/share/ament_lint_auto/cmake)
[2.091s] -- Added test 'cppcheck' to perform static code analysis on C / C++ code
[2.091s] -- Configured cppcheck include dirs: $<BUILD_INTERFACE:/home/janperenic/moveit2/src/hello_moveit/include>
[2.091s] -- Configured cppcheck exclude dirs and/or files: 
[2.092s] -- Added test 'flake8' to check Python code syntax and style conventions
[2.093s] -- Added test 'lint_cmake' to check CMake code style
[2.093s] -- Added test 'pep257' to check Python code against some of the docstring style conventions in PEP 257
[2.094s] -- Added test 'uncrustify' to check C / C++ code style
[2.094s] -- Configured uncrustify additional arguments: 
[2.095s] -- Added test 'xmllint' to check XML markup files
[2.096s] -- Configuring done
[2.142s] -- Generating done
[2.145s] -- Build files have been written to: /home/janperenic/moveit2/build/hello_moveit
[2.159s] Invoked command in '/home/janperenic/moveit2/build/hello_moveit' returned '0': CMAKE_PREFIX_PATH=${CMAKE_PREFIX_PATH}:/opt/ros/humble /usr/bin/cmake /home/janperenic/moveit2/src/hello_moveit -DCMAKE_INSTALL_PREFIX=/home/janperenic/moveit2/install/hello_moveit
[2.161s] Invoking command in '/home/janperenic/moveit2/build/hello_moveit': CMAKE_PREFIX_PATH=${CMAKE_PREFIX_PATH}:/opt/ros/humble /usr/bin/cmake --build /home/janperenic/moveit2/build/hello_moveit -- -j16 -l16
[2.213s] [ 50%] [32mBuilding CXX object CMakeFiles/current_poss.dir/src/capture_current_pose.cpp.o[0m
[2.213s] [ 50%] [32mBuilding CXX object CMakeFiles/hello_moveit_node.dir/src/hello_moveit.cpp.o[0m
[8.377s] [ 75%] [32m[1mLinking CXX executable current_poss[0m
[8.567s] [100%] [32m[1mLinking CXX executable hello_moveit_node[0m
[8.714s] [100%] Built target current_poss
[8.907s] [100%] Built target hello_moveit_node
[8.918s] Invoked command in '/home/janperenic/moveit2/build/hello_moveit' returned '0': CMAKE_PREFIX_PATH=${CMAKE_PREFIX_PATH}:/opt/ros/humble /usr/bin/cmake --build /home/janperenic/moveit2/build/hello_moveit -- -j16 -l16
[8.945s] Invoking command in '/home/janperenic/moveit2/build/hello_moveit': CMAKE_PREFIX_PATH=${CMAKE_PREFIX_PATH}:/opt/ros/humble /usr/bin/cmake --install /home/janperenic/moveit2/build/hello_moveit
[8.951s] -- Install configuration: ""
[8.951s] -- Installing: /home/janperenic/moveit2/install/hello_moveit/lib/hello_moveit/hello_moveit_node
[8.952s] -- Set runtime path of "/home/janperenic/moveit2/install/hello_moveit/lib/hello_moveit/hello_moveit_node" to ""
[8.952s] -- Installing: /home/janperenic/moveit2/install/hello_moveit/lib/hello_moveit/current_poss
[8.952s] -- Set runtime path of "/home/janperenic/moveit2/install/hello_moveit/lib/hello_moveit/current_poss" to ""
[8.952s] -- Installing: /home/janperenic/moveit2/install/hello_moveit/share/ament_index/resource_index/package_run_dependencies/hello_moveit
[8.953s] -- Installing: /home/janperenic/moveit2/install/hello_moveit/share/ament_index/resource_index/parent_prefix_path/hello_moveit
[8.953s] -- Installing: /home/janperenic/moveit2/install/hello_moveit/share/hello_moveit/environment/ament_prefix_path.sh
[8.953s] -- Installing: /home/janperenic/moveit2/install/hello_moveit/share/hello_moveit/environment/ament_prefix_path.dsv
[8.953s] -- Installing: /home/janperenic/moveit2/install/hello_moveit/share/hello_moveit/environment/path.sh
[8.953s] -- Installing: /home/janperenic/moveit2/install/hello_moveit/share/hello_moveit/environment/path.dsv
[8.953s] -- Installing: /home/janperenic/moveit2/install/hello_moveit/share/hello_moveit/local_setup.bash
[8.953s] -- Installing: /home/janperenic/moveit2/install/hello_moveit/share/hello_moveit/local_setup.sh
[8.953s] -- Installing: /home/janperenic/moveit2/install/hello_moveit/share/hello_moveit/local_setup.zsh
[8.954s] -- Installing: /home/janperenic/moveit2/install/hello_moveit/share/hello_moveit/local_setup.dsv
[8.954s] -- Installing: /home/janperenic/moveit2/install/hello_moveit/share/hello_moveit/package.dsv
[8.954s] -- Installing: /home/janperenic/moveit2/install/hello_moveit/share/ament_index/resource_index/packages/hello_moveit
[8.954s] -- Installing: /home/janperenic/moveit2/install/hello_moveit/share/hello_moveit/cmake/hello_moveitConfig.cmake
[8.954s] -- Installing: /home/janperenic/moveit2/install/hello_moveit/share/hello_moveit/cmake/hello_moveitConfig-version.cmake
[8.954s] -- Installing: /home/janperenic/moveit2/install/hello_moveit/share/hello_moveit/package.xml
[8.956s] Invoked command in '/home/janperenic/moveit2/build/hello_moveit' returned '0': CMAKE_PREFIX_PATH=${CMAKE_PREFIX_PATH}:/opt/ros/humble /usr/bin/cmake --install /home/janperenic/moveit2/build/hello_moveit
