[0.016s] Invoking command in '/home/janperenic/moveit2/build/hello_moveit': CMAKE_PREFIX_PATH=${CMAKE_PREFIX_PATH}:/opt/ros/humble /usr/bin/cmake /home/janperenic/moveit2/src/hello_moveit -DCMAKE_INSTALL_PREFIX=/home/janperenic/moveit2/install/hello_moveit
[0.027s] -- Found ament_cmake: 1.3.10 (/opt/ros/humble/share/ament_cmake/cmake)
[0.167s] -- Override CMake install command with custom implementation using symlinks instead of copying resources
[0.177s] -- Found moveit_ros_planning_interface: 2.5.5 (/opt/ros/humble/share/moveit_ros_planning_interface/cmake)
[0.187s] -- Found Boost: /usr/lib/x86_64-linux-gnu/cmake/Boost-1.74.0/BoostConfig.cmake (found version "1.74.0") found components: date_time filesystem program_options system thread 
[0.214s] -- Found rosidl_generator_c: 3.1.5 (/opt/ros/humble/share/rosidl_generator_c/cmake)
[0.216s] -- Found rosidl_adapter: 3.1.5 (/opt/ros/humble/share/rosidl_adapter/cmake)
[0.221s] -- Found rosidl_generator_cpp: 3.1.5 (/opt/ros/humble/share/rosidl_generator_cpp/cmake)
[0.229s] -- Using all available rosidl_typesupport_c: rosidl_typesupport_fastrtps_c;rosidl_typesupport_introspection_c
[0.239s] -- Using all available rosidl_typesupport_cpp: rosidl_typesupport_fastrtps_cpp;rosidl_typesupport_introspection_cpp
[0.392s] -- Found Boost: /usr/lib/x86_64-linux-gnu/cmake/Boost-1.74.0/BoostConfig.cmake (found version "1.74.0") found components: chrono date_time filesystem iostreams program_options regex serialization system thread 
[0.399s] -- Found parameter_traits: 0.3.8 (/opt/ros/humble/share/parameter_traits/cmake)
[0.419s] -- Found rmw_implementation_cmake: 6.1.2 (/opt/ros/humble/share/rmw_implementation_cmake/cmake)
[0.420s] -- Found rmw_fastrtps_cpp: 6.2.7 (/opt/ros/humble/share/rmw_fastrtps_cpp/cmake)
[0.515s] -- Using RMW implementation 'rmw_fastrtps_cpp' as default
[0.548s] -- Found rclcpp_lifecycle: 16.0.10 (/opt/ros/humble/share/rclcpp_lifecycle/cmake)
[0.563s] -- Found Boost: /usr/lib/x86_64-linux-gnu/cmake/Boost-1.74.0/BoostConfig.cmake (found version "1.74.0") found components: filesystem 
[0.594s] -- library: /usr/lib/x86_64-linux-gnu/libcurl.so
[0.615s] -- Ensuring Eigen3 include directory is part of orocos-kdl CMake target
[0.737s] -- Found Boost: /usr/lib/x86_64-linux-gnu/cmake/Boost-1.74.0/BoostConfig.cmake (found version "1.74.0") found components: system filesystem date_time program_options thread chrono 
[0.764s] -- Found Boost: /usr/lib/x86_64-linux-gnu/cmake/Boost-1.74.0/BoostConfig.cmake (found version "1.74.0") found components: thread system filesystem regex date_time program_options 
[0.782s] -- Found Boost: /usr/lib/x86_64-linux-gnu/cmake/Boost-1.74.0/BoostConfig.cmake (found version "1.74.0") found components: system filesystem date_time program_options thread 
[0.818s] [31mCMake Error at CMakeLists.txt:12 (find_package):
[0.819s]   By not providing "Findmoveit_visual_tools.cmake" in CMAKE_MODULE_PATH this
[0.819s]   project has asked CMake to find a package configuration file provided by
[0.819s]   "moveit_visual_tools", but CMake did not find one.
[0.819s] 
[0.819s]   Could not find a package configuration file provided by
[0.819s]   "moveit_visual_tools" with any of the following names:
[0.819s] 
[0.819s]     moveit_visual_toolsConfig.cmake
[0.819s]     moveit_visual_tools-config.cmake
[0.819s] 
[0.819s]   Add the installation prefix of "moveit_visual_tools" to CMAKE_PREFIX_PATH
[0.819s]   or set "moveit_visual_tools_DIR" to a directory containing one of the above
[0.819s]   files.  If "moveit_visual_tools" provides a separate development package or
[0.819s]   SDK, be sure it has been installed.
[0.819s] 
[0.819s] [0m
[0.819s] -- Configuring incomplete, errors occurred!
[0.819s] See also "/home/janperenic/moveit2/build/hello_moveit/CMakeFiles/CMakeOutput.log".
[0.846s] Invoked command in '/home/janperenic/moveit2/build/hello_moveit' returned '1': CMAKE_PREFIX_PATH=${CMAKE_PREFIX_PATH}:/opt/ros/humble /usr/bin/cmake /home/janperenic/moveit2/src/hello_moveit -DCMAKE_INSTALL_PREFIX=/home/janperenic/moveit2/install/hello_moveit
