-- The C compiler identification is GNU 11.4.0
-- The CXX compiler identification is GNU 11.4.0
-- Detecting C compiler ABI info
-- Detecting C compiler ABI info - done
-- Check for working C compiler: /usr/bin/cc - skipped
-- Detecting C compile features
-- Detecting C compile features - done
-- Detecting CXX compiler ABI info
-- Detecting CXX compiler ABI info - done
-- Check for working CXX compiler: /usr/bin/c++ - skipped
-- Detecting CXX compile features
-- Detecting CXX compile features - done
-- Found ament_cmake: 1.3.10 (/opt/ros/humble/share/ament_cmake/cmake)
-- Found Python3: /usr/bin/python3 (found version "3.10.12") found components: Interpreter 
-- Configuring done
-- Generating done
-- Build files have been written to: /home/janperenic/moveit2/build/hc10dt_moveit_config
-- Install configuration: ""
-- Installing: /home/janperenic/moveit2/install/hc10dt_moveit_config/share/ament_index/resource_index/package_run_dependencies/hc10dt_moveit_config
-- Installing: /home/janperenic/moveit2/install/hc10dt_moveit_config/share/ament_index/resource_index/parent_prefix_path/hc10dt_moveit_config
-- Installing: /home/janperenic/moveit2/install/hc10dt_moveit_config/share/hc10dt_moveit_config/environment/ament_prefix_path.sh
-- Installing: /home/janperenic/moveit2/install/hc10dt_moveit_config/share/hc10dt_moveit_config/environment/ament_prefix_path.dsv
-- Installing: /home/janperenic/moveit2/install/hc10dt_moveit_config/share/hc10dt_moveit_config/environment/path.sh
-- Installing: /home/janperenic/moveit2/install/hc10dt_moveit_config/share/hc10dt_moveit_config/environment/path.dsv
-- Installing: /home/janperenic/moveit2/install/hc10dt_moveit_config/share/hc10dt_moveit_config/local_setup.bash
-- Installing: /home/janperenic/moveit2/install/hc10dt_moveit_config/share/hc10dt_moveit_config/local_setup.sh
-- Installing: /home/janperenic/moveit2/install/hc10dt_moveit_config/share/hc10dt_moveit_config/local_setup.zsh
-- Installing: /home/janperenic/moveit2/install/hc10dt_moveit_config/share/hc10dt_moveit_config/local_setup.dsv
-- Installing: /home/janperenic/moveit2/install/hc10dt_moveit_config/share/hc10dt_moveit_config/package.dsv
-- Installing: /home/janperenic/moveit2/install/hc10dt_moveit_config/share/ament_index/resource_index/packages/hc10dt_moveit_config
-- Installing: /home/janperenic/moveit2/install/hc10dt_moveit_config/share/hc10dt_moveit_config/cmake/hc10dt_moveit_configConfig.cmake
-- Installing: /home/janperenic/moveit2/install/hc10dt_moveit_config/share/hc10dt_moveit_config/cmake/hc10dt_moveit_configConfig-version.cmake
-- Installing: /home/janperenic/moveit2/install/hc10dt_moveit_config/share/hc10dt_moveit_config/package.xml
-- Installing: /home/janperenic/moveit2/install/hc10dt_moveit_config/share/hc10dt_moveit_config/launch
-- Installing: /home/janperenic/moveit2/install/hc10dt_moveit_config/share/hc10dt_moveit_config/launch/static_virtual_joint_tfs.launch.py
-- Installing: /home/janperenic/moveit2/install/hc10dt_moveit_config/share/hc10dt_moveit_config/launch/demo.launch.py
-- Installing: /home/janperenic/moveit2/install/hc10dt_moveit_config/share/hc10dt_moveit_config/launch/rsp.launch.py
-- Installing: /home/janperenic/moveit2/install/hc10dt_moveit_config/share/hc10dt_moveit_config/launch/moveit_rviz.launch.py
-- Installing: /home/janperenic/moveit2/install/hc10dt_moveit_config/share/hc10dt_moveit_config/launch/move_group.launch.py
-- Installing: /home/janperenic/moveit2/install/hc10dt_moveit_config/share/hc10dt_moveit_config/launch/setup_assistant.launch.py
-- Installing: /home/janperenic/moveit2/install/hc10dt_moveit_config/share/hc10dt_moveit_config/launch/warehouse_db.launch.py
-- Installing: /home/janperenic/moveit2/install/hc10dt_moveit_config/share/hc10dt_moveit_config/launch/spawn_controllers.launch.py
-- Installing: /home/janperenic/moveit2/install/hc10dt_moveit_config/share/hc10dt_moveit_config/config
-- Installing: /home/janperenic/moveit2/install/hc10dt_moveit_config/share/hc10dt_moveit_config/config/moveit_controllers.yaml
-- Installing: /home/janperenic/moveit2/install/hc10dt_moveit_config/share/hc10dt_moveit_config/config/motoman_hc10dt.ros2_control.xacro
-- Installing: /home/janperenic/moveit2/install/hc10dt_moveit_config/share/hc10dt_moveit_config/config/joint_limits.yaml
-- Installing: /home/janperenic/moveit2/install/hc10dt_moveit_config/share/hc10dt_moveit_config/config/kinematics.yaml
-- Installing: /home/janperenic/moveit2/install/hc10dt_moveit_config/share/hc10dt_moveit_config/config/ros2_controllers.yaml
-- Installing: /home/janperenic/moveit2/install/hc10dt_moveit_config/share/hc10dt_moveit_config/config/pilz_cartesian_limits.yaml
-- Installing: /home/janperenic/moveit2/install/hc10dt_moveit_config/share/hc10dt_moveit_config/config/initial_positions.yaml
-- Installing: /home/janperenic/moveit2/install/hc10dt_moveit_config/share/hc10dt_moveit_config/config/moveit.rviz
-- Installing: /home/janperenic/moveit2/install/hc10dt_moveit_config/share/hc10dt_moveit_config/config/motoman_hc10dt.srdf
-- Installing: /home/janperenic/moveit2/install/hc10dt_moveit_config/share/hc10dt_moveit_config/config/sensors_3d.yaml
-- Installing: /home/janperenic/moveit2/install/hc10dt_moveit_config/share/hc10dt_moveit_config/config/motoman_hc10dt.urdf.xacro
-- Installing: /home/janperenic/moveit2/install/hc10dt_moveit_config/share/hc10dt_moveit_config/urdf
-- Installing: /home/janperenic/moveit2/install/hc10dt_moveit_config/share/hc10dt_moveit_config/urdf/hc10dt.urdf
-- Installing: /home/janperenic/moveit2/install/hc10dt_moveit_config/share/hc10dt_moveit_config/urdf/hc10dt.xacro
-- Installing: /home/janperenic/moveit2/install/hc10dt_moveit_config/share/hc10dt_moveit_config/urdf/hc10dt_macro.xacro
-- Installing: /home/janperenic/moveit2/install/hc10dt_moveit_config/share/hc10dt_moveit_config/urdf/common_materials.xacro
-- Installing: /home/janperenic/moveit2/install/hc10dt_moveit_config/share/hc10dt_moveit_config/urdf/common_colors.xacro
-- Installing: /home/janperenic/moveit2/install/hc10dt_moveit_config/share/hc10dt_moveit_config/meshes
-- Installing: /home/janperenic/moveit2/install/hc10dt_moveit_config/share/hc10dt_moveit_config/meshes/collision
-- Installing: /home/janperenic/moveit2/install/hc10dt_moveit_config/share/hc10dt_moveit_config/meshes/collision/link_6_t.stl
-- Installing: /home/janperenic/moveit2/install/hc10dt_moveit_config/share/hc10dt_moveit_config/meshes/collision/link_5_b.stl
-- Installing: /home/janperenic/moveit2/install/hc10dt_moveit_config/share/hc10dt_moveit_config/meshes/collision/link_3_u.stl
-- Installing: /home/janperenic/moveit2/install/hc10dt_moveit_config/share/hc10dt_moveit_config/meshes/collision/link_4_r.stl
-- Installing: /home/janperenic/moveit2/install/hc10dt_moveit_config/share/hc10dt_moveit_config/meshes/collision/base_link.stl
-- Installing: /home/janperenic/moveit2/install/hc10dt_moveit_config/share/hc10dt_moveit_config/meshes/collision/link_1_s.stl
-- Installing: /home/janperenic/moveit2/install/hc10dt_moveit_config/share/hc10dt_moveit_config/meshes/collision/link_2_l.stl
-- Installing: /home/janperenic/moveit2/install/hc10dt_moveit_config/share/hc10dt_moveit_config/meshes/visual
-- Installing: /home/janperenic/moveit2/install/hc10dt_moveit_config/share/hc10dt_moveit_config/meshes/visual/link_6_t.dae
-- Installing: /home/janperenic/moveit2/install/hc10dt_moveit_config/share/hc10dt_moveit_config/meshes/visual/base_link.dae
-- Installing: /home/janperenic/moveit2/install/hc10dt_moveit_config/share/hc10dt_moveit_config/meshes/visual/link_2_l.dae
-- Installing: /home/janperenic/moveit2/install/hc10dt_moveit_config/share/hc10dt_moveit_config/meshes/visual/link_1_s.dae
-- Installing: /home/janperenic/moveit2/install/hc10dt_moveit_config/share/hc10dt_moveit_config/meshes/visual/link_4_r.dae
-- Installing: /home/janperenic/moveit2/install/hc10dt_moveit_config/share/hc10dt_moveit_config/meshes/visual/link_5_b.dae
-- Installing: /home/janperenic/moveit2/install/hc10dt_moveit_config/share/hc10dt_moveit_config/meshes/visual/link_3_u.dae
-- Installing: /home/janperenic/moveit2/install/hc10dt_moveit_config/share/hc10dt_moveit_config/scripts
-- Installing: /home/janperenic/moveit2/install/hc10dt_moveit_config/share/hc10dt_moveit_config/scripts/demo_move.py
-- Installing: /home/janperenic/moveit2/install/hc10dt_moveit_config/share/hc10dt_moveit_config/.setup_assistant
