[0.093s] DEBUG:colcon:Command line arguments: ['/usr/bin/colcon', 'build', '--mixin', 'debug']
[0.093s] DEBUG:colcon:Parsed command line arguments: Namespace(log_base=None, log_level=None, verb_name='build', build_base='build', install_base='install', merge_install=False, symlink_install=False, test_result_base=None, continue_on_error=False, executor='parallel', parallel_workers=16, event_handlers=None, ignore_user_meta=False, metas=['./colcon.meta'], base_paths=['.'], packages_ignore=None, packages_ignore_regex=None, paths=None, packages_up_to=None, packages_up_to_regex=None, packages_above=None, packages_above_and_dependencies=None, packages_above_depth=None, packages_select_by_dep=None, packages_skip_by_dep=None, packages_skip_up_to=None, packages_select_build_failed=False, packages_skip_build_finished=False, packages_select_test_failures=False, packages_skip_test_passed=False, packages_select=None, packages_skip=None, packages_select_regex=None, packages_skip_regex=None, packages_start=None, packages_end=None, allow_overriding=[], cmake_args=['-DCMAKE_BUILD_TYPE=Debug'], cmake_target=None, cmake_target_skip_unavailable=False, cmake_clean_cache=False, cmake_clean_first=False, cmake_force_configure=False, ament_cmake_args=None, catkin_cmake_args=None, catkin_skip_building_tests=False, mixin_files=None, mixin=['debug'], verb_parser=<colcon_mixin.mixin.mixin_argument.MixinArgumentDecorator object at 0x7c4c8fc376a0>, verb_extension=<colcon_core.verb.build.BuildVerb object at 0x7c4c8fde4730>, main=<bound method BuildVerb.main of <colcon_core.verb.build.BuildVerb object at 0x7c4c8fde4730>>, mixin_verb=('build',))
[0.239s] Level 1:colcon.colcon_core.package_discovery:discover_packages(colcon_meta) check parameters
[0.239s] Level 1:colcon.colcon_core.package_discovery:discover_packages(recursive) check parameters
[0.239s] Level 1:colcon.colcon_core.package_discovery:discover_packages(ignore) check parameters
[0.239s] Level 1:colcon.colcon_core.package_discovery:discover_packages(path) check parameters
[0.239s] Level 1:colcon.colcon_core.package_discovery:discover_packages(colcon_meta) discover
[0.239s] Level 1:colcon.colcon_core.package_discovery:discover_packages(recursive) discover
[0.239s] INFO:colcon.colcon_core.package_discovery:Crawling recursively for packages in '/home/janperenic/moveit2'
[0.240s] Level 1:colcon.colcon_core.package_identification:_identify(.) by extensions ['ignore', 'ignore_ament_install']
[0.240s] Level 1:colcon.colcon_core.package_identification:_identify(.) by extension 'ignore'
[0.240s] Level 1:colcon.colcon_core.package_identification:_identify(.) by extension 'ignore_ament_install'
[0.240s] Level 1:colcon.colcon_core.package_identification:_identify(.) by extensions ['colcon_pkg']
[0.240s] Level 1:colcon.colcon_core.package_identification:_identify(.) by extension 'colcon_pkg'
[0.240s] Level 1:colcon.colcon_core.package_identification:_identify(.) by extensions ['colcon_meta']
[0.240s] Level 1:colcon.colcon_core.package_identification:_identify(.) by extension 'colcon_meta'
[0.240s] Level 1:colcon.colcon_core.package_identification:_identify(.) by extensions ['ros']
[0.240s] Level 1:colcon.colcon_core.package_identification:_identify(.) by extension 'ros'
[0.249s] Level 1:colcon.colcon_core.package_identification:_identify(.) by extensions ['cmake', 'python']
[0.249s] Level 1:colcon.colcon_core.package_identification:_identify(.) by extension 'cmake'
[0.249s] Level 1:colcon.colcon_core.package_identification:_identify(.) by extension 'python'
[0.249s] Level 1:colcon.colcon_core.package_identification:_identify(.) by extensions ['python_setup_py']
[0.249s] Level 1:colcon.colcon_core.package_identification:_identify(.) by extension 'python_setup_py'
[0.249s] Level 1:colcon.colcon_core.package_identification:_identify(build) by extensions ['ignore', 'ignore_ament_install']
[0.249s] Level 1:colcon.colcon_core.package_identification:_identify(build) by extension 'ignore'
[0.249s] Level 1:colcon.colcon_core.package_identification:_identify(build) ignored
[0.249s] Level 1:colcon.colcon_core.package_identification:_identify(install) by extensions ['ignore', 'ignore_ament_install']
[0.249s] Level 1:colcon.colcon_core.package_identification:_identify(install) by extension 'ignore'
[0.249s] Level 1:colcon.colcon_core.package_identification:_identify(install) ignored
[0.249s] Level 1:colcon.colcon_core.package_identification:_identify(log) by extensions ['ignore', 'ignore_ament_install']
[0.249s] Level 1:colcon.colcon_core.package_identification:_identify(log) by extension 'ignore'
[0.249s] Level 1:colcon.colcon_core.package_identification:_identify(log) ignored
[0.250s] Level 1:colcon.colcon_core.package_identification:_identify(src) by extensions ['ignore', 'ignore_ament_install']
[0.250s] Level 1:colcon.colcon_core.package_identification:_identify(src) by extension 'ignore'
[0.250s] Level 1:colcon.colcon_core.package_identification:_identify(src) by extension 'ignore_ament_install'
[0.250s] Level 1:colcon.colcon_core.package_identification:_identify(src) by extensions ['colcon_pkg']
[0.250s] Level 1:colcon.colcon_core.package_identification:_identify(src) by extension 'colcon_pkg'
[0.250s] Level 1:colcon.colcon_core.package_identification:_identify(src) by extensions ['colcon_meta']
[0.250s] Level 1:colcon.colcon_core.package_identification:_identify(src) by extension 'colcon_meta'
[0.250s] Level 1:colcon.colcon_core.package_identification:_identify(src) by extensions ['ros']
[0.250s] Level 1:colcon.colcon_core.package_identification:_identify(src) by extension 'ros'
[0.250s] Level 1:colcon.colcon_core.package_identification:_identify(src) by extensions ['cmake', 'python']
[0.250s] Level 1:colcon.colcon_core.package_identification:_identify(src) by extension 'cmake'
[0.250s] Level 1:colcon.colcon_core.package_identification:_identify(src) by extension 'python'
[0.250s] Level 1:colcon.colcon_core.package_identification:_identify(src) by extensions ['python_setup_py']
[0.250s] Level 1:colcon.colcon_core.package_identification:_identify(src) by extension 'python_setup_py'
[0.250s] Level 1:colcon.colcon_core.package_identification:_identify(src/hc10dt_moveit_config) by extensions ['ignore', 'ignore_ament_install']
[0.250s] Level 1:colcon.colcon_core.package_identification:_identify(src/hc10dt_moveit_config) by extension 'ignore'
[0.250s] Level 1:colcon.colcon_core.package_identification:_identify(src/hc10dt_moveit_config) by extension 'ignore_ament_install'
[0.250s] Level 1:colcon.colcon_core.package_identification:_identify(src/hc10dt_moveit_config) by extensions ['colcon_pkg']
[0.250s] Level 1:colcon.colcon_core.package_identification:_identify(src/hc10dt_moveit_config) by extension 'colcon_pkg'
[0.250s] Level 1:colcon.colcon_core.package_identification:_identify(src/hc10dt_moveit_config) by extensions ['colcon_meta']
[0.250s] Level 1:colcon.colcon_core.package_identification:_identify(src/hc10dt_moveit_config) by extension 'colcon_meta'
[0.250s] Level 1:colcon.colcon_core.package_identification:_identify(src/hc10dt_moveit_config) by extensions ['ros']
[0.250s] Level 1:colcon.colcon_core.package_identification:_identify(src/hc10dt_moveit_config) by extension 'ros'
[0.261s] DEBUG:colcon.colcon_core.package_identification:Package 'src/hc10dt_moveit_config' with type 'ros.ament_cmake' and name 'hc10dt_moveit_config'
[0.261s] Level 1:colcon.colcon_core.package_identification:_identify(src/hello_moveit) by extensions ['ignore', 'ignore_ament_install']
[0.261s] Level 1:colcon.colcon_core.package_identification:_identify(src/hello_moveit) by extension 'ignore'
[0.261s] Level 1:colcon.colcon_core.package_identification:_identify(src/hello_moveit) by extension 'ignore_ament_install'
[0.261s] Level 1:colcon.colcon_core.package_identification:_identify(src/hello_moveit) by extensions ['colcon_pkg']
[0.261s] Level 1:colcon.colcon_core.package_identification:_identify(src/hello_moveit) by extension 'colcon_pkg'
[0.261s] Level 1:colcon.colcon_core.package_identification:_identify(src/hello_moveit) by extensions ['colcon_meta']
[0.261s] Level 1:colcon.colcon_core.package_identification:_identify(src/hello_moveit) by extension 'colcon_meta'
[0.261s] Level 1:colcon.colcon_core.package_identification:_identify(src/hello_moveit) by extensions ['ros']
[0.261s] Level 1:colcon.colcon_core.package_identification:_identify(src/hello_moveit) by extension 'ros'
[0.262s] DEBUG:colcon.colcon_core.package_identification:Package 'src/hello_moveit' with type 'ros.ament_cmake' and name 'hello_moveit'
[0.262s] Level 1:colcon.colcon_core.package_identification:_identify(src/motion_planning_python_api) by extensions ['ignore', 'ignore_ament_install']
[0.262s] Level 1:colcon.colcon_core.package_identification:_identify(src/motion_planning_python_api) by extension 'ignore'
[0.262s] Level 1:colcon.colcon_core.package_identification:_identify(src/motion_planning_python_api) by extension 'ignore_ament_install'
[0.262s] Level 1:colcon.colcon_core.package_identification:_identify(src/motion_planning_python_api) by extensions ['colcon_pkg']
[0.262s] Level 1:colcon.colcon_core.package_identification:_identify(src/motion_planning_python_api) by extension 'colcon_pkg'
[0.262s] Level 1:colcon.colcon_core.package_identification:_identify(src/motion_planning_python_api) by extensions ['colcon_meta']
[0.262s] Level 1:colcon.colcon_core.package_identification:_identify(src/motion_planning_python_api) by extension 'colcon_meta'
[0.262s] Level 1:colcon.colcon_core.package_identification:_identify(src/motion_planning_python_api) by extensions ['ros']
[0.262s] Level 1:colcon.colcon_core.package_identification:_identify(src/motion_planning_python_api) by extension 'ros'
[0.262s] DEBUG:colcon.colcon_core.package_identification:Package 'src/motion_planning_python_api' with type 'ros.ament_cmake' and name 'motion_planning_python_api'
[0.262s] Level 1:colcon.colcon_core.package_discovery:discover_packages(recursive) using defaults
[0.262s] Level 1:colcon.colcon_core.package_discovery:discover_packages(ignore) discover
[0.263s] Level 1:colcon.colcon_core.package_discovery:discover_packages(ignore) using defaults
[0.263s] Level 1:colcon.colcon_core.package_discovery:discover_packages(path) discover
[0.263s] Level 1:colcon.colcon_core.package_discovery:discover_packages(path) using defaults
[0.277s] Level 1:colcon.colcon_core.package_discovery:discover_packages(prefix_path) check parameters
[0.277s] Level 1:colcon.colcon_core.package_discovery:discover_packages(prefix_path) discover
[0.279s] DEBUG:colcon.colcon_installed_package_information.package_discovery:Found 3 installed packages in /home/janperenic/moveit2/install
[0.280s] DEBUG:colcon.colcon_installed_package_information.package_discovery:Found 392 installed packages in /opt/ros/humble
[0.282s] Level 1:colcon.colcon_core.package_discovery:discover_packages(prefix_path) using defaults
[0.319s] Level 5:colcon.colcon_core.verb:set package 'hc10dt_moveit_config' build argument 'cmake_args' from command line to '['-DCMAKE_BUILD_TYPE=Debug']'
[0.319s] Level 5:colcon.colcon_core.verb:set package 'hc10dt_moveit_config' build argument 'cmake_target' from command line to 'None'
[0.319s] Level 5:colcon.colcon_core.verb:set package 'hc10dt_moveit_config' build argument 'cmake_target_skip_unavailable' from command line to 'False'
[0.320s] Level 5:colcon.colcon_core.verb:set package 'hc10dt_moveit_config' build argument 'cmake_clean_cache' from command line to 'False'
[0.320s] Level 5:colcon.colcon_core.verb:set package 'hc10dt_moveit_config' build argument 'cmake_clean_first' from command line to 'False'
[0.320s] Level 5:colcon.colcon_core.verb:set package 'hc10dt_moveit_config' build argument 'cmake_force_configure' from command line to 'False'
[0.320s] Level 5:colcon.colcon_core.verb:set package 'hc10dt_moveit_config' build argument 'ament_cmake_args' from command line to 'None'
[0.320s] Level 5:colcon.colcon_core.verb:set package 'hc10dt_moveit_config' build argument 'catkin_cmake_args' from command line to 'None'
[0.320s] Level 5:colcon.colcon_core.verb:set package 'hc10dt_moveit_config' build argument 'catkin_skip_building_tests' from command line to 'False'
[0.320s] DEBUG:colcon.colcon_core.verb:Building package 'hc10dt_moveit_config' with the following arguments: {'ament_cmake_args': None, 'build_base': '/home/janperenic/moveit2/build/hc10dt_moveit_config', 'catkin_cmake_args': None, 'catkin_skip_building_tests': False, 'cmake_args': ['-DCMAKE_BUILD_TYPE=Debug'], 'cmake_clean_cache': False, 'cmake_clean_first': False, 'cmake_force_configure': False, 'cmake_target': None, 'cmake_target_skip_unavailable': False, 'install_base': '/home/janperenic/moveit2/install/hc10dt_moveit_config', 'merge_install': False, 'path': '/home/janperenic/moveit2/src/hc10dt_moveit_config', 'symlink_install': False, 'test_result_base': None}
[0.320s] Level 5:colcon.colcon_core.verb:set package 'hello_moveit' build argument 'cmake_args' from command line to '['-DCMAKE_BUILD_TYPE=Debug']'
[0.320s] Level 5:colcon.colcon_core.verb:set package 'hello_moveit' build argument 'cmake_target' from command line to 'None'
[0.320s] Level 5:colcon.colcon_core.verb:set package 'hello_moveit' build argument 'cmake_target_skip_unavailable' from command line to 'False'
[0.320s] Level 5:colcon.colcon_core.verb:set package 'hello_moveit' build argument 'cmake_clean_cache' from command line to 'False'
[0.320s] Level 5:colcon.colcon_core.verb:set package 'hello_moveit' build argument 'cmake_clean_first' from command line to 'False'
[0.320s] Level 5:colcon.colcon_core.verb:set package 'hello_moveit' build argument 'cmake_force_configure' from command line to 'False'
[0.320s] Level 5:colcon.colcon_core.verb:set package 'hello_moveit' build argument 'ament_cmake_args' from command line to 'None'
[0.320s] Level 5:colcon.colcon_core.verb:set package 'hello_moveit' build argument 'catkin_cmake_args' from command line to 'None'
[0.320s] Level 5:colcon.colcon_core.verb:set package 'hello_moveit' build argument 'catkin_skip_building_tests' from command line to 'False'
[0.320s] DEBUG:colcon.colcon_core.verb:Building package 'hello_moveit' with the following arguments: {'ament_cmake_args': None, 'build_base': '/home/janperenic/moveit2/build/hello_moveit', 'catkin_cmake_args': None, 'catkin_skip_building_tests': False, 'cmake_args': ['-DCMAKE_BUILD_TYPE=Debug'], 'cmake_clean_cache': False, 'cmake_clean_first': False, 'cmake_force_configure': False, 'cmake_target': None, 'cmake_target_skip_unavailable': False, 'install_base': '/home/janperenic/moveit2/install/hello_moveit', 'merge_install': False, 'path': '/home/janperenic/moveit2/src/hello_moveit', 'symlink_install': False, 'test_result_base': None}
[0.320s] Level 5:colcon.colcon_core.verb:set package 'motion_planning_python_api' build argument 'cmake_args' from command line to '['-DCMAKE_BUILD_TYPE=Debug']'
[0.320s] Level 5:colcon.colcon_core.verb:set package 'motion_planning_python_api' build argument 'cmake_target' from command line to 'None'
[0.320s] Level 5:colcon.colcon_core.verb:set package 'motion_planning_python_api' build argument 'cmake_target_skip_unavailable' from command line to 'False'
[0.320s] Level 5:colcon.colcon_core.verb:set package 'motion_planning_python_api' build argument 'cmake_clean_cache' from command line to 'False'
[0.320s] Level 5:colcon.colcon_core.verb:set package 'motion_planning_python_api' build argument 'cmake_clean_first' from command line to 'False'
[0.320s] Level 5:colcon.colcon_core.verb:set package 'motion_planning_python_api' build argument 'cmake_force_configure' from command line to 'False'
[0.320s] Level 5:colcon.colcon_core.verb:set package 'motion_planning_python_api' build argument 'ament_cmake_args' from command line to 'None'
[0.321s] Level 5:colcon.colcon_core.verb:set package 'motion_planning_python_api' build argument 'catkin_cmake_args' from command line to 'None'
[0.321s] Level 5:colcon.colcon_core.verb:set package 'motion_planning_python_api' build argument 'catkin_skip_building_tests' from command line to 'False'
[0.321s] DEBUG:colcon.colcon_core.verb:Building package 'motion_planning_python_api' with the following arguments: {'ament_cmake_args': None, 'build_base': '/home/janperenic/moveit2/build/motion_planning_python_api', 'catkin_cmake_args': None, 'catkin_skip_building_tests': False, 'cmake_args': ['-DCMAKE_BUILD_TYPE=Debug'], 'cmake_clean_cache': False, 'cmake_clean_first': False, 'cmake_force_configure': False, 'cmake_target': None, 'cmake_target_skip_unavailable': False, 'install_base': '/home/janperenic/moveit2/install/motion_planning_python_api', 'merge_install': False, 'path': '/home/janperenic/moveit2/src/motion_planning_python_api', 'symlink_install': False, 'test_result_base': None}
[0.321s] INFO:colcon.colcon_core.executor:Executing jobs using 'parallel' executor
[0.321s] DEBUG:colcon.colcon_parallel_executor.executor.parallel:run_until_complete
[0.322s] INFO:colcon.colcon_ros.task.ament_cmake.build:Building ROS package in '/home/janperenic/moveit2/src/hc10dt_moveit_config' with build type 'ament_cmake'
[0.322s] INFO:colcon.colcon_cmake.task.cmake.build:Building CMake package in '/home/janperenic/moveit2/src/hc10dt_moveit_config'
[0.323s] INFO:colcon.colcon_core.plugin_system:Skipping extension 'colcon_core.shell.bat': Not used on non-Windows systems
[0.323s] INFO:colcon.colcon_core.shell:Skip shell extension 'powershell' for command environment: Not usable outside of PowerShell
[0.323s] DEBUG:colcon.colcon_core.shell:Skip shell extension 'dsv' for command environment
[0.327s] INFO:colcon.colcon_ros.task.ament_cmake.build:Building ROS package in '/home/janperenic/moveit2/src/hello_moveit' with build type 'ament_cmake'
[0.327s] INFO:colcon.colcon_cmake.task.cmake.build:Building CMake package in '/home/janperenic/moveit2/src/hello_moveit'
[0.327s] INFO:colcon.colcon_core.shell:Skip shell extension 'powershell' for command environment: Not usable outside of PowerShell
[0.327s] DEBUG:colcon.colcon_core.shell:Skip shell extension 'dsv' for command environment
[0.330s] INFO:colcon.colcon_ros.task.ament_cmake.build:Building ROS package in '/home/janperenic/moveit2/src/motion_planning_python_api' with build type 'ament_cmake'
[0.330s] INFO:colcon.colcon_cmake.task.cmake.build:Building CMake package in '/home/janperenic/moveit2/src/motion_planning_python_api'
[0.330s] INFO:colcon.colcon_core.shell:Skip shell extension 'powershell' for command environment: Not usable outside of PowerShell
[0.330s] DEBUG:colcon.colcon_core.shell:Skip shell extension 'dsv' for command environment
[0.337s] DEBUG:colcon.colcon_core.event_handler.log_command:Invoking command in '/home/janperenic/moveit2/build/hc10dt_moveit_config': CMAKE_PREFIX_PATH=${CMAKE_PREFIX_PATH}:/opt/ros/humble /usr/bin/cmake --build /home/janperenic/moveit2/build/hc10dt_moveit_config -- -j16 -l16
[0.339s] DEBUG:colcon.colcon_core.event_handler.log_command:Invoking command in '/home/janperenic/moveit2/build/hello_moveit': CMAKE_PREFIX_PATH=${CMAKE_PREFIX_PATH}:/opt/ros/humble /usr/bin/cmake /home/janperenic/moveit2/src/hello_moveit -DCMAKE_BUILD_TYPE=Debug -DCMAKE_INSTALL_PREFIX=/home/janperenic/moveit2/install/hello_moveit
[0.341s] DEBUG:colcon.colcon_core.event_handler.log_command:Invoking command in '/home/janperenic/moveit2/build/motion_planning_python_api': CMAKE_PREFIX_PATH=${CMAKE_PREFIX_PATH}:/opt/ros/humble /usr/bin/cmake --build /home/janperenic/moveit2/build/motion_planning_python_api -- -j16 -l16
[0.369s] DEBUG:colcon.colcon_core.event_handler.log_command:Invoked command in '/home/janperenic/moveit2/build/hc10dt_moveit_config' returned '0': CMAKE_PREFIX_PATH=${CMAKE_PREFIX_PATH}:/opt/ros/humble /usr/bin/cmake --build /home/janperenic/moveit2/build/hc10dt_moveit_config -- -j16 -l16
[0.374s] DEBUG:colcon.colcon_core.event_handler.log_command:Invoked command in '/home/janperenic/moveit2/build/motion_planning_python_api' returned '0': CMAKE_PREFIX_PATH=${CMAKE_PREFIX_PATH}:/opt/ros/humble /usr/bin/cmake --build /home/janperenic/moveit2/build/motion_planning_python_api -- -j16 -l16
[0.397s] DEBUG:colcon.colcon_core.event_handler.log_command:Invoking command in '/home/janperenic/moveit2/build/hc10dt_moveit_config': CMAKE_PREFIX_PATH=${CMAKE_PREFIX_PATH}:/opt/ros/humble /usr/bin/cmake --install /home/janperenic/moveit2/build/hc10dt_moveit_config
[0.398s] DEBUG:colcon.colcon_core.event_handler.log_command:Invoking command in '/home/janperenic/moveit2/build/motion_planning_python_api': CMAKE_PREFIX_PATH=${CMAKE_PREFIX_PATH}:/opt/ros/humble /usr/bin/cmake --install /home/janperenic/moveit2/build/motion_planning_python_api
[0.417s] Level 1:colcon.colcon_core.environment:create_environment_scripts_only(motion_planning_python_api)
[0.417s] DEBUG:colcon.colcon_core.event_handler.log_command:Invoked command in '/home/janperenic/moveit2/build/motion_planning_python_api' returned '0': CMAKE_PREFIX_PATH=${CMAKE_PREFIX_PATH}:/opt/ros/humble /usr/bin/cmake --install /home/janperenic/moveit2/build/motion_planning_python_api
[0.420s] Level 1:colcon.colcon_core.environment:checking '/home/janperenic/moveit2/install/motion_planning_python_api' for CMake module files
[0.420s] Level 1:colcon.colcon_core.environment:checking '/home/janperenic/moveit2/install/motion_planning_python_api' for CMake config files
[0.420s] Level 1:colcon.colcon_core.shell:create_environment_hook('motion_planning_python_api', 'cmake_prefix_path')
[0.420s] INFO:colcon.colcon_core.shell:Creating environment hook '/home/janperenic/moveit2/install/motion_planning_python_api/share/motion_planning_python_api/hook/cmake_prefix_path.ps1'
[0.421s] INFO:colcon.colcon_core.shell:Creating environment descriptor '/home/janperenic/moveit2/install/motion_planning_python_api/share/motion_planning_python_api/hook/cmake_prefix_path.dsv'
[0.421s] INFO:colcon.colcon_core.shell:Creating environment hook '/home/janperenic/moveit2/install/motion_planning_python_api/share/motion_planning_python_api/hook/cmake_prefix_path.sh'
[0.422s] Level 1:colcon.colcon_core.environment:checking '/home/janperenic/moveit2/install/motion_planning_python_api/lib'
[0.422s] Level 1:colcon.colcon_core.environment:checking '/home/janperenic/moveit2/install/motion_planning_python_api/bin'
[0.422s] Level 1:colcon.colcon_core.environment:checking '/home/janperenic/moveit2/install/motion_planning_python_api/lib/pkgconfig/motion_planning_python_api.pc'
[0.422s] Level 1:colcon.colcon_core.environment:checking '/home/janperenic/moveit2/install/motion_planning_python_api/lib/python3.10/site-packages'
[0.423s] Level 1:colcon.colcon_core.environment:checking '/home/janperenic/moveit2/install/motion_planning_python_api/bin'
[0.423s] INFO:colcon.colcon_core.shell:Creating package script '/home/janperenic/moveit2/install/motion_planning_python_api/share/motion_planning_python_api/package.ps1'
[0.423s] INFO:colcon.colcon_core.shell:Creating package descriptor '/home/janperenic/moveit2/install/motion_planning_python_api/share/motion_planning_python_api/package.dsv'
[0.424s] INFO:colcon.colcon_core.shell:Creating package script '/home/janperenic/moveit2/install/motion_planning_python_api/share/motion_planning_python_api/package.sh'
[0.424s] INFO:colcon.colcon_core.shell:Creating package script '/home/janperenic/moveit2/install/motion_planning_python_api/share/motion_planning_python_api/package.bash'
[0.425s] INFO:colcon.colcon_core.shell:Creating package script '/home/janperenic/moveit2/install/motion_planning_python_api/share/motion_planning_python_api/package.zsh'
[0.425s] Level 1:colcon.colcon_core.environment:create_file_with_runtime_dependencies(/home/janperenic/moveit2/install/motion_planning_python_api/share/colcon-core/packages/motion_planning_python_api)
[0.427s] Level 1:colcon.colcon_core.environment:create_environment_scripts_only(hc10dt_moveit_config)
[0.427s] Level 1:colcon.colcon_core.environment:checking '/home/janperenic/moveit2/install/hc10dt_moveit_config' for CMake module files
[0.427s] DEBUG:colcon.colcon_core.event_handler.log_command:Invoked command in '/home/janperenic/moveit2/build/hc10dt_moveit_config' returned '0': CMAKE_PREFIX_PATH=${CMAKE_PREFIX_PATH}:/opt/ros/humble /usr/bin/cmake --install /home/janperenic/moveit2/build/hc10dt_moveit_config
[0.428s] Level 1:colcon.colcon_core.environment:checking '/home/janperenic/moveit2/install/hc10dt_moveit_config' for CMake config files
[0.428s] Level 1:colcon.colcon_core.shell:create_environment_hook('hc10dt_moveit_config', 'cmake_prefix_path')
[0.428s] INFO:colcon.colcon_core.shell:Creating environment hook '/home/janperenic/moveit2/install/hc10dt_moveit_config/share/hc10dt_moveit_config/hook/cmake_prefix_path.ps1'
[0.429s] INFO:colcon.colcon_core.shell:Creating environment descriptor '/home/janperenic/moveit2/install/hc10dt_moveit_config/share/hc10dt_moveit_config/hook/cmake_prefix_path.dsv'
[0.429s] INFO:colcon.colcon_core.shell:Creating environment hook '/home/janperenic/moveit2/install/hc10dt_moveit_config/share/hc10dt_moveit_config/hook/cmake_prefix_path.sh'
[0.429s] Level 1:colcon.colcon_core.environment:checking '/home/janperenic/moveit2/install/hc10dt_moveit_config/bin'
[0.429s] Level 1:colcon.colcon_core.environment:checking '/home/janperenic/moveit2/install/hc10dt_moveit_config/lib/pkgconfig/hc10dt_moveit_config.pc'
[0.429s] Level 1:colcon.colcon_core.environment:checking '/home/janperenic/moveit2/install/hc10dt_moveit_config/lib/python3.10/site-packages'
[0.430s] Level 1:colcon.colcon_core.environment:checking '/home/janperenic/moveit2/install/hc10dt_moveit_config/bin'
[0.430s] INFO:colcon.colcon_core.shell:Creating package script '/home/janperenic/moveit2/install/hc10dt_moveit_config/share/hc10dt_moveit_config/package.ps1'
[0.430s] INFO:colcon.colcon_core.shell:Creating package descriptor '/home/janperenic/moveit2/install/hc10dt_moveit_config/share/hc10dt_moveit_config/package.dsv'
[0.430s] INFO:colcon.colcon_core.shell:Creating package script '/home/janperenic/moveit2/install/hc10dt_moveit_config/share/hc10dt_moveit_config/package.sh'
[0.431s] INFO:colcon.colcon_core.shell:Creating package script '/home/janperenic/moveit2/install/hc10dt_moveit_config/share/hc10dt_moveit_config/package.bash'
[0.431s] INFO:colcon.colcon_core.shell:Creating package script '/home/janperenic/moveit2/install/hc10dt_moveit_config/share/hc10dt_moveit_config/package.zsh'
[0.431s] Level 1:colcon.colcon_core.environment:create_file_with_runtime_dependencies(/home/janperenic/moveit2/install/hc10dt_moveit_config/share/colcon-core/packages/hc10dt_moveit_config)
[0.446s] Level 1:colcon.colcon_core.environment:create_environment_scripts_only(motion_planning_python_api)
[0.446s] Level 1:colcon.colcon_core.environment:checking '/home/janperenic/moveit2/install/motion_planning_python_api' for CMake module files
[0.447s] Level 1:colcon.colcon_core.environment:checking '/home/janperenic/moveit2/install/motion_planning_python_api' for CMake config files
[0.447s] Level 1:colcon.colcon_core.shell:create_environment_hook('motion_planning_python_api', 'cmake_prefix_path')
[0.447s] INFO:colcon.colcon_core.shell:Creating environment hook '/home/janperenic/moveit2/install/motion_planning_python_api/share/motion_planning_python_api/hook/cmake_prefix_path.ps1'
[0.448s] INFO:colcon.colcon_core.shell:Creating environment descriptor '/home/janperenic/moveit2/install/motion_planning_python_api/share/motion_planning_python_api/hook/cmake_prefix_path.dsv'
[0.448s] INFO:colcon.colcon_core.shell:Creating environment hook '/home/janperenic/moveit2/install/motion_planning_python_api/share/motion_planning_python_api/hook/cmake_prefix_path.sh'
[0.448s] Level 1:colcon.colcon_core.environment:checking '/home/janperenic/moveit2/install/motion_planning_python_api/lib'
[0.448s] Level 1:colcon.colcon_core.environment:checking '/home/janperenic/moveit2/install/motion_planning_python_api/bin'
[0.448s] Level 1:colcon.colcon_core.environment:checking '/home/janperenic/moveit2/install/motion_planning_python_api/lib/pkgconfig/motion_planning_python_api.pc'
[0.449s] Level 1:colcon.colcon_core.environment:checking '/home/janperenic/moveit2/install/motion_planning_python_api/lib/python3.10/site-packages'
[0.449s] Level 1:colcon.colcon_core.environment:checking '/home/janperenic/moveit2/install/motion_planning_python_api/bin'
[0.449s] INFO:colcon.colcon_core.shell:Creating package script '/home/janperenic/moveit2/install/motion_planning_python_api/share/motion_planning_python_api/package.ps1'
[0.449s] INFO:colcon.colcon_core.shell:Creating package descriptor '/home/janperenic/moveit2/install/motion_planning_python_api/share/motion_planning_python_api/package.dsv'
[0.450s] INFO:colcon.colcon_core.shell:Creating package script '/home/janperenic/moveit2/install/motion_planning_python_api/share/motion_planning_python_api/package.sh'
[0.450s] INFO:colcon.colcon_core.shell:Creating package script '/home/janperenic/moveit2/install/motion_planning_python_api/share/motion_planning_python_api/package.bash'
[0.451s] INFO:colcon.colcon_core.shell:Creating package script '/home/janperenic/moveit2/install/motion_planning_python_api/share/motion_planning_python_api/package.zsh'
[0.451s] Level 1:colcon.colcon_core.environment:create_file_with_runtime_dependencies(/home/janperenic/moveit2/install/motion_planning_python_api/share/colcon-core/packages/motion_planning_python_api)
[0.452s] Level 1:colcon.colcon_core.environment:create_environment_scripts_only(hc10dt_moveit_config)
[0.452s] Level 1:colcon.colcon_core.environment:checking '/home/janperenic/moveit2/install/hc10dt_moveit_config' for CMake module files
[0.452s] Level 1:colcon.colcon_core.environment:checking '/home/janperenic/moveit2/install/hc10dt_moveit_config' for CMake config files
[0.453s] Level 1:colcon.colcon_core.shell:create_environment_hook('hc10dt_moveit_config', 'cmake_prefix_path')
[0.453s] INFO:colcon.colcon_core.shell:Creating environment hook '/home/janperenic/moveit2/install/hc10dt_moveit_config/share/hc10dt_moveit_config/hook/cmake_prefix_path.ps1'
[0.453s] INFO:colcon.colcon_core.shell:Creating environment descriptor '/home/janperenic/moveit2/install/hc10dt_moveit_config/share/hc10dt_moveit_config/hook/cmake_prefix_path.dsv'
[0.454s] INFO:colcon.colcon_core.shell:Creating environment hook '/home/janperenic/moveit2/install/hc10dt_moveit_config/share/hc10dt_moveit_config/hook/cmake_prefix_path.sh'
[0.454s] Level 1:colcon.colcon_core.environment:checking '/home/janperenic/moveit2/install/hc10dt_moveit_config/bin'
[0.454s] Level 1:colcon.colcon_core.environment:checking '/home/janperenic/moveit2/install/hc10dt_moveit_config/lib/pkgconfig/hc10dt_moveit_config.pc'
[0.454s] Level 1:colcon.colcon_core.environment:checking '/home/janperenic/moveit2/install/hc10dt_moveit_config/lib/python3.10/site-packages'
[0.454s] Level 1:colcon.colcon_core.environment:checking '/home/janperenic/moveit2/install/hc10dt_moveit_config/bin'
[0.455s] INFO:colcon.colcon_core.shell:Creating package script '/home/janperenic/moveit2/install/hc10dt_moveit_config/share/hc10dt_moveit_config/package.ps1'
[0.455s] INFO:colcon.colcon_core.shell:Creating package descriptor '/home/janperenic/moveit2/install/hc10dt_moveit_config/share/hc10dt_moveit_config/package.dsv'
[0.455s] INFO:colcon.colcon_core.shell:Creating package script '/home/janperenic/moveit2/install/hc10dt_moveit_config/share/hc10dt_moveit_config/package.sh'
[0.456s] INFO:colcon.colcon_core.shell:Creating package script '/home/janperenic/moveit2/install/hc10dt_moveit_config/share/hc10dt_moveit_config/package.bash'
[0.456s] INFO:colcon.colcon_core.shell:Creating package script '/home/janperenic/moveit2/install/hc10dt_moveit_config/share/hc10dt_moveit_config/package.zsh'
[0.456s] Level 1:colcon.colcon_core.environment:create_file_with_runtime_dependencies(/home/janperenic/moveit2/install/hc10dt_moveit_config/share/colcon-core/packages/hc10dt_moveit_config)
[1.278s] DEBUG:colcon.colcon_core.event_handler.log_command:Invoked command in '/home/janperenic/moveit2/build/hello_moveit' returned '0': CMAKE_PREFIX_PATH=${CMAKE_PREFIX_PATH}:/opt/ros/humble /usr/bin/cmake /home/janperenic/moveit2/src/hello_moveit -DCMAKE_BUILD_TYPE=Debug -DCMAKE_INSTALL_PREFIX=/home/janperenic/moveit2/install/hello_moveit
[1.280s] DEBUG:colcon.colcon_core.event_handler.log_command:Invoking command in '/home/janperenic/moveit2/build/hello_moveit': CMAKE_PREFIX_PATH=${CMAKE_PREFIX_PATH}:/opt/ros/humble /usr/bin/cmake --build /home/janperenic/moveit2/build/hello_moveit -- -j16 -l16
[11.582s] DEBUG:colcon.colcon_core.event_handler.log_command:Invoked command in '/home/janperenic/moveit2/build/hello_moveit' returned '0': CMAKE_PREFIX_PATH=${CMAKE_PREFIX_PATH}:/opt/ros/humble /usr/bin/cmake --build /home/janperenic/moveit2/build/hello_moveit -- -j16 -l16
[11.606s] DEBUG:colcon.colcon_core.event_handler.log_command:Invoking command in '/home/janperenic/moveit2/build/hello_moveit': CMAKE_PREFIX_PATH=${CMAKE_PREFIX_PATH}:/opt/ros/humble /usr/bin/cmake --install /home/janperenic/moveit2/build/hello_moveit
[11.623s] Level 1:colcon.colcon_core.environment:create_environment_scripts_only(hello_moveit)
[11.624s] Level 1:colcon.colcon_core.environment:checking '/home/janperenic/moveit2/install/hello_moveit' for CMake module files
[11.624s] DEBUG:colcon.colcon_core.event_handler.log_command:Invoked command in '/home/janperenic/moveit2/build/hello_moveit' returned '0': CMAKE_PREFIX_PATH=${CMAKE_PREFIX_PATH}:/opt/ros/humble /usr/bin/cmake --install /home/janperenic/moveit2/build/hello_moveit
[11.624s] Level 1:colcon.colcon_core.environment:checking '/home/janperenic/moveit2/install/hello_moveit' for CMake config files
[11.625s] Level 1:colcon.colcon_core.shell:create_environment_hook('hello_moveit', 'cmake_prefix_path')
[11.625s] INFO:colcon.colcon_core.shell:Creating environment hook '/home/janperenic/moveit2/install/hello_moveit/share/hello_moveit/hook/cmake_prefix_path.ps1'
[11.626s] INFO:colcon.colcon_core.shell:Creating environment descriptor '/home/janperenic/moveit2/install/hello_moveit/share/hello_moveit/hook/cmake_prefix_path.dsv'
[11.626s] INFO:colcon.colcon_core.shell:Creating environment hook '/home/janperenic/moveit2/install/hello_moveit/share/hello_moveit/hook/cmake_prefix_path.sh'
[11.626s] Level 1:colcon.colcon_core.environment:checking '/home/janperenic/moveit2/install/hello_moveit/lib'
[11.626s] Level 1:colcon.colcon_core.environment:checking '/home/janperenic/moveit2/install/hello_moveit/bin'
[11.626s] Level 1:colcon.colcon_core.environment:checking '/home/janperenic/moveit2/install/hello_moveit/lib/pkgconfig/hello_moveit.pc'
[11.626s] Level 1:colcon.colcon_core.environment:checking '/home/janperenic/moveit2/install/hello_moveit/lib/python3.10/site-packages'
[11.627s] Level 1:colcon.colcon_core.environment:checking '/home/janperenic/moveit2/install/hello_moveit/bin'
[11.627s] INFO:colcon.colcon_core.shell:Creating package script '/home/janperenic/moveit2/install/hello_moveit/share/hello_moveit/package.ps1'
[11.627s] INFO:colcon.colcon_core.shell:Creating package descriptor '/home/janperenic/moveit2/install/hello_moveit/share/hello_moveit/package.dsv'
[11.627s] INFO:colcon.colcon_core.shell:Creating package script '/home/janperenic/moveit2/install/hello_moveit/share/hello_moveit/package.sh'
[11.628s] INFO:colcon.colcon_core.shell:Creating package script '/home/janperenic/moveit2/install/hello_moveit/share/hello_moveit/package.bash'
[11.628s] INFO:colcon.colcon_core.shell:Creating package script '/home/janperenic/moveit2/install/hello_moveit/share/hello_moveit/package.zsh'
[11.628s] Level 1:colcon.colcon_core.environment:create_file_with_runtime_dependencies(/home/janperenic/moveit2/install/hello_moveit/share/colcon-core/packages/hello_moveit)
[11.652s] Level 1:colcon.colcon_core.environment:create_environment_scripts_only(hello_moveit)
[11.652s] Level 1:colcon.colcon_core.environment:checking '/home/janperenic/moveit2/install/hello_moveit' for CMake module files
[11.652s] Level 1:colcon.colcon_core.environment:checking '/home/janperenic/moveit2/install/hello_moveit' for CMake config files
[11.653s] Level 1:colcon.colcon_core.shell:create_environment_hook('hello_moveit', 'cmake_prefix_path')
[11.653s] INFO:colcon.colcon_core.shell:Creating environment hook '/home/janperenic/moveit2/install/hello_moveit/share/hello_moveit/hook/cmake_prefix_path.ps1'
[11.653s] INFO:colcon.colcon_core.shell:Creating environment descriptor '/home/janperenic/moveit2/install/hello_moveit/share/hello_moveit/hook/cmake_prefix_path.dsv'
[11.653s] INFO:colcon.colcon_core.shell:Creating environment hook '/home/janperenic/moveit2/install/hello_moveit/share/hello_moveit/hook/cmake_prefix_path.sh'
[11.654s] Level 1:colcon.colcon_core.environment:checking '/home/janperenic/moveit2/install/hello_moveit/lib'
[11.654s] Level 1:colcon.colcon_core.environment:checking '/home/janperenic/moveit2/install/hello_moveit/bin'
[11.654s] Level 1:colcon.colcon_core.environment:checking '/home/janperenic/moveit2/install/hello_moveit/lib/pkgconfig/hello_moveit.pc'
[11.654s] Level 1:colcon.colcon_core.environment:checking '/home/janperenic/moveit2/install/hello_moveit/lib/python3.10/site-packages'
[11.654s] Level 1:colcon.colcon_core.environment:checking '/home/janperenic/moveit2/install/hello_moveit/bin'
[11.654s] INFO:colcon.colcon_core.shell:Creating package script '/home/janperenic/moveit2/install/hello_moveit/share/hello_moveit/package.ps1'
[11.655s] INFO:colcon.colcon_core.shell:Creating package descriptor '/home/janperenic/moveit2/install/hello_moveit/share/hello_moveit/package.dsv'
[11.655s] INFO:colcon.colcon_core.shell:Creating package script '/home/janperenic/moveit2/install/hello_moveit/share/hello_moveit/package.sh'
[11.655s] INFO:colcon.colcon_core.shell:Creating package script '/home/janperenic/moveit2/install/hello_moveit/share/hello_moveit/package.bash'
[11.656s] INFO:colcon.colcon_core.shell:Creating package script '/home/janperenic/moveit2/install/hello_moveit/share/hello_moveit/package.zsh'
[11.656s] Level 1:colcon.colcon_core.environment:create_file_with_runtime_dependencies(/home/janperenic/moveit2/install/hello_moveit/share/colcon-core/packages/hello_moveit)
[11.656s] DEBUG:colcon.colcon_parallel_executor.executor.parallel:closing loop
[11.656s] DEBUG:colcon.colcon_parallel_executor.executor.parallel:loop closed
[11.656s] DEBUG:colcon.colcon_parallel_executor.executor.parallel:run_until_complete finished with '0'
[11.656s] DEBUG:colcon.colcon_core.event_reactor:joining thread
[11.660s] INFO:colcon.colcon_core.plugin_system:Skipping extension 'colcon_notification.desktop_notification.terminal_notifier': Not used on non-Darwin systems
[11.661s] INFO:colcon.colcon_core.plugin_system:Skipping extension 'colcon_notification.desktop_notification.win32': Not used on non-Windows systems
[11.661s] INFO:colcon.colcon_notification.desktop_notification:Sending desktop notification using 'notify2'
[11.670s] DEBUG:colcon.colcon_core.event_reactor:joined thread
[11.671s] INFO:colcon.colcon_core.shell:Creating prefix script '/home/janperenic/moveit2/install/local_setup.ps1'
[11.672s] INFO:colcon.colcon_core.shell:Creating prefix util module '/home/janperenic/moveit2/install/_local_setup_util_ps1.py'
[11.673s] INFO:colcon.colcon_core.shell:Creating prefix chain script '/home/janperenic/moveit2/install/setup.ps1'
[11.673s] INFO:colcon.colcon_core.shell:Creating prefix script '/home/janperenic/moveit2/install/local_setup.sh'
[11.674s] INFO:colcon.colcon_core.shell:Creating prefix util module '/home/janperenic/moveit2/install/_local_setup_util_sh.py'
[11.674s] INFO:colcon.colcon_core.shell:Creating prefix chain script '/home/janperenic/moveit2/install/setup.sh'
[11.675s] INFO:colcon.colcon_core.shell:Creating prefix script '/home/janperenic/moveit2/install/local_setup.bash'
[11.675s] INFO:colcon.colcon_core.shell:Creating prefix chain script '/home/janperenic/moveit2/install/setup.bash'
[11.676s] INFO:colcon.colcon_core.shell:Creating prefix script '/home/janperenic/moveit2/install/local_setup.zsh'
[11.677s] INFO:colcon.colcon_core.shell:Creating prefix chain script '/home/janperenic/moveit2/install/setup.zsh'
